<?xml version="1.0" encoding="utf-8"?><testsuites name="pytest tests"><testsuite name="pytest" errors="0" failures="0" skipped="0" tests="10" time="25.919" timestamp="2026-01-11T08:43:10.090804+00:00" hostname="agent-env-5faea24a-42a1-4b07-8149-9d2a0541c680"><testcase classname="tests.test_ai_support_chat.TestAISupportChat" name="test_ai_chat_requires_authentication" time="0.362" /><testcase classname="tests.test_ai_support_chat.TestAISupportChat" name="test_ai_chat_basic_message" time="2.075" /><testcase classname="tests.test_ai_support_chat.TestAISupportChat" name="test_ai_chat_with_message_history" time="5.625" /><testcase classname="tests.test_ai_support_chat.TestAISupportChat" name="test_ai_chat_with_device_context" time="6.049" /><testcase classname="tests.test_ai_support_chat.TestAISupportChat" name="test_ai_chat_escalation_detection" time="1.678" /><testcase classname="tests.test_ai_support_chat.TestAISupportChat" name="test_generate_summary_requires_authentication" time="0.297" /><testcase classname="tests.test_ai_support_chat.TestAISupportChat" name="test_generate_summary_basic" time="0.307" /><testcase classname="tests.test_ai_support_chat.TestAISupportChat" name="test_generate_summary_empty_messages" time="0.266" /><testcase classname="tests.test_ai_support_chat.TestAISupportChat" name="test_generate_summary_single_message" time="0.263" /><testcase classname="tests.test_ai_support_chat.TestAISupportIntegration" name="test_full_ai_to_ticket_flow" time="8.873" /></testsuite></testsuites>