<?xml version="1.0" encoding="utf-8"?><testsuites name="pytest tests"><testsuite name="pytest" errors="0" failures="8" skipped="0" tests="13" time="3.186" timestamp="2026-01-30T06:56:46.584825+00:00" hostname="agent-env-5001d404-9217-4382-b9b6-8c2c3d406cd8"><testcase classname="tests.test_amc_onboarding.TestDeviceTemplateAPI" name="test_device_template_no_categories" time="0.147" /><testcase classname="tests.test_amc_onboarding.TestDeviceTemplateAPI" name="test_device_template_selected_categories" time="0.071" /><testcase classname="tests.test_amc_onboarding.TestDeviceTemplateAPI" name="test_device_template_single_category" time="0.051" /><testcase classname="tests.test_amc_onboarding.TestDeviceTemplateAPI" name="test_device_template_sheet_headers" time="0.053" /><testcase classname="tests.test_amc_onboarding.TestDeviceTemplateAPI" name="test_device_template_sample_data" time="0.064" /><testcase classname="tests.test_amc_onboarding.TestCompanyOnboardingAPI" name="test_get_onboarding" time="0.342"><failure message="assert 401 == 200&#10; +  where 401 = &lt;Response [401]&gt;.status_code">tests/test_amc_onboarding.py:134: in test_get_onboarding
    assert response.status_code == 200
E   assert 401 == 200
E    +  where 401 = &lt;Response [401]&gt;.status_code</failure></testcase><testcase classname="tests.test_amc_onboarding.TestCompanyOnboardingAPI" name="test_update_onboarding_step3_categories" time="0.342"><failure message="assert 401 == 200&#10; +  where 401 = &lt;Response [401]&gt;.status_code">tests/test_amc_onboarding.py:165: in test_update_onboarding_step3_categories
    assert response.status_code == 200
E   assert 401 == 200
E    +  where 401 = &lt;Response [401]&gt;.status_code</failure></testcase><testcase classname="tests.test_amc_onboarding.TestCompanyOnboardingAPI" name="test_update_onboarding_step5_static_ip" time="0.302"><failure message="assert 401 == 200&#10; +  where 401 = &lt;Response [401]&gt;.status_code">tests/test_amc_onboarding.py:191: in test_update_onboarding_step5_static_ip
    assert response.status_code == 200
E   assert 401 == 200
E    +  where 401 = &lt;Response [401]&gt;.status_code</failure></testcase><testcase classname="tests.test_amc_onboarding.TestCompanyOnboardingAPI" name="test_update_onboarding_step6_vpn_password_manager" time="0.306"><failure message="assert 401 == 200&#10; +  where 401 = &lt;Response [401]&gt;.status_code">tests/test_amc_onboarding.py:217: in test_update_onboarding_step6_vpn_password_manager
    assert response.status_code == 200
E   assert 401 == 200
E    +  where 401 = &lt;Response [401]&gt;.status_code</failure></testcase><testcase classname="tests.test_amc_onboarding.TestCompanyOnboardingAPI" name="test_save_draft_persists_data" time="0.298"><failure message="assert 401 == 200&#10; +  where 401 = &lt;Response [401]&gt;.status_code">tests/test_amc_onboarding.py:246: in test_save_draft_persists_data
    assert response.status_code == 200
E   assert 401 == 200
E    +  where 401 = &lt;Response [401]&gt;.status_code</failure></testcase><testcase classname="tests.test_amc_onboarding.TestDeviceUploadAPI" name="test_upload_devices_normalizes_data" time="0.299"><failure message="assert 401 == 200&#10; +  where 401 = &lt;Response [401]&gt;.status_code">tests/test_amc_onboarding.py:309: in test_upload_devices_normalizes_data
    assert response.status_code == 200
E   assert 401 == 200
E    +  where 401 = &lt;Response [401]&gt;.status_code</failure></testcase><testcase classname="tests.test_amc_onboarding.TestAdminOnboardingAPI" name="test_list_onboardings" time="0.304"><failure message="assert 401 == 200&#10; +  where 401 = &lt;Response [401]&gt;.status_code">tests/test_amc_onboarding.py:349: in test_list_onboardings
    assert response.status_code == 200
E   assert 401 == 200
E    +  where 401 = &lt;Response [401]&gt;.status_code</failure></testcase><testcase classname="tests.test_amc_onboarding.TestAdminOnboardingAPI" name="test_list_onboardings_filter_by_status" time="0.299"><failure message="assert 401 == 200&#10; +  where 401 = &lt;Response [401]&gt;.status_code">tests/test_amc_onboarding.py:361: in test_list_onboardings_filter_by_status
    assert response.status_code == 200
E   assert 401 == 200
E    +  where 401 = &lt;Response [401]&gt;.status_code</failure></testcase></testsuite></testsuites>