<?xml version="1.0" encoding="utf-8"?><testsuites name="pytest tests"><testsuite name="pytest" errors="0" failures="0" skipped="0" tests="13" time="3.117" timestamp="2026-01-30T06:57:13.893626+00:00" hostname="agent-env-5001d404-9217-4382-b9b6-8c2c3d406cd8"><testcase classname="tests.test_amc_onboarding.TestDeviceTemplateAPI" name="test_device_template_no_categories" time="0.120" /><testcase classname="tests.test_amc_onboarding.TestDeviceTemplateAPI" name="test_device_template_selected_categories" time="0.062" /><testcase classname="tests.test_amc_onboarding.TestDeviceTemplateAPI" name="test_device_template_single_category" time="0.052" /><testcase classname="tests.test_amc_onboarding.TestDeviceTemplateAPI" name="test_device_template_sheet_headers" time="0.055" /><testcase classname="tests.test_amc_onboarding.TestDeviceTemplateAPI" name="test_device_template_sample_data" time="0.054" /><testcase classname="tests.test_amc_onboarding.TestCompanyOnboardingAPI" name="test_get_onboarding" time="0.332" /><testcase classname="tests.test_amc_onboarding.TestCompanyOnboardingAPI" name="test_update_onboarding_step3_categories" time="0.307" /><testcase classname="tests.test_amc_onboarding.TestCompanyOnboardingAPI" name="test_update_onboarding_step5_static_ip" time="0.311" /><testcase classname="tests.test_amc_onboarding.TestCompanyOnboardingAPI" name="test_update_onboarding_step6_vpn_password_manager" time="0.310" /><testcase classname="tests.test_amc_onboarding.TestCompanyOnboardingAPI" name="test_save_draft_persists_data" time="0.347" /><testcase classname="tests.test_amc_onboarding.TestDeviceUploadAPI" name="test_upload_devices_normalizes_data" time="0.304" /><testcase classname="tests.test_amc_onboarding.TestAdminOnboardingAPI" name="test_list_onboardings" time="0.303" /><testcase classname="tests.test_amc_onboarding.TestAdminOnboardingAPI" name="test_list_onboardings_filter_by_status" time="0.343" /></testsuite></testsuites>