<?xml version="1.0" encoding="utf-8"?><testsuites name="pytest tests"><testsuite name="pytest" errors="0" failures="0" skipped="0" tests="25" time="2.882" timestamp="2026-01-25T11:36:28.944408+00:00" hostname="agent-env-93478415-97cd-4aae-94bd-dcec3a1e2a4a"><testcase classname="tests.test_amc_requests.TestAMCPackagesAdmin" name="test_list_amc_packages" time="0.367" /><testcase classname="tests.test_amc_requests.TestAMCPackagesAdmin" name="test_create_amc_package" time="0.087" /><testcase classname="tests.test_amc_requests.TestAMCPackagesAdmin" name="test_update_amc_package" time="0.076" /><testcase classname="tests.test_amc_requests.TestAMCPackagesAdmin" name="test_delete_amc_package" time="0.116" /><testcase classname="tests.test_amc_requests.TestAMCPackagesCompany" name="test_list_available_packages" time="0.308" /><testcase classname="tests.test_amc_requests.TestCompanyPricing" name="test_set_company_pricing" time="0.346" /><testcase classname="tests.test_amc_requests.TestCompanyPricing" name="test_list_company_pricing" time="0.037" /><testcase classname="tests.test_amc_requests.TestAMCRequestsCompany" name="test_list_my_requests" time="0.046" /><testcase classname="tests.test_amc_requests.TestAMCRequestsCompany" name="test_create_amc_request" time="0.088" /><testcase classname="tests.test_amc_requests.TestAMCRequestsCompany" name="test_get_request_details" time="0.076" /><testcase classname="tests.test_amc_requests.TestAMCRequestsAdmin" name="test_list_all_requests" time="0.043" /><testcase classname="tests.test_amc_requests.TestAMCRequestsAdmin" name="test_filter_requests_by_status" time="0.038" /><testcase classname="tests.test_amc_requests.TestAMCRequestsAdmin" name="test_get_request_detail_admin" time="0.071" /><testcase classname="tests.test_amc_requests.TestAMCRequestsAdmin" name="test_update_request_pricing" time="0.077" /><testcase classname="tests.test_amc_requests.TestAMCRequestsAdmin" name="test_mark_under_review" time="0.118" /><testcase classname="tests.test_amc_requests.TestAMCRequestsAdmin" name="test_request_changes" time="0.118" /><testcase classname="tests.test_amc_requests.TestAMCRequestsAdmin" name="test_reject_request" time="0.116" /><testcase classname="tests.test_amc_requests.TestAMCApprovalWorkflow" name="test_approve_request_creates_contract" time="0.166" /><testcase classname="tests.test_amc_requests.TestNotifications" name="test_company_notifications" time="0.035" /><testcase classname="tests.test_amc_requests.TestNotifications" name="test_admin_notifications" time="0.040" /><testcase classname="tests.test_amc_requests.TestNotifications" name="test_mark_notification_read" time="0.070" /><testcase classname="tests.test_amc_requests.TestNotifications" name="test_mark_all_notifications_read" time="0.038" /><testcase classname="tests.test_amc_requests.TestEdgeCases" name="test_create_request_no_devices_fails" time="0.033" /><testcase classname="tests.test_amc_requests.TestEdgeCases" name="test_approve_already_approved_fails" time="0.108" /><testcase classname="tests.test_amc_requests.TestEdgeCases" name="test_cancel_request" time="0.116" /></testsuite></testsuites>