<?xml version="1.0" encoding="utf-8"?><testsuites name="pytest tests"><testsuite name="pytest" errors="0" failures="0" skipped="0" tests="16" time="2.518" timestamp="2026-03-04T12:31:02.844896+00:00" hostname="agent-env-c7d3948e-483f-4b25-8719-911c1cb6005a"><testcase classname="backend.tests.test_analytics_dashboard.TestAnalyticsDashboard" name="test_executive_summary_endpoint" time="0.632" /><testcase classname="backend.tests.test_analytics_dashboard.TestAnalyticsDashboard" name="test_tickets_analytics_endpoint" time="0.119" /><testcase classname="backend.tests.test_analytics_dashboard.TestAnalyticsDashboard" name="test_workforce_analytics_endpoint" time="0.102" /><testcase classname="backend.tests.test_analytics_dashboard.TestAnalyticsDashboard" name="test_financial_analytics_endpoint" time="0.118" /><testcase classname="backend.tests.test_analytics_dashboard.TestAnalyticsDashboard" name="test_clients_analytics_endpoint" time="0.112" /><testcase classname="backend.tests.test_analytics_dashboard.TestAnalyticsDashboard" name="test_assets_analytics_endpoint" time="0.139" /><testcase classname="backend.tests.test_analytics_dashboard.TestAnalyticsDashboard" name="test_sla_analytics_endpoint" time="0.123" /><testcase classname="backend.tests.test_analytics_dashboard.TestAnalyticsDashboard" name="test_workflows_analytics_endpoint" time="0.112" /><testcase classname="backend.tests.test_analytics_dashboard.TestAnalyticsDashboard" name="test_inventory_analytics_endpoint" time="0.115" /><testcase classname="backend.tests.test_analytics_dashboard.TestAnalyticsDashboard" name="test_contracts_analytics_endpoint" time="0.113" /><testcase classname="backend.tests.test_analytics_dashboard.TestAnalyticsDashboard" name="test_operational_analytics_endpoint" time="0.129" /><testcase classname="backend.tests.test_analytics_dashboard.TestAnalyticsDashboard" name="test_period_selector_7_days" time="0.121" /><testcase classname="backend.tests.test_analytics_dashboard.TestAnalyticsDashboard" name="test_period_selector_30_days" time="0.113" /><testcase classname="backend.tests.test_analytics_dashboard.TestAnalyticsDashboard" name="test_period_selector_90_days" time="0.129" /><testcase classname="backend.tests.test_analytics_dashboard.TestAnalyticsDashboard" name="test_period_selector_365_days" time="0.112" /><testcase classname="backend.tests.test_analytics_dashboard.TestAnalyticsDashboard" name="test_analytics_requires_auth" time="0.106" /></testsuite></testsuites>