<?xml version="1.0" encoding="utf-8"?><testsuites name="pytest tests"><testsuite name="pytest" errors="0" failures="1" skipped="0" tests="20" time="2.754" timestamp="2026-02-08T19:48:54.848938+00:00" hostname="agent-env-f02d11d3-c351-4c0b-9369-3bc5cc423f44"><testcase classname="backend.tests.test_bug_fixes_iteration_39.TestBug1EngineerAcceptDecline" name="test_accept_endpoint_exists" time="0.324" /><testcase classname="backend.tests.test_bug_fixes_iteration_39.TestBug1EngineerAcceptDecline" name="test_decline_endpoint_exists" time="0.043" /><testcase classname="backend.tests.test_bug_fixes_iteration_39.TestBug1EngineerAcceptDecline" name="test_decline_requires_reason" time="0.311" /><testcase classname="backend.tests.test_bug_fixes_iteration_39.TestBug1EngineerAcceptDecline" name="test_accept_ticket_wrong_status" time="0.041" /><testcase classname="backend.tests.test_bug_fixes_iteration_39.TestBug2MultipleVisitsPrevention" name="test_create_visit_endpoint_exists" time="0.306" /><testcase classname="backend.tests.test_bug_fixes_iteration_39.TestBug2MultipleVisitsPrevention" name="test_list_visits_endpoint" time="0.039" /><testcase classname="backend.tests.test_bug_fixes_iteration_39.TestBug2MultipleVisitsPrevention" name="test_get_todays_visits" time="0.042" /><testcase classname="backend.tests.test_bug_fixes_iteration_39.TestBug3WorkflowLock" name="test_start_timer_endpoint_exists" time="0.301" /><testcase classname="backend.tests.test_bug_fixes_iteration_39.TestBug3WorkflowLock" name="test_stop_timer_endpoint_exists" time="0.038" /><testcase classname="backend.tests.test_bug_fixes_iteration_39.TestBug3WorkflowLock" name="test_add_action_endpoint_exists" time="0.042" /><testcase classname="backend.tests.test_bug_fixes_iteration_39.TestBug4ServiceHistory" name="test_service_history_endpoint_exists" time="0.300" /><testcase classname="backend.tests.test_bug_fixes_iteration_39.TestBug4ServiceHistory" name="test_service_history_returns_list" time="0.038" /><testcase classname="backend.tests.test_bug_fixes_iteration_39.TestBug4ServiceHistory" name="test_service_history_with_invalid_device" time="0.037" /><testcase classname="backend.tests.test_bug_fixes_iteration_39.TestBug4ServiceHistory" name="test_device_timeline_endpoint" time="0.039"><failure message="AssertionError: Unexpected status: 520, Internal Server Error&#10;assert 520 in [200, 404]&#10; +  where 520 = &lt;Response [520]&gt;.status_code">backend/tests/test_bug_fixes_iteration_39.py:243: in test_device_timeline_endpoint
    assert response.status_code in [200, 404], f"Unexpected status: {response.status_code}, {response.text}"
E   AssertionError: Unexpected status: 520, Internal Server Error
E   assert 520 in [200, 404]
E    +  where 520 = &lt;Response [520]&gt;.status_code</failure></testcase><testcase classname="backend.tests.test_bug_fixes_iteration_39.TestEngineerPortalEndpoints" name="test_engineer_dashboard_stats" time="0.304" /><testcase classname="backend.tests.test_bug_fixes_iteration_39.TestEngineerPortalEndpoints" name="test_engineer_tickets_list" time="0.043" /><testcase classname="backend.tests.test_bug_fixes_iteration_39.TestEngineerPortalEndpoints" name="test_engineer_visits_list" time="0.043" /><testcase classname="backend.tests.test_bug_fixes_iteration_39.TestIntegrationWorkflow" name="test_admin_can_list_tickets" time="0.314" /><testcase classname="backend.tests.test_bug_fixes_iteration_39.TestIntegrationWorkflow" name="test_admin_can_list_technicians" time="0.037" /><testcase classname="backend.tests.test_bug_fixes_iteration_39.TestIntegrationWorkflow" name="test_admin_can_list_engineers" time="0.036" /></testsuite></testsuites>