<?xml version="1.0" encoding="utf-8"?><testsuites name="pytest tests"><testsuite name="pytest" errors="0" failures="0" skipped="0" tests="20" time="2.794" timestamp="2026-02-08T19:49:24.641946+00:00" hostname="agent-env-f02d11d3-c351-4c0b-9369-3bc5cc423f44"><testcase classname="backend.tests.test_bug_fixes_iteration_39.TestBug1EngineerAcceptDecline" name="test_accept_endpoint_exists" time="0.342" /><testcase classname="backend.tests.test_bug_fixes_iteration_39.TestBug1EngineerAcceptDecline" name="test_decline_endpoint_exists" time="0.041" /><testcase classname="backend.tests.test_bug_fixes_iteration_39.TestBug1EngineerAcceptDecline" name="test_decline_requires_reason" time="0.299" /><testcase classname="backend.tests.test_bug_fixes_iteration_39.TestBug1EngineerAcceptDecline" name="test_accept_ticket_wrong_status" time="0.042" /><testcase classname="backend.tests.test_bug_fixes_iteration_39.TestBug2MultipleVisitsPrevention" name="test_create_visit_endpoint_exists" time="0.310" /><testcase classname="backend.tests.test_bug_fixes_iteration_39.TestBug2MultipleVisitsPrevention" name="test_list_visits_endpoint" time="0.043" /><testcase classname="backend.tests.test_bug_fixes_iteration_39.TestBug2MultipleVisitsPrevention" name="test_get_todays_visits" time="0.043" /><testcase classname="backend.tests.test_bug_fixes_iteration_39.TestBug3WorkflowLock" name="test_start_timer_endpoint_exists" time="0.341" /><testcase classname="backend.tests.test_bug_fixes_iteration_39.TestBug3WorkflowLock" name="test_stop_timer_endpoint_exists" time="0.041" /><testcase classname="backend.tests.test_bug_fixes_iteration_39.TestBug3WorkflowLock" name="test_add_action_endpoint_exists" time="0.038" /><testcase classname="backend.tests.test_bug_fixes_iteration_39.TestBug4ServiceHistory" name="test_service_history_endpoint_exists" time="0.298" /><testcase classname="backend.tests.test_bug_fixes_iteration_39.TestBug4ServiceHistory" name="test_service_history_returns_list" time="0.040" /><testcase classname="backend.tests.test_bug_fixes_iteration_39.TestBug4ServiceHistory" name="test_service_history_with_invalid_device" time="0.042" /><testcase classname="backend.tests.test_bug_fixes_iteration_39.TestBug4ServiceHistory" name="test_device_timeline_endpoint" time="0.039" /><testcase classname="backend.tests.test_bug_fixes_iteration_39.TestEngineerPortalEndpoints" name="test_engineer_dashboard_stats" time="0.301" /><testcase classname="backend.tests.test_bug_fixes_iteration_39.TestEngineerPortalEndpoints" name="test_engineer_tickets_list" time="0.044" /><testcase classname="backend.tests.test_bug_fixes_iteration_39.TestEngineerPortalEndpoints" name="test_engineer_visits_list" time="0.042" /><testcase classname="backend.tests.test_bug_fixes_iteration_39.TestIntegrationWorkflow" name="test_admin_can_list_tickets" time="0.312" /><testcase classname="backend.tests.test_bug_fixes_iteration_39.TestIntegrationWorkflow" name="test_admin_can_list_technicians" time="0.037" /><testcase classname="backend.tests.test_bug_fixes_iteration_39.TestIntegrationWorkflow" name="test_admin_can_list_engineers" time="0.039" /></testsuite></testsuites>