<?xml version="1.0" encoding="utf-8"?><testsuites name="pytest tests"><testsuite name="pytest" errors="0" failures="1" skipped="0" tests="17" time="1.709" timestamp="2026-01-09T13:44:15.763402+00:00" hostname="agent-env-d3d5e0be-9812-4dcd-8242-e1f78b303458"><testcase classname="tests.test_bulk_import_and_search.TestBulkImportCompanies" name="test_bulk_import_companies_success" time="0.380" /><testcase classname="tests.test_bulk_import_and_search.TestBulkImportCompanies" name="test_bulk_import_companies_missing_name" time="0.055" /><testcase classname="tests.test_bulk_import_and_search.TestBulkImportCompanies" name="test_bulk_import_companies_duplicate_code" time="0.089"><failure message="assert 1 == 0">tests/test_bulk_import_and_search.py:158: in test_bulk_import_companies_duplicate_code
    assert data["success"] == 0
E   assert 1 == 0</failure></testcase><testcase classname="tests.test_bulk_import_and_search.TestBulkImportCompanies" name="test_bulk_import_companies_empty_records" time="0.038" /><testcase classname="tests.test_bulk_import_and_search.TestBulkImportSites" name="test_bulk_import_sites_success" time="0.048" /><testcase classname="tests.test_bulk_import_and_search.TestBulkImportSites" name="test_bulk_import_sites_missing_name" time="0.042" /><testcase classname="tests.test_bulk_import_and_search.TestBulkImportSites" name="test_bulk_import_sites_invalid_company" time="0.036" /><testcase classname="tests.test_bulk_import_and_search.TestBulkImportDevices" name="test_bulk_import_devices_success" time="0.083" /><testcase classname="tests.test_bulk_import_and_search.TestBulkImportDevices" name="test_bulk_import_devices_missing_serial" time="0.039" /><testcase classname="tests.test_bulk_import_and_search.TestBulkImportDevices" name="test_bulk_import_devices_duplicate_serial" time="0.082" /><testcase classname="tests.test_bulk_import_and_search.TestBulkImportSupplyProducts" name="test_bulk_import_supply_products_success" time="0.048" /><testcase classname="tests.test_bulk_import_and_search.TestBulkImportSupplyProducts" name="test_bulk_import_supply_products_new_category" time="0.039" /><testcase classname="tests.test_bulk_import_and_search.TestBulkImportSupplyProducts" name="test_bulk_import_supply_products_missing_name" time="0.037" /><testcase classname="tests.test_bulk_import_and_search.TestOfficeSuppliesSearch" name="test_supply_catalog_returns_products" time="0.308" /><testcase classname="tests.test_bulk_import_and_search.TestOfficeSuppliesSearch" name="test_supply_catalog_has_searchable_products" time="0.045" /><testcase classname="tests.test_bulk_import_and_search.TestBulkImportAuth" name="test_bulk_import_requires_admin_auth" time="0.193" /><testcase classname="tests.test_bulk_import_and_search.TestBulkImportAuth" name="test_bulk_import_rejects_company_user" time="0.044" /></testsuite></testsuites>