<?xml version="1.0" encoding="utf-8"?><testsuites name="pytest tests"><testsuite name="pytest" errors="0" failures="0" skipped="0" tests="17" time="1.508" timestamp="2026-01-09T13:44:53.393815+00:00" hostname="agent-env-d3d5e0be-9812-4dcd-8242-e1f78b303458"><testcase classname="tests.test_bulk_import_and_search.TestBulkImportCompanies" name="test_bulk_import_companies_success" time="0.322" /><testcase classname="tests.test_bulk_import_and_search.TestBulkImportCompanies" name="test_bulk_import_companies_missing_name" time="0.040" /><testcase classname="tests.test_bulk_import_and_search.TestBulkImportCompanies" name="test_bulk_import_companies_duplicate_code" time="0.078" /><testcase classname="tests.test_bulk_import_and_search.TestBulkImportCompanies" name="test_bulk_import_companies_empty_records" time="0.039" /><testcase classname="tests.test_bulk_import_and_search.TestBulkImportSites" name="test_bulk_import_sites_success" time="0.044" /><testcase classname="tests.test_bulk_import_and_search.TestBulkImportSites" name="test_bulk_import_sites_missing_name" time="0.037" /><testcase classname="tests.test_bulk_import_and_search.TestBulkImportSites" name="test_bulk_import_sites_invalid_company" time="0.039" /><testcase classname="tests.test_bulk_import_and_search.TestBulkImportDevices" name="test_bulk_import_devices_success" time="0.041" /><testcase classname="tests.test_bulk_import_and_search.TestBulkImportDevices" name="test_bulk_import_devices_missing_serial" time="0.041" /><testcase classname="tests.test_bulk_import_and_search.TestBulkImportDevices" name="test_bulk_import_devices_duplicate_serial" time="0.077" /><testcase classname="tests.test_bulk_import_and_search.TestBulkImportSupplyProducts" name="test_bulk_import_supply_products_success" time="0.041" /><testcase classname="tests.test_bulk_import_and_search.TestBulkImportSupplyProducts" name="test_bulk_import_supply_products_new_category" time="0.046" /><testcase classname="tests.test_bulk_import_and_search.TestBulkImportSupplyProducts" name="test_bulk_import_supply_products_missing_name" time="0.037" /><testcase classname="tests.test_bulk_import_and_search.TestOfficeSuppliesSearch" name="test_supply_catalog_returns_products" time="0.300" /><testcase classname="tests.test_bulk_import_and_search.TestOfficeSuppliesSearch" name="test_supply_catalog_has_searchable_products" time="0.037" /><testcase classname="tests.test_bulk_import_and_search.TestBulkImportAuth" name="test_bulk_import_requires_admin_auth" time="0.194" /><testcase classname="tests.test_bulk_import_and_search.TestBulkImportAuth" name="test_bulk_import_rejects_company_user" time="0.039" /></testsuite></testsuites>