<?xml version="1.0" encoding="utf-8"?><testsuites name="pytest tests"><testsuite name="pytest" errors="3" failures="13" skipped="0" tests="17" time="1.305" timestamp="2026-01-09T13:41:47.614273+00:00" hostname="agent-env-d3d5e0be-9812-4dcd-8242-e1f78b303458"><testcase classname="tests.test_bulk_import_and_search.TestBulkImportCompanies" name="test_bulk_import_companies_success" time="0.360"><failure message="AssertionError: Bulk import failed: {&quot;detail&quot;:&quot;Could not validate credentials&quot;}&#10;assert 401 == 200&#10; +  where 401 = &lt;Response [401]&gt;.status_code">tests/test_bulk_import_and_search.py:94: in test_bulk_import_companies_success
    assert response.status_code == 200, f"Bulk import failed: {response.text}"
E   AssertionError: Bulk import failed: {"detail":"Could not validate credentials"}
E   assert 401 == 200
E    +  where 401 = &lt;Response [401]&gt;.status_code</failure></testcase><testcase classname="tests.test_bulk_import_and_search.TestBulkImportCompanies" name="test_bulk_import_companies_missing_name" time="0.043"><failure message="assert 401 == 200&#10; +  where 401 = &lt;Response [401]&gt;.status_code">tests/test_bulk_import_and_search.py:116: in test_bulk_import_companies_missing_name
    assert response.status_code == 200
E   assert 401 == 200
E    +  where 401 = &lt;Response [401]&gt;.status_code</failure></testcase><testcase classname="tests.test_bulk_import_and_search.TestBulkImportCompanies" name="test_bulk_import_companies_duplicate_code" time="0.046"><failure message="assert 401 == 200&#10; +  where 401 = &lt;Response [401]&gt;.status_code">tests/test_bulk_import_and_search.py:133: in test_bulk_import_companies_duplicate_code
    assert response.status_code == 200
E   assert 401 == 200
E    +  where 401 = &lt;Response [401]&gt;.status_code</failure></testcase><testcase classname="tests.test_bulk_import_and_search.TestBulkImportCompanies" name="test_bulk_import_companies_empty_records" time="0.042"><failure message="assert 401 == 400&#10; +  where 401 = &lt;Response [401]&gt;.status_code">tests/test_bulk_import_and_search.py:157: in test_bulk_import_companies_empty_records
    assert response.status_code == 400
E   assert 401 == 400
E    +  where 401 = &lt;Response [401]&gt;.status_code</failure></testcase><testcase classname="tests.test_bulk_import_and_search.TestBulkImportSites" name="test_bulk_import_sites_success" time="0.040"><failure message="assert 401 == 200&#10; +  where 401 = &lt;Response [401]&gt;.status_code">tests/test_bulk_import_and_search.py:173: in test_bulk_import_sites_success
    assert companies_response.status_code == 200
E   assert 401 == 200
E    +  where 401 = &lt;Response [401]&gt;.status_code</failure></testcase><testcase classname="tests.test_bulk_import_and_search.TestBulkImportSites" name="test_bulk_import_sites_missing_name" time="0.038"><failure message="assert 401 == 200&#10; +  where 401 = &lt;Response [401]&gt;.status_code">tests/test_bulk_import_and_search.py:220: in test_bulk_import_sites_missing_name
    assert response.status_code == 200
E   assert 401 == 200
E    +  where 401 = &lt;Response [401]&gt;.status_code</failure></testcase><testcase classname="tests.test_bulk_import_and_search.TestBulkImportSites" name="test_bulk_import_sites_invalid_company" time="0.039"><failure message="assert 401 == 200&#10; +  where 401 = &lt;Response [401]&gt;.status_code">tests/test_bulk_import_and_search.py:242: in test_bulk_import_sites_invalid_company
    assert response.status_code == 200
E   assert 401 == 200
E    +  where 401 = &lt;Response [401]&gt;.status_code</failure></testcase><testcase classname="tests.test_bulk_import_and_search.TestBulkImportDevices" name="test_bulk_import_devices_success" time="0.037"><failure message="assert 401 == 200&#10; +  where 401 = &lt;Response [401]&gt;.status_code">tests/test_bulk_import_and_search.py:261: in test_bulk_import_devices_success
    assert companies_response.status_code == 200
E   assert 401 == 200
E    +  where 401 = &lt;Response [401]&gt;.status_code</failure></testcase><testcase classname="tests.test_bulk_import_and_search.TestBulkImportDevices" name="test_bulk_import_devices_missing_serial" time="0.040"><failure message="assert 401 == 200&#10; +  where 401 = &lt;Response [401]&gt;.status_code">tests/test_bulk_import_and_search.py:310: in test_bulk_import_devices_missing_serial
    assert response.status_code == 200
E   assert 401 == 200
E    +  where 401 = &lt;Response [401]&gt;.status_code</failure></testcase><testcase classname="tests.test_bulk_import_and_search.TestBulkImportDevices" name="test_bulk_import_devices_duplicate_serial" time="0.042"><failure message="KeyError: 0">tests/test_bulk_import_and_search.py:325: in test_bulk_import_devices_duplicate_serial
    company = companies[0]
              ^^^^^^^^^^^^
E   KeyError: 0</failure></testcase><testcase classname="tests.test_bulk_import_and_search.TestBulkImportSupplyProducts" name="test_bulk_import_supply_products_success" time="0.037"><failure message="AssertionError: Bulk import supply products failed: {&quot;detail&quot;:&quot;Could not validate credentials&quot;}&#10;assert 401 == 200&#10; +  where 401 = &lt;Response [401]&gt;.status_code">tests/test_bulk_import_and_search.py:386: in test_bulk_import_supply_products_success
    assert response.status_code == 200, f"Bulk import supply products failed: {response.text}"
E   AssertionError: Bulk import supply products failed: {"detail":"Could not validate credentials"}
E   assert 401 == 200
E    +  where 401 = &lt;Response [401]&gt;.status_code</failure></testcase><testcase classname="tests.test_bulk_import_and_search.TestBulkImportSupplyProducts" name="test_bulk_import_supply_products_new_category" time="0.036"><failure message="AssertionError: Bulk import failed: {&quot;detail&quot;:&quot;Could not validate credentials&quot;}&#10;assert 401 == 200&#10; +  where 401 = &lt;Response [401]&gt;.status_code">tests/test_bulk_import_and_search.py:411: in test_bulk_import_supply_products_new_category
    assert response.status_code == 200, f"Bulk import failed: {response.text}"
E   AssertionError: Bulk import failed: {"detail":"Could not validate credentials"}
E   assert 401 == 200
E    +  where 401 = &lt;Response [401]&gt;.status_code</failure></testcase><testcase classname="tests.test_bulk_import_and_search.TestBulkImportSupplyProducts" name="test_bulk_import_supply_products_missing_name" time="0.036"><failure message="assert 401 == 200&#10; +  where 401 = &lt;Response [401]&gt;.status_code">tests/test_bulk_import_and_search.py:430: in test_bulk_import_supply_products_missing_name
    assert response.status_code == 200
E   assert 401 == 200
E    +  where 401 = &lt;Response [401]&gt;.status_code</failure></testcase><testcase classname="tests.test_bulk_import_and_search.TestOfficeSuppliesSearch" name="test_supply_catalog_returns_products" time="0.043"><error message="failed on setup with &quot;AssertionError: Company login failed: {&quot;detail&quot;:&quot;Invalid credentials&quot;}&#10;assert 401 == 200&#10; +  where 401 = &lt;Response [401]&gt;.status_code&quot;">tests/test_bulk_import_and_search.py:43: in company_token
    assert response.status_code == 200, f"Company login failed: {response.text}"
E   AssertionError: Company login failed: {"detail":"Invalid credentials"}
E   assert 401 == 200
E    +  where 401 = &lt;Response [401]&gt;.status_code</error></testcase><testcase classname="tests.test_bulk_import_and_search.TestOfficeSuppliesSearch" name="test_supply_catalog_has_searchable_products" time="0.000"><error message="failed on setup with &quot;AssertionError: Company login failed: {&quot;detail&quot;:&quot;Invalid credentials&quot;}&#10;assert 401 == 200&#10; +  where 401 = &lt;Response [401]&gt;.status_code&quot;">tests/test_bulk_import_and_search.py:43: in company_token
    assert response.status_code == 200, f"Company login failed: {response.text}"
E   AssertionError: Company login failed: {"detail":"Invalid credentials"}
E   assert 401 == 200
E    +  where 401 = &lt;Response [401]&gt;.status_code</error></testcase><testcase classname="tests.test_bulk_import_and_search.TestBulkImportAuth" name="test_bulk_import_requires_admin_auth" time="0.145" /><testcase classname="tests.test_bulk_import_and_search.TestBulkImportAuth" name="test_bulk_import_rejects_company_user" time="0.000"><error message="failed on setup with &quot;AssertionError: Company login failed: {&quot;detail&quot;:&quot;Invalid credentials&quot;}&#10;assert 401 == 200&#10; +  where 401 = &lt;Response [401]&gt;.status_code&quot;">tests/test_bulk_import_and_search.py:43: in company_token
    assert response.status_code == 200, f"Company login failed: {response.text}"
E   AssertionError: Company login failed: {"detail":"Invalid credentials"}
E   assert 401 == 200
E    +  where 401 = &lt;Response [401]&gt;.status_code</error></testcase></testsuite></testsuites>