<?xml version="1.0" encoding="utf-8"?><testsuites name="pytest tests"><testsuite name="pytest" errors="0" failures="0" skipped="0" tests="17" time="5.405" timestamp="2026-02-25T17:16:19.816008+00:00" hostname="agent-env-e2009867-c02b-4314-8075-83f3ae6d74e0"><testcase classname="backend.tests.test_calendar_feature.TestCalendarFeature" name="test_01_get_holidays" time="0.723" /><testcase classname="backend.tests.test_calendar_feature.TestCalendarFeature" name="test_02_create_holiday" time="0.145" /><testcase classname="backend.tests.test_calendar_feature.TestCalendarFeature" name="test_03_verify_holiday_in_list" time="0.117" /><testcase classname="backend.tests.test_calendar_feature.TestCalendarFeature" name="test_04_delete_holiday" time="0.148" /><testcase classname="backend.tests.test_calendar_feature.TestCalendarFeature" name="test_05_verify_holiday_deleted" time="1.304" /><testcase classname="backend.tests.test_calendar_feature.TestCalendarFeature" name="test_06_get_standard_hours" time="0.221" /><testcase classname="backend.tests.test_calendar_feature.TestCalendarFeature" name="test_07_update_standard_hours" time="0.187" /><testcase classname="backend.tests.test_calendar_feature.TestCalendarFeature" name="test_08_verify_standard_hours_persisted" time="0.294" /><testcase classname="backend.tests.test_calendar_feature.TestCalendarFeature" name="test_09_get_emergency_hours" time="0.209" /><testcase classname="backend.tests.test_calendar_feature.TestCalendarFeature" name="test_10_create_emergency_hours" time="0.326" /><testcase classname="backend.tests.test_calendar_feature.TestCalendarFeature" name="test_11_verify_emergency_in_list" time="0.289" /><testcase classname="backend.tests.test_calendar_feature.TestCalendarFeature" name="test_12_delete_emergency_hours" time="0.182" /><testcase classname="backend.tests.test_calendar_feature.TestCalendarFeature" name="test_13_get_calendar_events" time="0.151" /><testcase classname="backend.tests.test_calendar_feature.TestCalendarFeature" name="test_14_get_calendar_events_with_filter" time="0.286" /><testcase classname="backend.tests.test_calendar_feature.TestCalendarFeature" name="test_15_calendar_events_structure" time="0.116" /><testcase classname="backend.tests.test_calendar_feature.TestCalendarFeature" name="test_16_admin_my_schedule" time="0.129" /><testcase classname="backend.tests.test_calendar_feature.TestEngineerCalendar" name="test_17_engineer_calendar_endpoint_exists" time="0.496" /></testsuite></testsuites>