<?xml version="1.0" encoding="utf-8"?><testsuites name="pytest tests"><testsuite name="pytest" errors="0" failures="0" skipped="0" tests="27" time="3.517" timestamp="2026-02-03T07:20:35.223041+00:00" hostname="agent-env-e9f8dc6e-f86e-4000-8d11-b7eddd2b1a5d"><testcase classname="backend.tests.test_comprehensive_tenant_scoping.TestAdminLogin" name="test_admin1_login_success" time="0.345" /><testcase classname="backend.tests.test_comprehensive_tenant_scoping.TestAdminLogin" name="test_admin2_login_success" time="0.263" /><testcase classname="backend.tests.test_comprehensive_tenant_scoping.TestAdminLogin" name="test_invalid_credentials_rejected" time="0.040" /><testcase classname="backend.tests.test_comprehensive_tenant_scoping.TestCompanyTenantScoping" name="test_create_company_gets_org_id" time="0.296" /><testcase classname="backend.tests.test_comprehensive_tenant_scoping.TestCompanyTenantScoping" name="test_list_companies_shows_created" time="0.086" /><testcase classname="backend.tests.test_comprehensive_tenant_scoping.TestCompanyTenantScoping" name="test_tenant_isolation_companies" time="0.372" /><testcase classname="backend.tests.test_comprehensive_tenant_scoping.TestDeviceTenantScoping" name="test_create_device_gets_org_id" time="0.068" /><testcase classname="backend.tests.test_comprehensive_tenant_scoping.TestDeviceTenantScoping" name="test_list_devices_shows_created" time="0.097" /><testcase classname="backend.tests.test_comprehensive_tenant_scoping.TestDeviceTenantScoping" name="test_tenant_isolation_devices" time="0.074" /><testcase classname="backend.tests.test_comprehensive_tenant_scoping.TestUserTenantScoping" name="test_create_user_gets_org_id" time="0.042" /><testcase classname="backend.tests.test_comprehensive_tenant_scoping.TestUserTenantScoping" name="test_list_users_shows_created" time="0.109" /><testcase classname="backend.tests.test_comprehensive_tenant_scoping.TestUserTenantScoping" name="test_tenant_isolation_users" time="0.069" /><testcase classname="backend.tests.test_comprehensive_tenant_scoping.TestSiteTenantScoping" name="test_create_site_gets_org_id" time="0.043" /><testcase classname="backend.tests.test_comprehensive_tenant_scoping.TestSiteTenantScoping" name="test_list_sites_shows_created" time="0.083" /><testcase classname="backend.tests.test_comprehensive_tenant_scoping.TestSiteTenantScoping" name="test_tenant_isolation_sites" time="0.072" /><testcase classname="backend.tests.test_comprehensive_tenant_scoping.TestLicenseTenantScoping" name="test_create_license_gets_org_id" time="0.042" /><testcase classname="backend.tests.test_comprehensive_tenant_scoping.TestLicenseTenantScoping" name="test_list_licenses_shows_created" time="0.071" /><testcase classname="backend.tests.test_comprehensive_tenant_scoping.TestLicenseTenantScoping" name="test_tenant_isolation_licenses" time="0.075" /><testcase classname="backend.tests.test_comprehensive_tenant_scoping.TestAMCContractTenantScoping" name="test_create_amc_contract_gets_org_id" time="0.036" /><testcase classname="backend.tests.test_comprehensive_tenant_scoping.TestAMCContractTenantScoping" name="test_list_amc_contracts_shows_created" time="0.081" /><testcase classname="backend.tests.test_comprehensive_tenant_scoping.TestAMCContractTenantScoping" name="test_tenant_isolation_amc_contracts" time="0.067" /><testcase classname="backend.tests.test_comprehensive_tenant_scoping.TestEngineerTenantScoping" name="test_create_engineer_gets_org_id" time="0.258" /><testcase classname="backend.tests.test_comprehensive_tenant_scoping.TestEngineerTenantScoping" name="test_list_engineers_shows_created" time="0.296" /><testcase classname="backend.tests.test_comprehensive_tenant_scoping.TestEngineerTenantScoping" name="test_tenant_isolation_engineers" time="0.292" /><testcase classname="backend.tests.test_comprehensive_tenant_scoping.TestDashboardTenantScoping" name="test_dashboard_stats_endpoint" time="0.041" /><testcase classname="backend.tests.test_comprehensive_tenant_scoping.TestDashboardTenantScoping" name="test_dashboard_stats_tenant_scoped" time="0.079" /><testcase classname="backend.tests.test_comprehensive_tenant_scoping.TestCompanyDropdownInForms" name="test_companies_list_for_dropdown" time="0.035" /></testsuite></testsuites>