<?xml version="1.0" encoding="utf-8"?><testsuites name="pytest tests"><testsuite name="pytest" errors="0" failures="0" skipped="0" tests="16" time="4.983" timestamp="2026-01-14T06:40:12.014314+00:00" hostname="agent-env-c12744dc-b097-485b-b870-54444a9d649f"><testcase classname="tests.test_company_employees.TestCompanyEmployeesAPI" name="test_01_list_company_employees" time="0.286" /><testcase classname="tests.test_company_employees.TestCompanyEmployeesAPI" name="test_02_list_employees_with_company_filter" time="0.283" /><testcase classname="tests.test_company_employees.TestCompanyEmployeesAPI" name="test_03_create_company_employee" time="0.313" /><testcase classname="tests.test_company_employees.TestCompanyEmployeesAPI" name="test_04_get_company_employee" time="0.270" /><testcase classname="tests.test_company_employees.TestCompanyEmployeesAPI" name="test_05_update_company_employee" time="0.371" /><testcase classname="tests.test_company_employees.TestCompanyEmployeesAPI" name="test_06_quick_create_employee" time="0.314" /><testcase classname="tests.test_company_employees.TestCompanyEmployeesAPI" name="test_07_download_template" time="0.268" /><testcase classname="tests.test_company_employees.TestCompanyEmployeesAPI" name="test_08_bulk_import_employees" time="0.308" /><testcase classname="tests.test_company_employees.TestCompanyEmployeesAPI" name="test_09_delete_company_employee" time="0.268" /><testcase classname="tests.test_company_employees.TestCompanyEmployeesAPI" name="test_10_cleanup_test_employees" time="0.353" /><testcase classname="tests.test_company_employees.TestDeviceWithEmployeeAndConfiguration" name="test_01_create_device_with_configuration" time="0.272" /><testcase classname="tests.test_company_employees.TestDeviceWithEmployeeAndConfiguration" name="test_02_create_device_with_employee" time="0.317" /><testcase classname="tests.test_company_employees.TestDeviceWithEmployeeAndConfiguration" name="test_03_update_device_configuration" time="0.313" /><testcase classname="tests.test_company_employees.TestDeviceWithEmployeeAndConfiguration" name="test_04_update_device_employee_assignment" time="0.293" /><testcase classname="tests.test_company_employees.TestDeviceWithEmployeeAndConfiguration" name="test_05_printer_should_not_have_configuration" time="0.317" /><testcase classname="tests.test_company_employees.TestDeviceWithEmployeeAndConfiguration" name="test_06_cleanup_test_devices" time="0.381" /></testsuite></testsuites>