<?xml version="1.0" encoding="utf-8"?><testsuites name="pytest tests"><testsuite name="pytest" errors="0" failures="0" skipped="0" tests="22" time="5.610" timestamp="2026-01-04T11:30:01.202234+00:00" hostname="agent-env-078d8a1c-762e-4a01-bb0f-c5f25c04ce39"><testcase classname="tests.test_company_portal.TestCompanyAuth" name="test_company_login_success" time="0.301" /><testcase classname="tests.test_company_portal.TestCompanyAuth" name="test_company_login_invalid_credentials" time="0.041" /><testcase classname="tests.test_company_portal.TestCompanyAuth" name="test_company_register_invalid_code" time="0.041" /><testcase classname="tests.test_company_portal.TestCompanyAuth" name="test_company_register_duplicate_email" time="0.037" /><testcase classname="tests.test_company_portal.TestCompanyAuth" name="test_company_register_success" time="0.263" /><testcase classname="tests.test_company_portal.TestCompanyAuthMe" name="test_get_current_user_info" time="0.299" /><testcase classname="tests.test_company_portal.TestCompanyAuthMe" name="test_get_current_user_unauthorized" time="0.040" /><testcase classname="tests.test_company_portal.TestCompanyDashboard" name="test_get_dashboard" time="0.301" /><testcase classname="tests.test_company_portal.TestCompanyDashboard" name="test_dashboard_unauthorized" time="0.041" /><testcase classname="tests.test_company_portal.TestCompanyDevices" name="test_list_devices" time="0.298" /><testcase classname="tests.test_company_portal.TestCompanyDevices" name="test_list_devices_with_search" time="0.298" /><testcase classname="tests.test_company_portal.TestCompanyDevices" name="test_list_devices_with_warranty_filter" time="0.302" /><testcase classname="tests.test_company_portal.TestCompanyAMCContracts" name="test_list_amc_contracts" time="0.298" /><testcase classname="tests.test_company_portal.TestCompanyTickets" name="test_list_tickets" time="0.300" /><testcase classname="tests.test_company_portal.TestCompanyTickets" name="test_list_tickets_with_status_filter" time="0.297" /><testcase classname="tests.test_company_portal.TestCompanyTickets" name="test_create_ticket_no_device" time="0.298" /><testcase classname="tests.test_company_portal.TestCompanyDeployments" name="test_list_deployments" time="0.306" /><testcase classname="tests.test_company_portal.TestCompanyUsers" name="test_list_users" time="0.341" /><testcase classname="tests.test_company_portal.TestCompanySites" name="test_list_sites" time="0.344" /><testcase classname="tests.test_company_portal.TestCompanyProfile" name="test_get_profile" time="0.300" /><testcase classname="tests.test_company_portal.TestCompanyProfile" name="test_update_profile" time="0.351" /><testcase classname="tests.test_company_portal.TestCompanyRenewalRequests" name="test_list_renewal_requests" time="0.298" /></testsuite></testsuites>