<?xml version="1.0" encoding="utf-8"?><testsuites name="pytest tests"><testsuite name="pytest" errors="0" failures="0" skipped="0" tests="16" time="4.266" timestamp="2026-02-27T11:24:05.122789+00:00" hostname="agent-env-d5985686-f934-4b4b-8fc5-47d3a5c34732"><testcase classname="backend.tests.test_create_ticket_modal.TestHelpTopics" name="test_list_help_topics" time="0.566" /><testcase classname="backend.tests.test_create_ticket_modal.TestHelpTopics" name="test_get_help_topic_details" time="0.257" /><testcase classname="backend.tests.test_create_ticket_modal.TestCompanies" name="test_list_companies" time="0.117" /><testcase classname="backend.tests.test_create_ticket_modal.TestSitesQuickCreate" name="test_sites_for_company" time="0.232" /><testcase classname="backend.tests.test_create_ticket_modal.TestSitesQuickCreate" name="test_quick_create_site_success" time="0.427" /><testcase classname="backend.tests.test_create_ticket_modal.TestSitesQuickCreate" name="test_quick_create_site_missing_name" time="0.208" /><testcase classname="backend.tests.test_create_ticket_modal.TestEmployeesQuickCreate" name="test_employees_for_company" time="0.220" /><testcase classname="backend.tests.test_create_ticket_modal.TestEmployeesQuickCreate" name="test_quick_create_employee_success" time="0.324" /><testcase classname="backend.tests.test_create_ticket_modal.TestEmployeesQuickCreate" name="test_quick_create_employee_missing_company_id" time="0.096" /><testcase classname="backend.tests.test_create_ticket_modal.TestEmployeesQuickCreate" name="test_quick_create_employee_missing_name" time="0.222" /><testcase classname="backend.tests.test_create_ticket_modal.TestPriorities" name="test_list_priorities" time="0.103" /><testcase classname="backend.tests.test_create_ticket_modal.TestDevices" name="test_devices_for_company" time="0.239" /><testcase classname="backend.tests.test_create_ticket_modal.TestTicketCreation" name="test_create_ticket_basic" time="0.250" /><testcase classname="backend.tests.test_create_ticket_modal.TestTicketCreation" name="test_create_ticket_with_company_and_contact" time="0.330" /><testcase classname="backend.tests.test_create_ticket_modal.TestTicketCreation" name="test_create_ticket_missing_help_topic" time="0.333" /><testcase classname="backend.tests.test_create_ticket_modal.TestTicketCreation" name="test_create_ticket_missing_subject" time="0.222" /></testsuite></testsuites>