<?xml version="1.0" encoding="utf-8"?><testsuites name="pytest tests"><testsuite name="pytest" errors="0" failures="0" skipped="0" tests="18" time="3.493" timestamp="2026-03-04T14:32:13.607339+00:00" hostname="agent-env-9c8d4517-0b3b-498e-9951-40135b455dfa"><testcase classname="backend.tests.test_customer_portal.TestPortalTenantResolution" name="test_resolve_valid_tenant" time="0.171" /><testcase classname="backend.tests.test_customer_portal.TestPortalTenantResolution" name="test_resolve_invalid_tenant_returns_404" time="0.126" /><testcase classname="backend.tests.test_customer_portal.TestPortalAuthentication" name="test_login_valid_credentials" time="0.342" /><testcase classname="backend.tests.test_customer_portal.TestPortalAuthentication" name="test_login_invalid_email" time="0.120" /><testcase classname="backend.tests.test_customer_portal.TestPortalAuthentication" name="test_login_invalid_password" time="0.324" /><testcase classname="backend.tests.test_customer_portal.TestPortalAuthentication" name="test_login_invalid_tenant_returns_404" time="0.149" /><testcase classname="backend.tests.test_customer_portal.TestPortalTickets" name="test_get_tickets_list" time="0.130" /><testcase classname="backend.tests.test_customer_portal.TestPortalTickets" name="test_filter_open_tickets" time="0.164" /><testcase classname="backend.tests.test_customer_portal.TestPortalTickets" name="test_filter_closed_tickets" time="0.144" /><testcase classname="backend.tests.test_customer_portal.TestPortalTickets" name="test_search_tickets" time="0.124" /><testcase classname="backend.tests.test_customer_portal.TestPortalTickets" name="test_pagination" time="0.127" /><testcase classname="backend.tests.test_customer_portal.TestPortalDevices" name="test_get_devices_list" time="0.123" /><testcase classname="backend.tests.test_customer_portal.TestPortalDevices" name="test_search_devices" time="0.157" /><testcase classname="backend.tests.test_customer_portal.TestPortalContracts" name="test_get_contracts_list" time="0.116" /><testcase classname="backend.tests.test_customer_portal.TestPortalProfile" name="test_get_company_profile" time="0.141" /><testcase classname="backend.tests.test_customer_portal.TestPortalAnalytics" name="test_get_analytics" time="0.121" /><testcase classname="backend.tests.test_customer_portal.TestPortalAnalytics" name="test_analytics_with_days_param" time="0.137" /><testcase classname="backend.tests.test_customer_portal.TestPortalInvalidTenant" name="test_all_endpoints_return_404_for_invalid_tenant" time="0.713" /></testsuite></testsuites>