<?xml version="1.0" encoding="utf-8"?><testsuites name="pytest tests"><testsuite name="pytest" errors="0" failures="0" skipped="0" tests="19" time="2.330" timestamp="2026-02-07T21:56:02.410911+00:00" hostname="agent-env-856636fa-34f7-4581-841f-630d072f1c46"><testcase classname="backend.tests.test_device_dashboard_company_tickets.TestCompanyAuth" name="test_company_login" time="0.287" /><testcase classname="backend.tests.test_device_dashboard_company_tickets.TestCompanyServiceTickets" name="test_list_company_tickets" time="0.310" /><testcase classname="backend.tests.test_device_dashboard_company_tickets.TestCompanyServiceTickets" name="test_list_tickets_with_status_filter" time="0.044" /><testcase classname="backend.tests.test_device_dashboard_company_tickets.TestCompanyServiceTickets" name="test_list_tickets_with_search" time="0.047" /><testcase classname="backend.tests.test_device_dashboard_company_tickets.TestCompanyServiceTickets" name="test_create_service_ticket" time="0.084" /><testcase classname="backend.tests.test_device_dashboard_company_tickets.TestCompanyServiceTickets" name="test_create_ticket_with_device" time="0.047" /><testcase classname="backend.tests.test_device_dashboard_company_tickets.TestCompanyServiceTickets" name="test_get_ticket_detail" time="0.085" /><testcase classname="backend.tests.test_device_dashboard_company_tickets.TestCompanyServiceTickets" name="test_get_nonexistent_ticket" time="0.056" /><testcase classname="backend.tests.test_device_dashboard_company_tickets.TestDeviceAnalytics" name="test_get_device_analytics" time="0.310" /><testcase classname="backend.tests.test_device_dashboard_company_tickets.TestDeviceAnalytics" name="test_device_analytics_ticket_data" time="0.049" /><testcase classname="backend.tests.test_device_dashboard_company_tickets.TestDeviceAnalytics" name="test_device_analytics_financial_summary" time="0.047" /><testcase classname="backend.tests.test_device_dashboard_company_tickets.TestDeviceAnalytics" name="test_device_analytics_amc_data" time="0.051" /><testcase classname="backend.tests.test_device_dashboard_company_tickets.TestDeviceAnalytics" name="test_device_analytics_lifecycle_events" time="0.045" /><testcase classname="backend.tests.test_device_dashboard_company_tickets.TestDeviceAnalytics" name="test_device_analytics_rmm_placeholder" time="0.045" /><testcase classname="backend.tests.test_device_dashboard_company_tickets.TestDeviceAnalytics" name="test_device_analytics_parts_replaced" time="0.044" /><testcase classname="backend.tests.test_device_dashboard_company_tickets.TestDeviceAnalytics" name="test_nonexistent_device_analytics" time="0.043" /><testcase classname="backend.tests.test_device_dashboard_company_tickets.TestCompanyDevices" name="test_list_company_devices" time="0.309" /><testcase classname="backend.tests.test_device_dashboard_company_tickets.TestCompanyDevices" name="test_get_device_detail" time="0.045" /><testcase classname="backend.tests.test_device_dashboard_company_tickets.TestCleanup" name="test_cleanup_test_tickets" time="0.320" /></testsuite></testsuites>