<?xml version="1.0" encoding="utf-8"?><testsuites name="pytest tests"><testsuite name="pytest" errors="0" failures="0" skipped="0" tests="12" time="2.562" timestamp="2026-01-28T19:27:08.653213+00:00" hostname="agent-env-04c068d4-486c-48fa-be04-4a9a29395bb3"><testcase classname="backend.tests.test_email_helptopics.TestEmailIntegration" name="test_email_status_returns_not_configured" time="0.365" /><testcase classname="backend.tests.test_email_helptopics.TestEmailIntegration" name="test_email_test_connection_fails_when_not_configured" time="0.303" /><testcase classname="backend.tests.test_email_helptopics.TestEmailIntegration" name="test_email_sync_fails_when_not_configured" time="0.306" /><testcase classname="backend.tests.test_email_helptopics.TestEmailIntegration" name="test_send_test_email_fails_when_not_configured" time="0.302" /><testcase classname="backend.tests.test_email_helptopics.TestPublicHelpTopics" name="test_public_help_topics_list" time="0.038" /><testcase classname="backend.tests.test_email_helptopics.TestPublicHelpTopics" name="test_public_departments_list" time="0.077" /><testcase classname="backend.tests.test_email_helptopics.TestPublicHelpTopics" name="test_public_custom_form_for_help_topic" time="0.077" /><testcase classname="backend.tests.test_email_helptopics.TestPublicTicketCreation" name="test_create_public_ticket_with_help_topic" time="0.373" /><testcase classname="backend.tests.test_email_helptopics.TestPublicTicketCreation" name="test_create_public_ticket_with_custom_form_data" time="0.116" /><testcase classname="backend.tests.test_email_helptopics.TestPublicTicketCreation" name="test_check_public_ticket_status" time="0.073" /><testcase classname="backend.tests.test_email_helptopics.TestPublicTicketCreation" name="test_public_ticket_reply" time="0.086" /><testcase classname="backend.tests.test_email_helptopics.TestHelpTopicAutoRouting" name="test_help_topic_auto_priority" time="0.379" /></testsuite></testsuites>