<?xml version="1.0" encoding="utf-8"?><testsuites name="pytest tests"><testsuite name="pytest" errors="0" failures="2" skipped="14" tests="16" time="1.651" timestamp="2026-02-07T15:40:29.771092+00:00" hostname="agent-env-4dfa34e5-844f-4fb2-b5af-253b610fa940"><testcase classname="backend.tests.test_engineer_accept_decline.TestEngineerAcceptDeclineWorkflow" name="test_01_admin_login" time="0.180"><failure message="AssertionError: Admin login failed: {&quot;detail&quot;:&quot;Not Found&quot;}&#10;assert 404 == 200&#10; +  where 404 = &lt;Response [404]&gt;.status_code">backend/tests/test_engineer_accept_decline.py:55: in test_01_admin_login
    assert response.status_code == 200, f"Admin login failed: {response.text}"
E   AssertionError: Admin login failed: {"detail":"Not Found"}
E   assert 404 == 200
E    +  where 404 = &lt;Response [404]&gt;.status_code</failure></testcase><testcase classname="backend.tests.test_engineer_accept_decline.TestEngineerAcceptDeclineWorkflow" name="test_02_engineer_login" time="0.125"><failure message="AssertionError: Engineer login failed: {&quot;detail&quot;:&quot;Not Found&quot;}&#10;assert 404 == 200&#10; +  where 404 = &lt;Response [404]&gt;.status_code">backend/tests/test_engineer_accept_decline.py:67: in test_02_engineer_login
    assert response.status_code == 200, f"Engineer login failed: {response.text}"
E   AssertionError: Engineer login failed: {"detail":"Not Found"}
E   assert 404 == 200
E    +  where 404 = &lt;Response [404]&gt;.status_code</failure></testcase><testcase classname="backend.tests.test_engineer_accept_decline.TestEngineerAcceptDeclineWorkflow" name="test_03_admin_create_ticket" time="0.085"><skipped type="pytest.skip" message="Admin token not available">/app/backend/tests/test_engineer_accept_decline.py:78: Admin token not available</skipped></testcase><testcase classname="backend.tests.test_engineer_accept_decline.TestEngineerAcceptDeclineWorkflow" name="test_04_admin_assign_ticket_to_engineer" time="0.081"><skipped type="pytest.skip" message="Prerequisites not met">/app/backend/tests/test_engineer_accept_decline.py:109: Prerequisites not met</skipped></testcase><testcase classname="backend.tests.test_engineer_accept_decline.TestEngineerAcceptDeclineWorkflow" name="test_05_engineer_sees_pending_acceptance_ticket" time="0.082"><skipped type="pytest.skip" message="Engineer token not available">/app/backend/tests/test_engineer_accept_decline.py:135: Engineer token not available</skipped></testcase><testcase classname="backend.tests.test_engineer_accept_decline.TestEngineerAcceptDeclineWorkflow" name="test_06_engineer_get_ticket_detail" time="0.089"><skipped type="pytest.skip" message="Prerequisites not met">/app/backend/tests/test_engineer_accept_decline.py:162: Prerequisites not met</skipped></testcase><testcase classname="backend.tests.test_engineer_accept_decline.TestEngineerAcceptDeclineWorkflow" name="test_07_engineer_accept_ticket" time="0.080"><skipped type="pytest.skip" message="Prerequisites not met">/app/backend/tests/test_engineer_accept_decline.py:180: Prerequisites not met</skipped></testcase><testcase classname="backend.tests.test_engineer_accept_decline.TestEngineerAcceptDeclineWorkflow" name="test_08_verify_accepted_ticket_in_list" time="0.084"><skipped type="pytest.skip" message="Engineer token not available">/app/backend/tests/test_engineer_accept_decline.py:201: Engineer token not available</skipped></testcase><testcase classname="backend.tests.test_engineer_accept_decline.TestEngineerDeclineWorkflow" name="test_01_create_and_assign_ticket_for_decline" time="0.084"><skipped type="pytest.skip" message="Admin token not available">/app/backend/tests/test_engineer_accept_decline.py:252: Admin token not available</skipped></testcase><testcase classname="backend.tests.test_engineer_accept_decline.TestEngineerDeclineWorkflow" name="test_02_engineer_decline_ticket" time="0.084"><skipped type="pytest.skip" message="Prerequisites not met">/app/backend/tests/test_engineer_accept_decline.py:286: Prerequisites not met</skipped></testcase><testcase classname="backend.tests.test_engineer_accept_decline.TestEngineerDeclineWorkflow" name="test_03_verify_declined_ticket_status" time="0.123"><skipped type="pytest.skip" message="Prerequisites not met">/app/backend/tests/test_engineer_accept_decline.py:309: Prerequisites not met</skipped></testcase><testcase classname="backend.tests.test_engineer_accept_decline.TestEngineerWorkflowEdgeCases" name="test_01_cannot_accept_already_assigned_ticket" time="0.081"><skipped type="pytest.skip" message="Tokens not available">/app/backend/tests/test_engineer_accept_decline.py:354: Tokens not available</skipped></testcase><testcase classname="backend.tests.test_engineer_accept_decline.TestEngineerWorkflowEdgeCases" name="test_02_decline_requires_reason" time="0.077"><skipped type="pytest.skip" message="Tokens not available">/app/backend/tests/test_engineer_accept_decline.py:404: Tokens not available</skipped></testcase><testcase classname="backend.tests.test_engineer_accept_decline.TestEngineerWorkflowEdgeCases" name="test_03_engineer_stats_count" time="0.088"><skipped type="pytest.skip" message="Engineer token not available">/app/backend/tests/test_engineer_accept_decline.py:446: Engineer token not available</skipped></testcase><testcase classname="backend.tests.test_engineer_accept_decline.TestAdminServiceTicketsList" name="test_01_list_tickets_with_pending_acceptance_status" time="0.038"><skipped type="pytest.skip" message="Admin token not available">/app/backend/tests/test_engineer_accept_decline.py:492: Admin token not available</skipped></testcase><testcase classname="backend.tests.test_engineer_accept_decline.TestAdminServiceTicketsList" name="test_02_filter_tickets_by_status" time="0.044"><skipped type="pytest.skip" message="Admin token not available">/app/backend/tests/test_engineer_accept_decline.py:514: Admin token not available</skipped></testcase></testsuite></testsuites>