<?xml version="1.0" encoding="utf-8"?><testsuites name="pytest tests"><testsuite name="pytest" errors="0" failures="6" skipped="7" tests="16" time="9.182" timestamp="2026-02-07T15:41:20.445082+00:00" hostname="agent-env-4dfa34e5-844f-4fb2-b5af-253b610fa940"><testcase classname="backend.tests.test_engineer_accept_decline.TestEngineerAcceptDeclineWorkflow" name="test_01_admin_login" time="0.916" /><testcase classname="backend.tests.test_engineer_accept_decline.TestEngineerAcceptDeclineWorkflow" name="test_02_engineer_login" time="0.789" /><testcase classname="backend.tests.test_engineer_accept_decline.TestEngineerAcceptDeclineWorkflow" name="test_03_admin_create_ticket" time="0.642"><failure message="AssertionError: Create ticket failed: {&quot;detail&quot;:&quot;Not Found&quot;}&#10;assert 404 in [200, 201]&#10; +  where 404 = &lt;Response [404]&gt;.status_code">backend/tests/test_engineer_accept_decline.py:96: in test_03_admin_create_ticket
    assert response.status_code in [200, 201], f"Create ticket failed: {response.text}"
E   AssertionError: Create ticket failed: {"detail":"Not Found"}
E   assert 404 in [200, 201]
E    +  where 404 = &lt;Response [404]&gt;.status_code</failure></testcase><testcase classname="backend.tests.test_engineer_accept_decline.TestEngineerAcceptDeclineWorkflow" name="test_04_admin_assign_ticket_to_engineer" time="0.527"><skipped type="pytest.skip" message="Prerequisites not met">/app/backend/tests/test_engineer_accept_decline.py:109: Prerequisites not met</skipped></testcase><testcase classname="backend.tests.test_engineer_accept_decline.TestEngineerAcceptDeclineWorkflow" name="test_05_engineer_sees_pending_acceptance_ticket" time="0.566"><failure message="AssertionError: Test ticket not found in pending_acceptance list&#10;assert None is not None">backend/tests/test_engineer_accept_decline.py:155: in test_05_engineer_sees_pending_acceptance_ticket
    assert test_ticket is not None, "Test ticket not found in pending_acceptance list"
E   AssertionError: Test ticket not found in pending_acceptance list
E   assert None is not None</failure></testcase><testcase classname="backend.tests.test_engineer_accept_decline.TestEngineerAcceptDeclineWorkflow" name="test_06_engineer_get_ticket_detail" time="0.529"><skipped type="pytest.skip" message="Prerequisites not met">/app/backend/tests/test_engineer_accept_decline.py:162: Prerequisites not met</skipped></testcase><testcase classname="backend.tests.test_engineer_accept_decline.TestEngineerAcceptDeclineWorkflow" name="test_07_engineer_accept_ticket" time="0.527"><skipped type="pytest.skip" message="Prerequisites not met">/app/backend/tests/test_engineer_accept_decline.py:180: Prerequisites not met</skipped></testcase><testcase classname="backend.tests.test_engineer_accept_decline.TestEngineerAcceptDeclineWorkflow" name="test_08_verify_accepted_ticket_in_list" time="0.590"><failure message="AssertionError: Ticket not in accepted list&#10;assert None in ['d2d66d77-17fb-4c29-9f17-e089b2f11d2e']&#10; +  where None = &lt;class 'test_engineer_accept_decline.TestEngineerAcceptDeclineWorkflow'&gt;.test_ticket_id&#10; +    where &lt;class 'test_engineer_accept_decline.TestEngineerAcceptDeclineWorkflow'&gt; = &lt;test_engineer_accept_decline.TestEngineerAcceptDeclineWorkflow object at 0xfb82b04bc390&gt;.__class__">backend/tests/test_engineer_accept_decline.py:217: in test_08_verify_accepted_ticket_in_list
    assert self.__class__.test_ticket_id in accepted_ids, "Ticket not in accepted list"
E   AssertionError: Ticket not in accepted list
E   assert None in ['d2d66d77-17fb-4c29-9f17-e089b2f11d2e']
E    +  where None = &lt;class 'test_engineer_accept_decline.TestEngineerAcceptDeclineWorkflow'&gt;.test_ticket_id
E    +    where &lt;class 'test_engineer_accept_decline.TestEngineerAcceptDeclineWorkflow'&gt; = &lt;test_engineer_accept_decline.TestEngineerAcceptDeclineWorkflow object at 0xfb82b04bc390&gt;.__class__</failure></testcase><testcase classname="backend.tests.test_engineer_accept_decline.TestEngineerDeclineWorkflow" name="test_01_create_and_assign_ticket_for_decline" time="0.561"><failure message="assert 404 in [200, 201]&#10; +  where 404 = &lt;Response [404]&gt;.status_code">backend/tests/test_engineer_accept_decline.py:269: in test_01_create_and_assign_ticket_for_decline
    assert create_response.status_code in [200, 201]
E   assert 404 in [200, 201]
E    +  where 404 = &lt;Response [404]&gt;.status_code</failure></testcase><testcase classname="backend.tests.test_engineer_accept_decline.TestEngineerDeclineWorkflow" name="test_02_engineer_decline_ticket" time="0.526"><skipped type="pytest.skip" message="Prerequisites not met">/app/backend/tests/test_engineer_accept_decline.py:286: Prerequisites not met</skipped></testcase><testcase classname="backend.tests.test_engineer_accept_decline.TestEngineerDeclineWorkflow" name="test_03_verify_declined_ticket_status" time="0.535"><skipped type="pytest.skip" message="Prerequisites not met">/app/backend/tests/test_engineer_accept_decline.py:309: Prerequisites not met</skipped></testcase><testcase classname="backend.tests.test_engineer_accept_decline.TestEngineerWorkflowEdgeCases" name="test_01_cannot_accept_already_assigned_ticket" time="0.576"><skipped type="pytest.skip" message="Could not create ticket">/app/backend/tests/test_engineer_accept_decline.py:371: Could not create ticket</skipped></testcase><testcase classname="backend.tests.test_engineer_accept_decline.TestEngineerWorkflowEdgeCases" name="test_02_decline_requires_reason" time="0.606"><skipped type="pytest.skip" message="Could not create ticket">/app/backend/tests/test_engineer_accept_decline.py:421: Could not create ticket</skipped></testcase><testcase classname="backend.tests.test_engineer_accept_decline.TestEngineerWorkflowEdgeCases" name="test_03_engineer_stats_count" time="0.565" /><testcase classname="backend.tests.test_engineer_accept_decline.TestAdminServiceTicketsList" name="test_01_list_tickets_with_pending_acceptance_status" time="0.300"><failure message="AssertionError: List tickets failed: {&quot;detail&quot;:&quot;Not Found&quot;}&#10;assert 404 == 200&#10; +  where 404 = &lt;Response [404]&gt;.status_code">backend/tests/test_engineer_accept_decline.py:500: in test_01_list_tickets_with_pending_acceptance_status
    assert response.status_code == 200, f"List tickets failed: {response.text}"
E   AssertionError: List tickets failed: {"detail":"Not Found"}
E   assert 404 == 200
E    +  where 404 = &lt;Response [404]&gt;.status_code</failure></testcase><testcase classname="backend.tests.test_engineer_accept_decline.TestAdminServiceTicketsList" name="test_02_filter_tickets_by_status" time="0.297"><failure message="assert 404 == 200&#10; +  where 404 = &lt;Response [404]&gt;.status_code">backend/tests/test_engineer_accept_decline.py:522: in test_02_filter_tickets_by_status
    assert response.status_code == 200
E   assert 404 == 200
E    +  where 404 = &lt;Response [404]&gt;.status_code</failure></testcase></testsuite></testsuites>