<?xml version="1.0" encoding="utf-8"?><testsuites name="pytest tests"><testsuite name="pytest" errors="0" failures="0" skipped="0" tests="16" time="11.012" timestamp="2026-02-07T15:41:51.056149+00:00" hostname="agent-env-4dfa34e5-844f-4fb2-b5af-253b610fa940"><testcase classname="backend.tests.test_engineer_accept_decline.TestEngineerAcceptDeclineWorkflow" name="test_01_admin_login" time="2.289" /><testcase classname="backend.tests.test_engineer_accept_decline.TestEngineerAcceptDeclineWorkflow" name="test_02_engineer_login" time="0.841" /><testcase classname="backend.tests.test_engineer_accept_decline.TestEngineerAcceptDeclineWorkflow" name="test_03_admin_create_ticket" time="0.569" /><testcase classname="backend.tests.test_engineer_accept_decline.TestEngineerAcceptDeclineWorkflow" name="test_04_admin_assign_ticket_to_engineer" time="0.585" /><testcase classname="backend.tests.test_engineer_accept_decline.TestEngineerAcceptDeclineWorkflow" name="test_05_engineer_sees_pending_acceptance_ticket" time="0.564" /><testcase classname="backend.tests.test_engineer_accept_decline.TestEngineerAcceptDeclineWorkflow" name="test_06_engineer_get_ticket_detail" time="0.592" /><testcase classname="backend.tests.test_engineer_accept_decline.TestEngineerAcceptDeclineWorkflow" name="test_07_engineer_accept_ticket" time="0.574" /><testcase classname="backend.tests.test_engineer_accept_decline.TestEngineerAcceptDeclineWorkflow" name="test_08_verify_accepted_ticket_in_list" time="0.568" /><testcase classname="backend.tests.test_engineer_accept_decline.TestEngineerDeclineWorkflow" name="test_01_create_and_assign_ticket_for_decline" time="0.605" /><testcase classname="backend.tests.test_engineer_accept_decline.TestEngineerDeclineWorkflow" name="test_02_engineer_decline_ticket" time="0.571" /><testcase classname="backend.tests.test_engineer_accept_decline.TestEngineerDeclineWorkflow" name="test_03_verify_declined_ticket_status" time="0.582" /><testcase classname="backend.tests.test_engineer_accept_decline.TestEngineerWorkflowEdgeCases" name="test_01_cannot_accept_already_assigned_ticket" time="0.687" /><testcase classname="backend.tests.test_engineer_accept_decline.TestEngineerWorkflowEdgeCases" name="test_02_decline_requires_reason" time="0.653" /><testcase classname="backend.tests.test_engineer_accept_decline.TestEngineerWorkflowEdgeCases" name="test_03_engineer_stats_count" time="0.592" /><testcase classname="backend.tests.test_engineer_accept_decline.TestAdminServiceTicketsList" name="test_01_list_tickets_with_pending_acceptance_status" time="0.349" /><testcase classname="backend.tests.test_engineer_accept_decline.TestAdminServiceTicketsList" name="test_02_filter_tickets_by_status" time="0.304" /></testsuite></testsuites>