<?xml version="1.0" encoding="utf-8"?><testsuites name="pytest tests"><testsuite name="pytest" errors="0" failures="0" skipped="1" tests="14" time="3.022" timestamp="2026-02-26T09:05:24.080966+00:00" hostname="agent-env-d5985686-f934-4b4b-8fc5-47d3a5c34732"><testcase classname="backend.tests.test_engineer_ticket_detail_calendar_sync.TestEngineerAuth" name="test_engineer_login" time="0.413" /><testcase classname="backend.tests.test_engineer_ticket_detail_calendar_sync.TestEngineerAuth" name="test_engineer_login_invalid_password" time="0.326" /><testcase classname="backend.tests.test_engineer_ticket_detail_calendar_sync.TestEngineerDashboard" name="test_engineer_dashboard" time="0.477" /><testcase classname="backend.tests.test_engineer_ticket_detail_calendar_sync.TestEngineerDashboard" name="test_engineer_dashboard_requires_auth" time="0.106" /><testcase classname="backend.tests.test_engineer_ticket_detail_calendar_sync.TestEngineerTicketDetail" name="test_get_ticket_detail_assigned_ticket" time="0.218" /><testcase classname="backend.tests.test_engineer_ticket_detail_calendar_sync.TestEngineerTicketDetail" name="test_ticket_detail_not_assigned_returns_404" time="0.105" /><testcase classname="backend.tests.test_engineer_ticket_detail_calendar_sync.TestEngineerTicketDetail" name="test_ticket_detail_requires_auth" time="0.094" /><testcase classname="backend.tests.test_engineer_ticket_detail_calendar_sync.TestJobAcceptanceWithCalendarSync" name="test_accept_job_creates_schedule" time="0.435"><skipped type="pytest.skip" message="No pending tickets for acceptance test">/app/backend/tests/test_engineer_ticket_detail_calendar_sync.py:225: No pending tickets for acceptance test</skipped></testcase><testcase classname="backend.tests.test_engineer_ticket_detail_calendar_sync.TestEngineerCalendar" name="test_engineer_my_schedule" time="0.102" /><testcase classname="backend.tests.test_engineer_ticket_detail_calendar_sync.TestAdminCalendar" name="test_admin_central_calendar" time="0.241" /><testcase classname="backend.tests.test_engineer_ticket_detail_calendar_sync.TestEngineerAcceptDeclineReschedule" name="test_decline_reasons_available" time="0.111" /><testcase classname="backend.tests.test_engineer_ticket_detail_calendar_sync.TestEngineerAcceptDeclineReschedule" name="test_accept_endpoint_exists" time="0.114" /><testcase classname="backend.tests.test_engineer_ticket_detail_calendar_sync.TestEngineerAcceptDeclineReschedule" name="test_decline_endpoint_exists" time="0.107" /><testcase classname="backend.tests.test_engineer_ticket_detail_calendar_sync.TestEngineerAcceptDeclineReschedule" name="test_reschedule_endpoint_exists" time="0.103" /></testsuite></testsuites>