<?xml version="1.0" encoding="utf-8"?><testsuites name="pytest tests"><testsuite name="pytest" errors="0" failures="1" skipped="0" tests="15" time="4.746" timestamp="2026-03-01T16:36:24.023612+00:00" hostname="agent-env-555dfb9a-261d-4db9-a9a4-c715e0dc6c45"><testcase classname="backend.tests.test_engineer_visit_workflow.TestEngineerLogin" name="test_engineer_login_success" time="0.579" /><testcase classname="backend.tests.test_engineer_visit_workflow.TestTicketDetail" name="test_get_ticket_detail" time="0.544" /><testcase classname="backend.tests.test_engineer_visit_workflow.TestStartVisit" name="test_start_visit_creates_record" time="0.188" /><testcase classname="backend.tests.test_engineer_visit_workflow.TestGetActiveVisit" name="test_get_visit" time="0.125" /><testcase classname="backend.tests.test_engineer_visit_workflow.TestUpdateVisit" name="test_update_visit_with_report" time="0.282" /><testcase classname="backend.tests.test_engineer_visit_workflow.TestRequestParts" name="test_request_parts_creates_quotation" time="0.223"><failure message="AssertionError: assert 'pending' == 'quoted'&#10;  &#10;  - quoted&#10;  + pending">backend/tests/test_engineer_visit_workflow.py:256: in test_request_parts_creates_quotation
    assert parts_request.get("status") == "quoted"
E   AssertionError: assert 'pending' == 'quoted'
E     
E     - quoted
E     + pending</failure></testcase><testcase classname="backend.tests.test_engineer_visit_workflow.TestCheckout" name="test_checkout_moves_ticket_stage" time="0.295" /><testcase classname="backend.tests.test_engineer_visit_workflow.TestVisitHistory" name="test_get_visit_history" time="0.121" /><testcase classname="backend.tests.test_engineer_visit_workflow.TestAdminPartsRequests" name="test_list_parts_requests" time="0.476" /><testcase classname="backend.tests.test_engineer_visit_workflow.TestAdminPartsRequests" name="test_list_parts_requests_with_status_filter" time="0.150" /><testcase classname="backend.tests.test_engineer_visit_workflow.TestBackendValidation" name="test_start_visit_invalid_ticket" time="0.125" /><testcase classname="backend.tests.test_engineer_visit_workflow.TestBackendValidation" name="test_update_invalid_visit" time="0.132" /><testcase classname="backend.tests.test_engineer_visit_workflow.TestBackendValidation" name="test_checkout_invalid_visit" time="0.132" /><testcase classname="backend.tests.test_engineer_visit_workflow.TestBackendValidation" name="test_request_parts_empty_list" time="0.405" /><testcase classname="backend.tests.test_engineer_visit_workflow.TestFullVisitWorkflow" name="test_full_workflow" time="0.825" /></testsuite></testsuites>