<?xml version="1.0" encoding="utf-8"?><testsuites name="pytest tests"><testsuite name="pytest" errors="0" failures="0" skipped="1" tests="19" time="4.032" timestamp="2026-03-01T16:07:47.865141+00:00" hostname="agent-env-555dfb9a-261d-4db9-a9a4-c715e0dc6c45"><testcase classname="tests.test_engineer_reschedule_slots.TestEngineerLogin" name="test_engineer_login_success" time="0.494" /><testcase classname="tests.test_engineer_reschedule_slots.TestEngineerLogin" name="test_engineer_login_invalid_password" time="0.348" /><testcase classname="tests.test_engineer_reschedule_slots.TestEngineerDashboard" name="test_dashboard_loads" time="0.486" /><testcase classname="tests.test_engineer_reschedule_slots.TestEngineerDashboard" name="test_dashboard_has_pending_ticket_test9999" time="0.112" /><testcase classname="tests.test_engineer_reschedule_slots.TestEngineerDashboard" name="test_dashboard_stats_structure" time="0.130" /><testcase classname="tests.test_engineer_reschedule_slots.TestEngineerDashboard" name="test_dashboard_decline_reasons_provided" time="0.112" /><testcase classname="tests.test_engineer_reschedule_slots.TestAvailableSlotsAPI" name="test_available_slots_returns_slots" time="0.141" /><testcase classname="tests.test_engineer_reschedule_slots.TestAvailableSlotsAPI" name="test_available_slots_has_working_hours" time="0.129" /><testcase classname="tests.test_engineer_reschedule_slots.TestAvailableSlotsAPI" name="test_available_slots_30min_intervals" time="0.108" /><testcase classname="tests.test_engineer_reschedule_slots.TestAvailableSlotsAPI" name="test_available_slots_blocked_shown" time="0.152" /><testcase classname="tests.test_engineer_reschedule_slots.TestAvailableSlotsAPI" name="test_blocked_slots_due_to_existing_booking" time="0.123" /><testcase classname="tests.test_engineer_reschedule_slots.TestAvailableSlotsAPI" name="test_past_date_rejected" time="0.132" /><testcase classname="tests.test_engineer_reschedule_slots.TestAvailableSlotsAPI" name="test_invalid_date_format_rejected" time="0.139" /><testcase classname="tests.test_engineer_reschedule_slots.TestRescheduleValidation" name="test_reschedule_past_time_rejected" time="0.248" /><testcase classname="tests.test_engineer_reschedule_slots.TestRescheduleValidation" name="test_reschedule_non_30min_interval_rejected" time="0.243" /><testcase classname="tests.test_engineer_reschedule_slots.TestRescheduleValidation" name="test_reschedule_blocked_slot_rejected" time="0.273" /><testcase classname="tests.test_engineer_reschedule_slots.TestAcceptJob" name="test_accept_job_success" time="0.248" /><testcase classname="tests.test_engineer_reschedule_slots.TestDeclineJob" name="test_decline_reasons_available" time="0.141" /><testcase classname="tests.test_engineer_reschedule_slots.TestRescheduleWorkflow" name="test_reschedule_to_available_slot" time="0.145"><skipped type="pytest.skip" message="No pending tickets to test reschedule">/app/backend/tests/test_engineer_reschedule_slots.py:374: No pending tickets to test reschedule</skipped></testcase></testsuite></testsuites>