<?xml version="1.0" encoding="utf-8"?><testsuites name="pytest tests"><testsuite name="pytest" errors="0" failures="0" skipped="0" tests="15" time="4.045" timestamp="2026-03-01T16:40:25.945432+00:00" hostname="agent-env-555dfb9a-261d-4db9-a9a4-c715e0dc6c45"><testcase classname="backend.tests.test_engineer_visit_workflow.TestEngineerLogin" name="test_engineer_login_success" time="0.389" /><testcase classname="backend.tests.test_engineer_visit_workflow.TestTicketDetail" name="test_get_ticket_detail" time="0.473" /><testcase classname="backend.tests.test_engineer_visit_workflow.TestStartVisit" name="test_start_visit_creates_record" time="0.150" /><testcase classname="backend.tests.test_engineer_visit_workflow.TestGetActiveVisit" name="test_get_visit" time="0.109" /><testcase classname="backend.tests.test_engineer_visit_workflow.TestUpdateVisit" name="test_update_visit_with_report" time="0.219" /><testcase classname="backend.tests.test_engineer_visit_workflow.TestRequestParts" name="test_request_parts_creates_quotation" time="0.221" /><testcase classname="backend.tests.test_engineer_visit_workflow.TestCheckout" name="test_checkout_moves_ticket_stage" time="0.245" /><testcase classname="backend.tests.test_engineer_visit_workflow.TestVisitHistory" name="test_get_visit_history" time="0.119" /><testcase classname="backend.tests.test_engineer_visit_workflow.TestAdminPartsRequests" name="test_list_parts_requests" time="0.434" /><testcase classname="backend.tests.test_engineer_visit_workflow.TestAdminPartsRequests" name="test_list_parts_requests_with_status_filter" time="0.130" /><testcase classname="backend.tests.test_engineer_visit_workflow.TestBackendValidation" name="test_start_visit_invalid_ticket" time="0.115" /><testcase classname="backend.tests.test_engineer_visit_workflow.TestBackendValidation" name="test_update_invalid_visit" time="0.146" /><testcase classname="backend.tests.test_engineer_visit_workflow.TestBackendValidation" name="test_checkout_invalid_visit" time="0.116" /><testcase classname="backend.tests.test_engineer_visit_workflow.TestBackendValidation" name="test_request_parts_empty_list" time="0.358" /><testcase classname="backend.tests.test_engineer_visit_workflow.TestFullVisitWorkflow" name="test_full_workflow" time="0.733" /></testsuite></testsuites>