<?xml version="1.0" encoding="utf-8"?><testsuites name="pytest tests"><testsuite name="pytest" errors="0" failures="0" skipped="0" tests="14" time="2.944" timestamp="2026-03-04T06:50:27.621661+00:00" hostname="agent-env-0ca69bc2-fe4c-4060-a49c-6317aa100cec"><testcase classname="backend.tests.test_help_topic_categories.TestHelpTopicCategories" name="test_get_help_topic_categories_returns_8" time="0.676" /><testcase classname="backend.tests.test_help_topic_categories.TestHelpTopicCategories" name="test_create_help_topic_category" time="0.257" /><testcase classname="backend.tests.test_help_topic_categories.TestHelpTopicCategories" name="test_update_help_topic_category" time="0.288" /><testcase classname="backend.tests.test_help_topic_categories.TestHelpTopicCategories" name="test_delete_help_topic_category" time="0.246" /><testcase classname="backend.tests.test_help_topic_categories.TestHelpTopicsComprehensive" name="test_get_help_topics_returns_43_plus" time="0.110" /><testcase classname="backend.tests.test_help_topic_categories.TestHelpTopicsComprehensive" name="test_help_topics_have_category_id_field" time="0.109" /><testcase classname="backend.tests.test_help_topic_categories.TestHelpTopicsComprehensive" name="test_help_topics_have_tags_array" time="0.179" /><testcase classname="backend.tests.test_help_topic_categories.TestHelpTopicsComprehensive" name="test_help_topics_grouped_by_category" time="0.108" /><testcase classname="backend.tests.test_help_topic_categories.TestHelpTopicsComprehensive" name="test_help_topics_searchable_by_tags" time="0.105" /><testcase classname="backend.tests.test_help_topic_categories.TestHelpTopicsCRUD" name="test_create_help_topic_with_tags" time="0.214" /><testcase classname="backend.tests.test_help_topic_categories.TestHelpTopicsCRUD" name="test_update_help_topic_tags" time="0.113" /><testcase classname="backend.tests.test_help_topic_categories.TestHelpTopicsCRUD" name="test_cleanup_test_topic" time="0.107" /><testcase classname="backend.tests.test_help_topic_categories.TestCategoryTopicIntegration" name="test_categories_have_correct_topic_counts" time="0.230" /><testcase classname="backend.tests.test_help_topic_categories.TestCategoryTopicIntegration" name="test_expected_category_names" time="0.109" /></testsuite></testsuites>