<?xml version="1.0" encoding="utf-8"?><testsuites name="pytest tests"><testsuite name="pytest" errors="0" failures="0" skipped="0" tests="16" time="5.472" timestamp="2026-03-01T16:56:02.906579+00:00" hostname="agent-env-555dfb9a-261d-4db9-a9a4-c715e0dc6c45"><testcase classname="backend.tests.test_inventory_parts_requests.TestInventoryAPI" name="test_list_inventory" time="0.628" /><testcase classname="backend.tests.test_inventory_parts_requests.TestInventoryAPI" name="test_inventory_search" time="0.115" /><testcase classname="backend.tests.test_inventory_parts_requests.TestInventoryAPI" name="test_stock_adjustment_purchase" time="0.264" /><testcase classname="backend.tests.test_inventory_parts_requests.TestInventoryAPI" name="test_stock_adjustment_return" time="0.244" /><testcase classname="backend.tests.test_inventory_parts_requests.TestInventoryAPI" name="test_inventory_history" time="0.274" /><testcase classname="backend.tests.test_inventory_parts_requests.TestInventoryAPI" name="test_inventory_history_with_ticket_details" time="1.109" /><testcase classname="backend.tests.test_inventory_parts_requests.TestBulkUploadAPI" name="test_download_sample_csv" time="0.473" /><testcase classname="backend.tests.test_inventory_parts_requests.TestBulkUploadAPI" name="test_bulk_upload_creates_products" time="0.117" /><testcase classname="backend.tests.test_inventory_parts_requests.TestBulkUploadAPI" name="test_bulk_upload_duplicate_sku_detection" time="0.220" /><testcase classname="backend.tests.test_inventory_parts_requests.TestPartsRequestsAPI" name="test_list_parts_requests" time="0.462" /><testcase classname="backend.tests.test_inventory_parts_requests.TestPartsRequestsAPI" name="test_filter_parts_requests_by_status" time="0.346" /><testcase classname="backend.tests.test_inventory_parts_requests.TestPartsRequestsAPI" name="test_parts_request_has_items_detail" time="0.120" /><testcase classname="backend.tests.test_inventory_parts_requests.TestPartsRequestsAPI" name="test_parts_request_status_advancement" time="0.263" /><testcase classname="backend.tests.test_inventory_parts_requests.TestPartsRequestsAPI" name="test_parts_request_engineer_info" time="0.103" /><testcase classname="backend.tests.test_inventory_parts_requests.TestItemMasterProducts" name="test_list_products" time="0.521" /><testcase classname="backend.tests.test_inventory_parts_requests.TestItemMasterProducts" name="test_list_categories" time="0.121" /></testsuite></testsuites>