<?xml version="1.0" encoding="utf-8"?><testsuites name="pytest tests"><testsuite name="pytest" errors="0" failures="0" skipped="0" tests="25" time="4.808" timestamp="2026-02-27T13:27:24.977722+00:00" hostname="agent-env-4e704c51-9e1b-4c36-80cc-257c073c6d52"><testcase classname="backend.tests.test_item_master.TestGSTSlabs" name="test_get_gst_slabs" time="0.592" /><testcase classname="backend.tests.test_item_master.TestCategories" name="test_list_categories" time="0.109" /><testcase classname="backend.tests.test_item_master.TestCategories" name="test_create_category" time="0.104" /><testcase classname="backend.tests.test_item_master.TestCategories" name="test_create_duplicate_category_fails" time="0.118" /><testcase classname="backend.tests.test_item_master.TestCategories" name="test_update_category" time="0.116" /><testcase classname="backend.tests.test_item_master.TestCategories" name="test_delete_category" time="0.111" /><testcase classname="backend.tests.test_item_master.TestCategories" name="test_delete_category_with_products_fails" time="0.222" /><testcase classname="backend.tests.test_item_master.TestProducts" name="test_list_products" time="0.114" /><testcase classname="backend.tests.test_item_master.TestProducts" name="test_filter_products_by_category" time="0.234" /><testcase classname="backend.tests.test_item_master.TestProducts" name="test_search_products_by_name" time="0.107" /><testcase classname="backend.tests.test_item_master.TestProducts" name="test_create_product" time="0.221" /><testcase classname="backend.tests.test_item_master.TestProducts" name="test_create_product_with_invalid_gst_fails" time="0.217" /><testcase classname="backend.tests.test_item_master.TestProducts" name="test_create_duplicate_sku_fails" time="0.247" /><testcase classname="backend.tests.test_item_master.TestProducts" name="test_get_single_product" time="0.129" /><testcase classname="backend.tests.test_item_master.TestProducts" name="test_update_product" time="0.113" /><testcase classname="backend.tests.test_item_master.TestProducts" name="test_delete_product" time="0.244" /><testcase classname="backend.tests.test_item_master.TestBundles" name="test_list_bundles" time="0.102" /><testcase classname="backend.tests.test_item_master.TestBundles" name="test_create_bundle" time="0.340" /><testcase classname="backend.tests.test_item_master.TestBundles" name="test_create_duplicate_bundle_fails" time="0.349" /><testcase classname="backend.tests.test_item_master.TestBundles" name="test_update_bundle" time="0.107" /><testcase classname="backend.tests.test_item_master.TestBundles" name="test_delete_bundle" time="0.114" /><testcase classname="backend.tests.test_item_master.TestProductSuggestions" name="test_get_suggestions_for_bundled_product" time="0.215" /><testcase classname="backend.tests.test_item_master.TestProductSuggestions" name="test_get_suggestions_for_unbundled_product" time="0.225" /><testcase classname="backend.tests.test_item_master.TestProductValidations" name="test_gst_calculation_values" time="0.119" /><testcase classname="backend.tests.test_item_master.TestProductValidations" name="test_product_has_required_fields" time="0.105" /></testsuite></testsuites>