<?xml version="1.0" encoding="utf-8"?><testsuites name="pytest tests"><testsuite name="pytest" errors="0" failures="0" skipped="7" tests="20" time="6.307" timestamp="2026-02-26T07:25:34.925516+00:00" hostname="agent-env-e2009867-c02b-4314-8075-83f3ae6d74e0"><testcase classname="backend.tests.test_job_acceptance_workflow.TestJobAcceptanceWorkflow" name="test_01_admin_login" time="0.811" /><testcase classname="backend.tests.test_job_acceptance_workflow.TestJobAcceptanceWorkflow" name="test_02_list_engineers" time="0.461" /><testcase classname="backend.tests.test_job_acceptance_workflow.TestJobAcceptanceWorkflow" name="test_03_get_help_topics" time="0.436" /><testcase classname="backend.tests.test_job_acceptance_workflow.TestJobAcceptanceWorkflow" name="test_04_pending_assignments_returns_decline_reasons" time="0.455" /><testcase classname="backend.tests.test_job_acceptance_workflow.TestJobAcceptanceWorkflow" name="test_05_create_ticket_for_assignment" time="0.666" /><testcase classname="backend.tests.test_job_acceptance_workflow.TestJobAcceptanceWorkflow" name="test_06_assign_ticket_sets_pending_status" time="0.467" /><testcase classname="backend.tests.test_job_acceptance_workflow.TestJobAcceptanceWorkflow" name="test_07_accept_assignment" time="0.203" /><testcase classname="backend.tests.test_job_acceptance_workflow.TestJobAcceptanceWorkflow" name="test_08_sla_stats_endpoint" time="0.437" /><testcase classname="backend.tests.test_job_acceptance_workflow.TestJobAcceptanceWorkflow" name="test_09_check_escalations_endpoint" time="0.212" /><testcase classname="backend.tests.test_job_acceptance_workflow.TestJobAcceptanceWorkflow" name="test_10_notifications_endpoint" time="0.445" /><testcase classname="backend.tests.test_job_acceptance_workflow.TestJobAcceptanceWorkflow" name="test_11_mark_notification_read" time="0.108" /><testcase classname="backend.tests.test_job_acceptance_workflow.TestJobAcceptanceWorkflow" name="test_12_mark_all_notifications_read" time="0.514" /><testcase classname="backend.tests.test_job_acceptance_workflow.TestJobAcceptanceWorkflow" name="test_13_suggest_reassignment" time="0.213" /><testcase classname="backend.tests.test_job_acceptance_workflow.TestDeclineAndReassignWorkflow" name="test_01_create_ticket_for_decline_test" time="0.122"><skipped type="pytest.skip" message="No admin token">/app/backend/tests/test_job_acceptance_workflow.py:343: No admin token</skipped></testcase><testcase classname="backend.tests.test_job_acceptance_workflow.TestDeclineAndReassignWorkflow" name="test_02_assign_ticket" time="0.108"><skipped type="pytest.skip" message="Prerequisites not met">/app/backend/tests/test_job_acceptance_workflow.py:373: Prerequisites not met</skipped></testcase><testcase classname="backend.tests.test_job_acceptance_workflow.TestDeclineAndReassignWorkflow" name="test_03_decline_requires_reason_id" time="0.102"><skipped type="pytest.skip" message="Prerequisites not met">/app/backend/tests/test_job_acceptance_workflow.py:386: Prerequisites not met</skipped></testcase><testcase classname="backend.tests.test_job_acceptance_workflow.TestDeclineAndReassignWorkflow" name="test_04_reassign_endpoint" time="0.103"><skipped type="pytest.skip" message="Prerequisites not met">/app/backend/tests/test_job_acceptance_workflow.py:402: Prerequisites not met</skipped></testcase><testcase classname="backend.tests.test_job_acceptance_workflow.TestRescheduleWorkflow" name="test_01_reschedule_endpoint_structure" time="0.107"><skipped type="pytest.skip" message="No admin token">/app/backend/tests/test_job_acceptance_workflow.py:454: No admin token</skipped></testcase><testcase classname="backend.tests.test_job_acceptance_workflow.TestTransitionSetsAssignmentPending" name="test_01_transition_with_assignment_sets_pending" time="0.103"><skipped type="pytest.skip" message="No admin token">/app/backend/tests/test_job_acceptance_workflow.py:535: No admin token</skipped></testcase><testcase classname="backend.tests.test_job_acceptance_workflow.TestCleanup" name="test_cleanup_test_tickets" time="0.098"><skipped type="pytest.skip" message="No admin token">/app/backend/tests/test_job_acceptance_workflow.py:628: No admin token</skipped></testcase></testsuite></testsuites>