<?xml version="1.0" encoding="utf-8"?><testsuites name="pytest tests"><testsuite name="pytest" errors="0" failures="0" skipped="0" tests="17" time="3.960" timestamp="2026-01-30T17:12:27.974971+00:00" hostname="agent-env-240357e1-e6e1-4696-95d8-2184d09b47d5"><testcase classname="backend.tests.test_multi_tenant_features.TestMultiTenantFeatures" name="test_api_health" time="0.081" /><testcase classname="backend.tests.test_multi_tenant_features.TestMultiTenantFeatures" name="test_get_org_members" time="0.298" /><testcase classname="backend.tests.test_multi_tenant_features.TestMultiTenantFeatures" name="test_invite_member" time="0.276" /><testcase classname="backend.tests.test_multi_tenant_features.TestMultiTenantFeatures" name="test_invite_member_duplicate" time="0.329" /><testcase classname="backend.tests.test_multi_tenant_features.TestMultiTenantFeatures" name="test_get_custom_domains" time="0.274" /><testcase classname="backend.tests.test_multi_tenant_features.TestMultiTenantFeatures" name="test_create_custom_domain" time="0.280" /><testcase classname="backend.tests.test_multi_tenant_features.TestMultiTenantFeatures" name="test_create_duplicate_domain" time="0.286" /><testcase classname="backend.tests.test_multi_tenant_features.TestMultiTenantFeatures" name="test_verify_domain_not_found" time="0.277" /><testcase classname="backend.tests.test_multi_tenant_features.TestMultiTenantFeatures" name="test_get_email_settings" time="0.274" /><testcase classname="backend.tests.test_multi_tenant_features.TestMultiTenantFeatures" name="test_update_email_settings" time="0.297" /><testcase classname="backend.tests.test_multi_tenant_features.TestMultiTenantFeatures" name="test_get_technician_assignments" time="0.269" /><testcase classname="backend.tests.test_multi_tenant_features.TestMultiTenantFeatures" name="test_create_technician_assignment_invalid_technician" time="0.281" /><testcase classname="backend.tests.test_multi_tenant_features.TestMultiTenantFeatures" name="test_role_definitions_in_members" time="0.274" /><testcase classname="backend.tests.test_multi_tenant_features.TestMultiTenantFeatures" name="test_get_current_organization" time="0.274" /><testcase classname="backend.tests.test_multi_tenant_features.TestMultiTenantFeatures" name="test_get_subscription_plans" time="0.044" /><testcase classname="backend.tests.test_multi_tenant_features.TestRoleBasedAccess" name="test_unauthenticated_access_denied" time="0.036" /><testcase classname="backend.tests.test_multi_tenant_features.TestRoleBasedAccess" name="test_invalid_token_denied" time="0.037" /></testsuite></testsuites>