<?xml version="1.0" encoding="utf-8"?><testsuites name="pytest tests"><testsuite name="pytest" errors="0" failures="0" skipped="0" tests="17" time="4.564" timestamp="2026-01-30T10:04:49.968834+00:00" hostname="agent-env-6b708255-ab3f-48aa-af03-a10ad8f227c0"><testcase classname="backend.tests.test_multi_tenant_auth.TestAdminAuthentication" name="test_admin_login_returns_token" time="0.318" /><testcase classname="backend.tests.test_multi_tenant_auth.TestAdminAuthentication" name="test_admin_token_contains_organization_id" time="0.263" /><testcase classname="backend.tests.test_multi_tenant_auth.TestAuthMeEndpoint" name="test_auth_me_returns_organization_id" time="0.307" /><testcase classname="backend.tests.test_multi_tenant_auth.TestAuthMeEndpoint" name="test_auth_me_returns_organization_name" time="0.309" /><testcase classname="backend.tests.test_multi_tenant_auth.TestAuthMeEndpoint" name="test_auth_me_returns_org_role" time="0.301" /><testcase classname="backend.tests.test_multi_tenant_auth.TestOrgUsageEndpoint" name="test_org_usage_returns_usage_stats" time="0.300" /><testcase classname="backend.tests.test_multi_tenant_auth.TestOrgUsageEndpoint" name="test_org_usage_returns_limits" time="0.300" /><testcase classname="backend.tests.test_multi_tenant_auth.TestOrgCurrentEndpoint" name="test_org_current_returns_organization" time="0.296" /><testcase classname="backend.tests.test_multi_tenant_auth.TestOrgCurrentEndpoint" name="test_org_current_returns_usage" time="0.340" /><testcase classname="backend.tests.test_multi_tenant_auth.TestOrgCurrentEndpoint" name="test_org_current_returns_plan_limits" time="0.299" /><testcase classname="backend.tests.test_multi_tenant_auth.TestTenantScopedCompanies" name="test_companies_list_returns_data" time="0.293" /><testcase classname="backend.tests.test_multi_tenant_auth.TestTenantScopedCompanies" name="test_companies_are_scoped_to_organization" time="0.301" /><testcase classname="backend.tests.test_multi_tenant_auth.TestTenantScopedDevices" name="test_devices_list_returns_data" time="0.345" /><testcase classname="backend.tests.test_multi_tenant_auth.TestTenantScopedDevices" name="test_devices_are_scoped_to_organization" time="0.321" /><testcase classname="backend.tests.test_multi_tenant_auth.TestInvalidAuthentication" name="test_invalid_credentials_returns_401" time="0.078" /><testcase classname="backend.tests.test_multi_tenant_auth.TestInvalidAuthentication" name="test_missing_token_returns_401" time="0.032" /><testcase classname="backend.tests.test_multi_tenant_auth.TestInvalidAuthentication" name="test_invalid_token_returns_401" time="0.034" /></testsuite></testsuites>