<?xml version="1.0" encoding="utf-8"?><testsuites name="pytest tests"><testsuite name="pytest" errors="0" failures="0" skipped="0" tests="15" time="3.313" timestamp="2026-03-02T17:52:12.644725+00:00" hostname="agent-env-0ca69bc2-fe4c-4060-a49c-6317aa100cec"><testcase classname="tests.test_notification_whatsapp_email.TestSettingsPhoneEmailFields" name="test_get_settings_returns_phone_fields" time="0.677" /><testcase classname="tests.test_notification_whatsapp_email.TestSettingsPhoneEmailFields" name="test_get_settings_returns_email_list_fields" time="0.136" /><testcase classname="tests.test_notification_whatsapp_email.TestSettingsPhoneEmailFields" name="test_save_and_load_all_phone_numbers" time="0.248" /><testcase classname="tests.test_notification_whatsapp_email.TestSettingsPhoneEmailFields" name="test_save_and_load_all_email_lists" time="0.254" /><testcase classname="tests.test_notification_whatsapp_email.TestNotificationEndpoint" name="test_send_notification_assigned_type" time="0.274" /><testcase classname="tests.test_notification_whatsapp_email.TestNotificationEndpoint" name="test_send_notification_billing_type" time="0.262" /><testcase classname="tests.test_notification_whatsapp_email.TestNotificationEndpoint" name="test_send_notification_awaiting_parts_type" time="0.129" /><testcase classname="tests.test_notification_whatsapp_email.TestNotificationEndpoint" name="test_send_notification_quote_type" time="0.116" /><testcase classname="tests.test_notification_whatsapp_email.TestNotificationEndpoint" name="test_send_notification_general_type" time="0.123" /><testcase classname="tests.test_notification_whatsapp_email.TestNotificationEndpoint" name="test_notification_adds_timeline_entry" time="0.391" /><testcase classname="tests.test_notification_whatsapp_email.TestNotificationEndpoint" name="test_notification_invalid_ticket_id_returns_404" time="0.114" /><testcase classname="tests.test_notification_whatsapp_email.TestNotificationEndpoint" name="test_notification_unauthorized_returns_401_or_403" time="0.118" /><testcase classname="tests.test_notification_whatsapp_email.TestNotificationEmailMapping" name="test_billing_notification_has_correct_email" time="0.134" /><testcase classname="tests.test_notification_whatsapp_email.TestNotificationEmailMapping" name="test_parts_notification_has_correct_email" time="0.121" /><testcase classname="tests.test_notification_whatsapp_email.TestNotificationEmailMapping" name="test_quote_notification_has_correct_email" time="0.135" /></testsuite></testsuites>