<?xml version="1.0" encoding="utf-8"?><testsuites name="pytest tests"><testsuite name="pytest" errors="3" failures="1" skipped="0" tests="14" time="5.297" timestamp="2026-03-04T12:07:52.763828+00:00" hostname="agent-env-c7d3948e-483f-4b25-8719-911c1cb6005a"><testcase classname="backend.tests.test_p0_features_regression.TestAdminAuth" name="test_admin_login_success" time="0.488" /><testcase classname="backend.tests.test_p0_features_regression.TestEngineerAuth" name="test_engineer_login_success" time="0.334" /><testcase classname="backend.tests.test_p0_features_regression.TestEngineerWorkflowSync" name="test_engineer_ticket_workflow_endpoint" time="0.479" /><testcase classname="backend.tests.test_p0_features_regression.TestEngineerWorkflowSync" name="test_workflow_has_correct_stages_for_onsite_support" time="0.441" /><testcase classname="backend.tests.test_p0_features_regression.TestEngineerWorkflowSync" name="test_workflow_transitions_available" time="0.455" /><testcase classname="backend.tests.test_p0_features_regression.TestQuotationApprovalEmail" name="test_send_quotation_email_endpoint" time="0.432" /><testcase classname="backend.tests.test_p0_features_regression.TestQuotationApprovalEmail" name="test_quotation_public_approval_endpoint" time="0.587" /><testcase classname="backend.tests.test_p0_features_regression.TestQuotationApprovalEmail" name="test_quotation_public_rejection_endpoint" time="0.547" /><testcase classname="backend.tests.test_p0_features_regression.TestQuotationApprovalEmail" name="test_quotation_invalid_token" time="0.105" /><testcase classname="backend.tests.test_p0_features_regression.TestQuotationApprovalEmail" name="test_quotation_already_responded" time="0.458" /><testcase classname="backend.tests.test_p0_features_regression.TestHelpTopicFormLinking" name="test_all_help_topics_have_form_id" time="0.101"><error message="failed on setup with &quot;assert 429 == 200&#10; +  where 429 = &lt;Response [429]&gt;.status_code&quot;">backend/tests/test_p0_features_regression.py:274: in admin_token
    assert response.status_code == 200
E   assert 429 == 200
E    +  where 429 = &lt;Response [429]&gt;.status_code</error></testcase><testcase classname="backend.tests.test_p0_features_regression.TestHelpTopicFormLinking" name="test_help_topic_detail_includes_form" time="0.120"><error message="failed on setup with &quot;assert 429 == 200&#10; +  where 429 = &lt;Response [429]&gt;.status_code&quot;">backend/tests/test_p0_features_regression.py:274: in admin_token
    assert response.status_code == 200
E   assert 429 == 200
E    +  where 429 = &lt;Response [429]&gt;.status_code</error></testcase><testcase classname="backend.tests.test_p0_features_regression.TestAdminTicketDashboard" name="test_tickets_list_endpoint" time="0.105"><error message="failed on setup with &quot;assert 429 == 200&#10; +  where 429 = &lt;Response [429]&gt;.status_code&quot;">backend/tests/test_p0_features_regression.py:340: in admin_token
    assert response.status_code == 200
E   assert 429 == 200
E    +  where 429 = &lt;Response [429]&gt;.status_code</error></testcase><testcase classname="backend.tests.test_p0_features_regression.TestAdminTicketDashboard" name="test_tickets_filter_by_stage" time="0.463"><failure message="AssertionError: Ticket TEST-9999 not in New stage&#10;assert 'Customer Rejected' == 'New'&#10;  &#10;  - New&#10;  + Customer Rejected">backend/tests/test_p0_features_regression.py:371: in test_tickets_filter_by_stage
    assert ticket.get("current_stage_name") == "New", f"Ticket {ticket.get('ticket_number')} not in New stage"
E   AssertionError: Ticket TEST-9999 not in New stage
E   assert 'Customer Rejected' == 'New'
E     
E     - New
E     + Customer Rejected</failure></testcase></testsuite></testsuites>