<?xml version="1.0" encoding="utf-8"?><testsuites name="pytest tests"><testsuite name="pytest" errors="5" failures="0" skipped="2" tests="14" time="4.811" timestamp="2026-03-01T17:14:35.132033+00:00" hostname="agent-env-555dfb9a-261d-4db9-a9a4-c715e0dc6c45"><testcase classname="backend.tests.test_pending_bills.TestPendingBillsAPI" name="test_list_pending_bills_returns_200" time="0.556" /><testcase classname="backend.tests.test_pending_bills.TestPendingBillsAPI" name="test_list_pending_bills_with_pending_filter" time="0.421" /><testcase classname="backend.tests.test_pending_bills.TestPendingBillsAPI" name="test_list_pending_bills_with_billed_filter" time="0.442" /><testcase classname="backend.tests.test_pending_bills.TestPendingBillsAPI" name="test_pending_bill_structure" time="0.405" /><testcase classname="backend.tests.test_pending_bills.TestPendingBillsAPI" name="test_billed_bill_has_invoice_number" time="0.447" /><testcase classname="backend.tests.test_pending_bills.TestPendingBillsAPI" name="test_complete_bill_requires_bill_number" time="0.420"><skipped type="pytest.skip" message="No pending bills to test complete flow">/app/backend/tests/test_pending_bills.py:120: No pending bills to test complete flow</skipped></testcase><testcase classname="backend.tests.test_pending_bills.TestPendingBillsAPI" name="test_complete_bill_rejects_empty_bill_number" time="0.399"><skipped type="pytest.skip" message="No pending bills to test">/app/backend/tests/test_pending_bills.py:136: No pending bills to test</skipped></testcase><testcase classname="backend.tests.test_pending_bills.TestPendingBillsAPI" name="test_complete_bill_not_found" time="0.401" /><testcase classname="backend.tests.test_pending_bills.TestPendingBillsAPI" name="test_complete_bill_already_billed_rejected" time="0.125"><error message="failed on setup with &quot;AssertionError: Login failed: {&quot;error&quot;:&quot;Rate limit exceeded: 5 per 1 minute&quot;}&#10;assert 429 == 200&#10; +  where 429 = &lt;Response [429]&gt;.status_code&quot;">backend/tests/test_pending_bills.py:33: in setup
    assert login_res.status_code == 200, f"Login failed: {login_res.text}"
E   AssertionError: Login failed: {"error":"Rate limit exceeded: 5 per 1 minute"}
E   assert 429 == 200
E    +  where 429 = &lt;Response [429]&gt;.status_code</error></testcase><testcase classname="backend.tests.test_pending_bills.TestPendingBillsAPI" name="test_settings_billing_emails_get" time="0.115"><error message="failed on setup with &quot;AssertionError: Login failed: {&quot;error&quot;:&quot;Rate limit exceeded: 5 per 1 minute&quot;}&#10;assert 429 == 200&#10; +  where 429 = &lt;Response [429]&gt;.status_code&quot;">backend/tests/test_pending_bills.py:33: in setup
    assert login_res.status_code == 200, f"Login failed: {login_res.text}"
E   AssertionError: Login failed: {"error":"Rate limit exceeded: 5 per 1 minute"}
E   assert 429 == 200
E    +  where 429 = &lt;Response [429]&gt;.status_code</error></testcase><testcase classname="backend.tests.test_pending_bills.TestPendingBillsAPI" name="test_settings_billing_emails_update" time="0.617" /><testcase classname="backend.tests.test_pending_bills.TestPendingBillsAPI" name="test_inventory_adjust_purchase" time="0.112"><error message="failed on setup with &quot;AssertionError: Login failed: {&quot;error&quot;:&quot;Rate limit exceeded: 5 per 1 minute&quot;}&#10;assert 429 == 200&#10; +  where 429 = &lt;Response [429]&gt;.status_code&quot;">backend/tests/test_pending_bills.py:33: in setup
    assert login_res.status_code == 200, f"Login failed: {login_res.text}"
E   AssertionError: Login failed: {"error":"Rate limit exceeded: 5 per 1 minute"}
E   assert 429 == 200
E    +  where 429 = &lt;Response [429]&gt;.status_code</error></testcase><testcase classname="backend.tests.test_pending_bills.TestPendingBillsDataValidation" name="test_bill_totals_calculation" time="0.118"><error message="failed on setup with &quot;assert 429 == 200&#10; +  where 429 = &lt;Response [429]&gt;.status_code&quot;">backend/tests/test_pending_bills.py:259: in setup
    assert login_res.status_code == 200
E   assert 429 == 200
E    +  where 429 = &lt;Response [429]&gt;.status_code</error></testcase><testcase classname="backend.tests.test_pending_bills.TestPendingBillsDataValidation" name="test_bill_items_have_added_by" time="0.127"><error message="failed on setup with &quot;assert 429 == 200&#10; +  where 429 = &lt;Response [429]&gt;.status_code&quot;">backend/tests/test_pending_bills.py:259: in setup
    assert login_res.status_code == 200
E   assert 429 == 200
E    +  where 429 = &lt;Response [429]&gt;.status_code</error></testcase></testsuite></testsuites>