<?xml version="1.0" encoding="utf-8"?><testsuites name="pytest tests"><testsuite name="pytest" errors="0" failures="0" skipped="2" tests="14" time="1.845" timestamp="2026-03-01T17:16:18.234072+00:00" hostname="agent-env-555dfb9a-261d-4db9-a9a4-c715e0dc6c45"><testcase classname="backend.tests.test_pending_bills.TestPendingBillsAPI" name="test_list_pending_bills_returns_200" time="0.553" /><testcase classname="backend.tests.test_pending_bills.TestPendingBillsAPI" name="test_list_pending_bills_with_pending_filter" time="0.063" /><testcase classname="backend.tests.test_pending_bills.TestPendingBillsAPI" name="test_list_pending_bills_with_billed_filter" time="0.062" /><testcase classname="backend.tests.test_pending_bills.TestPendingBillsAPI" name="test_pending_bill_structure" time="0.063" /><testcase classname="backend.tests.test_pending_bills.TestPendingBillsAPI" name="test_billed_bill_has_invoice_number" time="0.079" /><testcase classname="backend.tests.test_pending_bills.TestPendingBillsAPI" name="test_complete_bill_requires_bill_number" time="0.062"><skipped type="pytest.skip" message="No pending bills to test complete flow">/app/backend/tests/test_pending_bills.py:125: No pending bills to test complete flow</skipped></testcase><testcase classname="backend.tests.test_pending_bills.TestPendingBillsAPI" name="test_complete_bill_rejects_empty_bill_number" time="0.061"><skipped type="pytest.skip" message="No pending bills to test">/app/backend/tests/test_pending_bills.py:139: No pending bills to test</skipped></testcase><testcase classname="backend.tests.test_pending_bills.TestPendingBillsAPI" name="test_complete_bill_not_found" time="0.069" /><testcase classname="backend.tests.test_pending_bills.TestPendingBillsAPI" name="test_complete_bill_already_billed_rejected" time="0.124" /><testcase classname="backend.tests.test_pending_bills.TestPendingBillsAPI" name="test_settings_billing_emails_get" time="0.061" /><testcase classname="backend.tests.test_pending_bills.TestPendingBillsAPI" name="test_settings_billing_emails_update" time="0.242" /><testcase classname="backend.tests.test_pending_bills.TestPendingBillsAPI" name="test_inventory_adjust_purchase" time="0.197" /><testcase classname="backend.tests.test_pending_bills.TestPendingBillsAPI" name="test_bill_totals_calculation" time="0.070" /><testcase classname="backend.tests.test_pending_bills.TestPendingBillsAPI" name="test_bill_items_have_added_by" time="0.063" /></testsuite></testsuites>