<?xml version="1.0" encoding="utf-8"?><testsuites name="pytest tests"><testsuite name="pytest" errors="0" failures="0" skipped="0" tests="17" time="3.676" timestamp="2026-01-31T09:34:05.052674+00:00" hostname="agent-env-240357e1-e6e1-4696-95d8-2184d09b47d5"><testcase classname="backend.tests.test_plan_management.TestPublicPlansAPI" name="test_public_plans_returns_list" time="0.065" /><testcase classname="backend.tests.test_plan_management.TestPublicPlansAPI" name="test_public_plans_structure" time="0.041" /><testcase classname="backend.tests.test_plan_management.TestPublicPlansAPI" name="test_public_plans_only_active_public" time="0.041" /><testcase classname="backend.tests.test_plan_management.TestPublicPlansAPI" name="test_public_plans_has_default_plans" time="0.042" /><testcase classname="backend.tests.test_plan_management.TestPublicPlansAPI" name="test_public_plans_pricing_correct" time="0.037" /><testcase classname="backend.tests.test_plan_management.TestPlatformAdminAuth" name="test_platform_login_success" time="0.267" /><testcase classname="backend.tests.test_plan_management.TestPlatformAdminAuth" name="test_platform_login_invalid_credentials" time="0.038" /><testcase classname="backend.tests.test_plan_management.TestPlatformPlansAPI" name="test_get_platform_plans" time="0.297" /><testcase classname="backend.tests.test_plan_management.TestPlatformPlansAPI" name="test_get_plan_metadata" time="0.306" /><testcase classname="backend.tests.test_plan_management.TestPlatformPlansAPI" name="test_create_plan" time="0.341" /><testcase classname="backend.tests.test_plan_management.TestPlatformPlansAPI" name="test_create_plan_duplicate_slug_fails" time="0.336" /><testcase classname="backend.tests.test_plan_management.TestPlatformPlansAPI" name="test_update_plan" time="0.383" /><testcase classname="backend.tests.test_plan_management.TestPlatformPlansAPI" name="test_delete_plan_without_customers" time="0.378" /><testcase classname="backend.tests.test_plan_management.TestPlatformPlansAPI" name="test_plans_require_auth" time="0.034" /><testcase classname="backend.tests.test_plan_management.TestPlanAuditLogs" name="test_audit_logs_exist" time="0.304" /><testcase classname="backend.tests.test_plan_management.TestPlanAuditLogs" name="test_plan_changes_create_audit_logs" time="0.378" /><testcase classname="backend.tests.test_plan_management.TestPlanSeeding" name="test_seed_plans_when_exist" time="0.339" /></testsuite></testsuites>