<?xml version="1.0" encoding="utf-8"?><testsuites name="pytest tests"><testsuite name="pytest" errors="0" failures="0" skipped="3" tests="17" time="3.437" timestamp="2026-01-31T09:32:37.437284+00:00" hostname="agent-env-240357e1-e6e1-4696-95d8-2184d09b47d5"><testcase classname="backend.tests.test_plan_management.TestPublicPlansAPI" name="test_public_plans_returns_list" time="0.091" /><testcase classname="backend.tests.test_plan_management.TestPublicPlansAPI" name="test_public_plans_structure" time="0.042" /><testcase classname="backend.tests.test_plan_management.TestPublicPlansAPI" name="test_public_plans_only_active_public" time="0.044" /><testcase classname="backend.tests.test_plan_management.TestPublicPlansAPI" name="test_public_plans_has_default_plans" time="0.037" /><testcase classname="backend.tests.test_plan_management.TestPublicPlansAPI" name="test_public_plans_pricing_correct" time="0.042" /><testcase classname="backend.tests.test_plan_management.TestPlatformAdminAuth" name="test_platform_login_success" time="0.303" /><testcase classname="backend.tests.test_plan_management.TestPlatformAdminAuth" name="test_platform_login_invalid_credentials" time="0.041" /><testcase classname="backend.tests.test_plan_management.TestPlatformPlansAPI" name="test_get_platform_plans" time="0.301" /><testcase classname="backend.tests.test_plan_management.TestPlatformPlansAPI" name="test_get_plan_metadata" time="0.340" /><testcase classname="backend.tests.test_plan_management.TestPlatformPlansAPI" name="test_create_plan" time="0.379" /><testcase classname="backend.tests.test_plan_management.TestPlatformPlansAPI" name="test_create_plan_duplicate_slug_fails" time="0.344" /><testcase classname="backend.tests.test_plan_management.TestPlatformPlansAPI" name="test_update_plan" time="0.299"><skipped type="pytest.skip" message="Could not create test plan">/app/backend/tests/test_plan_management.py:249: Could not create test plan</skipped></testcase><testcase classname="backend.tests.test_plan_management.TestPlatformPlansAPI" name="test_delete_plan_without_customers" time="0.040"><skipped type="pytest.skip" message="Platform admin login failed">/app/backend/tests/test_plan_management.py:271: Platform admin login failed</skipped></testcase><testcase classname="backend.tests.test_plan_management.TestPlatformPlansAPI" name="test_plans_require_auth" time="0.040" /><testcase classname="backend.tests.test_plan_management.TestPlanAuditLogs" name="test_audit_logs_exist" time="0.301" /><testcase classname="backend.tests.test_plan_management.TestPlanAuditLogs" name="test_plan_changes_create_audit_logs" time="0.299"><skipped type="pytest.skip" message="Could not create test plan">/app/backend/tests/test_plan_management.py:337: Could not create test plan</skipped></testcase><testcase classname="backend.tests.test_plan_management.TestPlanSeeding" name="test_seed_plans_when_exist" time="0.302" /></testsuite></testsuites>