<?xml version="1.0" encoding="utf-8"?><testsuites name="pytest tests"><testsuite name="pytest" errors="0" failures="0" skipped="0" tests="16" time="5.176" timestamp="2026-01-30T11:30:00.301522+00:00" hostname="agent-env-0c3abfb9-df18-44c1-b090-b71a66992c4e"><testcase classname="backend.tests.test_platform_admin.TestPlatformAuth" name="test_platform_login_success" time="0.337" /><testcase classname="backend.tests.test_platform_admin.TestPlatformAuth" name="test_platform_login_invalid_credentials" time="0.043" /><testcase classname="backend.tests.test_platform_admin.TestPlatformAuth" name="test_platform_me_endpoint" time="0.309" /><testcase classname="backend.tests.test_platform_admin.TestPlatformDashboard" name="test_dashboard_stats_returns_revenue_metrics" time="0.313" /><testcase classname="backend.tests.test_platform_admin.TestPlatformDashboard" name="test_dashboard_stats_unauthorized" time="0.299" /><testcase classname="backend.tests.test_platform_admin.TestPlatformOrganizations" name="test_list_organizations" time="0.308" /><testcase classname="backend.tests.test_platform_admin.TestPlatformOrganizations" name="test_list_organizations_with_status_filter" time="0.307" /><testcase classname="backend.tests.test_platform_admin.TestPlatformOrganizations" name="test_get_organization_details" time="0.357" /><testcase classname="backend.tests.test_platform_admin.TestPlatformOrganizations" name="test_update_organization_plan" time="0.432" /><testcase classname="backend.tests.test_platform_admin.TestPlatformOrganizations" name="test_organization_not_found" time="0.316" /><testcase classname="backend.tests.test_platform_admin.TestPlatformAdmins" name="test_list_platform_admins" time="0.324" /><testcase classname="backend.tests.test_platform_admin.TestPlatformAuditLogs" name="test_get_audit_logs" time="0.318" /><testcase classname="backend.tests.test_platform_admin.TestPlatformAuditLogs" name="test_audit_logs_with_action_filter" time="0.320" /><testcase classname="backend.tests.test_platform_admin.TestPlatformAuditLogs" name="test_audit_logs_with_entity_type_filter" time="0.333" /><testcase classname="backend.tests.test_platform_admin.TestPlatformSettings" name="test_get_platform_settings" time="0.312" /><testcase classname="backend.tests.test_platform_admin.TestPlatformSettings" name="test_update_platform_settings" time="0.445" /></testsuite></testsuites>