<?xml version="1.0" encoding="utf-8"?><testsuites name="pytest tests"><testsuite name="pytest" errors="0" failures="0" skipped="0" tests="10" time="3.807" timestamp="2026-02-01T10:24:13.999230+00:00" hostname="agent-env-e9f8dc6e-f86e-4000-8d11-b7eddd2b1a5d"><testcase classname="backend.tests.test_platform_dashboard_stats.TestPlatformDashboardStats" name="test_platform_login_success" time="0.607" /><testcase classname="backend.tests.test_platform_dashboard_stats.TestPlatformDashboardStats" name="test_platform_login_invalid_credentials" time="0.531" /><testcase classname="backend.tests.test_platform_dashboard_stats.TestPlatformDashboardStats" name="test_dashboard_stats_endpoint_exists" time="0.314" /><testcase classname="backend.tests.test_platform_dashboard_stats.TestPlatformDashboardStats" name="test_dashboard_stats_totals" time="0.323" /><testcase classname="backend.tests.test_platform_dashboard_stats.TestPlatformDashboardStats" name="test_dashboard_stats_organizations_by_status" time="0.318" /><testcase classname="backend.tests.test_platform_dashboard_stats.TestPlatformDashboardStats" name="test_dashboard_stats_organizations_by_plan" time="0.317" /><testcase classname="backend.tests.test_platform_dashboard_stats.TestPlatformDashboardStats" name="test_dashboard_stats_recent_organizations" time="0.352" /><testcase classname="backend.tests.test_platform_dashboard_stats.TestPlatformDashboardStats" name="test_dashboard_stats_requires_auth" time="0.297" /><testcase classname="backend.tests.test_platform_dashboard_stats.TestPlatformDashboardStats" name="test_dashboard_stats_revenue_section" time="0.312" /><testcase classname="backend.tests.test_platform_dashboard_stats.TestPlatformDashboardStats" name="test_dashboard_stats_growth_section" time="0.316" /></testsuite></testsuites>