<?xml version="1.0" encoding="utf-8"?><testsuites name="pytest tests"><testsuite name="pytest" errors="5" failures="0" skipped="0" tests="15" time="5.849" timestamp="2026-03-04T13:30:25.997053+00:00" hostname="agent-env-c7d3948e-483f-4b25-8719-911c1cb6005a"><testcase classname="backend.tests.test_profitability_features.TestProfitabilityBackend" name="test_get_service_cost_config" time="0.571" /><testcase classname="backend.tests.test_profitability_features.TestProfitabilityBackend" name="test_get_service_cost_config_default_tiers" time="0.403" /><testcase classname="backend.tests.test_profitability_features.TestProfitabilityBackend" name="test_update_service_cost_config" time="0.589" /><testcase classname="backend.tests.test_profitability_features.TestProfitabilityBackend" name="test_update_travel_tiers" time="0.532" /><testcase classname="backend.tests.test_profitability_features.TestProfitabilityBackend" name="test_set_profitability_password" time="0.618" /><testcase classname="backend.tests.test_profitability_features.TestProfitabilityBackend" name="test_verify_profitability_password_correct" time="0.608" /><testcase classname="backend.tests.test_profitability_features.TestProfitabilityBackend" name="test_verify_profitability_password_wrong" time="0.621" /><testcase classname="backend.tests.test_profitability_features.TestProfitabilityBackend" name="test_get_profitability_data" time="0.397" /><testcase classname="backend.tests.test_profitability_features.TestProfitabilityBackend" name="test_profitability_devices_structure" time="0.407" /><testcase classname="backend.tests.test_profitability_features.TestProfitabilityBackend" name="test_profitability_company_rollup" time="0.375" /><testcase classname="backend.tests.test_profitability_features.TestProfitabilityBackend" name="test_profitability_summary_values" time="0.138"><error message="failed on setup with &quot;AssertionError: Login failed: {&quot;error&quot;:&quot;Rate limit exceeded: 5 per 1 minute&quot;}&#10;assert 429 == 200&#10; +  where 429 = &lt;Response [429]&gt;.status_code&quot;">backend/tests/test_profitability_features.py:28: in setup
    assert login_resp.status_code == 200, f"Login failed: {login_resp.text}"
E   AssertionError: Login failed: {"error":"Rate limit exceeded: 5 per 1 minute"}
E   assert 429 == 200
E    +  where 429 = &lt;Response [429]&gt;.status_code</error></testcase><testcase classname="backend.tests.test_profitability_features.TestProfitabilityBackend" name="test_service_cost_config_requires_auth" time="0.126"><error message="failed on setup with &quot;AssertionError: Login failed: {&quot;error&quot;:&quot;Rate limit exceeded: 5 per 1 minute&quot;}&#10;assert 429 == 200&#10; +  where 429 = &lt;Response [429]&gt;.status_code&quot;">backend/tests/test_profitability_features.py:28: in setup
    assert login_resp.status_code == 200, f"Login failed: {login_resp.text}"
E   AssertionError: Login failed: {"error":"Rate limit exceeded: 5 per 1 minute"}
E   assert 429 == 200
E    +  where 429 = &lt;Response [429]&gt;.status_code</error></testcase><testcase classname="backend.tests.test_profitability_features.TestProfitabilityBackend" name="test_profitability_password_requires_auth" time="0.118"><error message="failed on setup with &quot;AssertionError: Login failed: {&quot;error&quot;:&quot;Rate limit exceeded: 5 per 1 minute&quot;}&#10;assert 429 == 200&#10; +  where 429 = &lt;Response [429]&gt;.status_code&quot;">backend/tests/test_profitability_features.py:28: in setup
    assert login_resp.status_code == 200, f"Login failed: {login_resp.text}"
E   AssertionError: Login failed: {"error":"Rate limit exceeded: 5 per 1 minute"}
E   assert 429 == 200
E    +  where 429 = &lt;Response [429]&gt;.status_code</error></testcase><testcase classname="backend.tests.test_profitability_features.TestProfitabilityBackend" name="test_profitability_data_requires_auth" time="0.108"><error message="failed on setup with &quot;AssertionError: Login failed: {&quot;error&quot;:&quot;Rate limit exceeded: 5 per 1 minute&quot;}&#10;assert 429 == 200&#10; +  where 429 = &lt;Response [429]&gt;.status_code&quot;">backend/tests/test_profitability_features.py:28: in setup
    assert login_resp.status_code == 200, f"Login failed: {login_resp.text}"
E   AssertionError: Login failed: {"error":"Rate limit exceeded: 5 per 1 minute"}
E   assert 429 == 200
E    +  where 429 = &lt;Response [429]&gt;.status_code</error></testcase><testcase classname="backend.tests.test_profitability_features.TestEngineerHourlyRate" name="test_get_engineers_includes_hourly_rate" time="0.133"><error message="failed on setup with &quot;assert 429 == 200&#10; +  where 429 = &lt;Response [429]&gt;.status_code&quot;">backend/tests/test_profitability_features.py:341: in setup
    assert login_resp.status_code == 200
E   assert 429 == 200
E    +  where 429 = &lt;Response [429]&gt;.status_code</error></testcase></testsuite></testsuites>