<?xml version="1.0" encoding="utf-8"?><testsuites name="pytest tests"><testsuite name="pytest" errors="0" failures="0" skipped="0" tests="20" time="8.982" timestamp="2026-03-04T16:59:01.792266+00:00" hostname="agent-env-9c8d4517-0b3b-498e-9951-40135b455dfa"><testcase classname="backend.tests.test_projects_module.TestProjectsAuthentication" name="test_admin_login" time="0.455" /><testcase classname="backend.tests.test_projects_module.TestProjectTemplates" name="test_seed_default_templates" time="0.548" /><testcase classname="backend.tests.test_projects_module.TestProjectTemplates" name="test_list_templates" time="0.124" /><testcase classname="backend.tests.test_projects_module.TestProjectTemplates" name="test_create_custom_template" time="0.133" /><testcase classname="backend.tests.test_projects_module.TestProjectTemplates" name="test_update_template" time="0.399" /><testcase classname="backend.tests.test_projects_module.TestProjectTemplates" name="test_delete_template" time="0.369" /><testcase classname="backend.tests.test_projects_module.TestProjects" name="test_list_projects" time="0.503" /><testcase classname="backend.tests.test_projects_module.TestProjects" name="test_list_projects_with_status_filter" time="0.348" /><testcase classname="backend.tests.test_projects_module.TestProjects" name="test_create_project" time="0.222" /><testcase classname="backend.tests.test_projects_module.TestProjects" name="test_get_project_detail" time="0.338" /><testcase classname="backend.tests.test_projects_module.TestProjects" name="test_update_project" time="0.383" /><testcase classname="backend.tests.test_projects_module.TestProjects" name="test_delete_project" time="0.346" /><testcase classname="backend.tests.test_projects_module.TestTasksAndSubtasks" name="test_add_task_from_template" time="0.888" /><testcase classname="backend.tests.test_projects_module.TestTasksAndSubtasks" name="test_project_activates_on_task_add" time="0.142" /><testcase classname="backend.tests.test_projects_module.TestTasksAndSubtasks" name="test_subtask_sequential_completion" time="0.476" /><testcase classname="backend.tests.test_projects_module.TestTasksAndSubtasks" name="test_subtask_status_transitions" time="0.672" /><testcase classname="backend.tests.test_projects_module.TestTasksAndSubtasks" name="test_subtask_assignment" time="0.116" /><testcase classname="backend.tests.test_projects_module.TestTasksAndSubtasks" name="test_delete_task" time="0.447" /><testcase classname="backend.tests.test_projects_module.TestStaffList" name="test_get_staff_list" time="0.470" /><testcase classname="backend.tests.test_projects_module.TestAutoCompletion" name="test_task_auto_completes_when_all_subtasks_done" time="1.531" /></testsuite></testsuites>