<?xml version="1.0" encoding="utf-8"?><testsuites name="pytest tests"><testsuite name="pytest" errors="0" failures="0" skipped="0" tests="20" time="2.790" timestamp="2026-01-09T17:31:42.282769+00:00" hostname="agent-env-fe0e5d76-6c15-42cc-b538-700983bb6f12"><testcase classname="tests.test_qr_code_quick_request.TestQRCodeEndpoint" name="test_qr_code_returns_png_image" time="0.093" /><testcase classname="tests.test_qr_code_quick_request.TestQRCodeEndpoint" name="test_qr_code_with_custom_size" time="0.050" /><testcase classname="tests.test_qr_code_quick_request.TestQRCodeEndpoint" name="test_qr_code_invalid_device_returns_404" time="0.042" /><testcase classname="tests.test_qr_code_quick_request.TestQRCodeEndpoint" name="test_qr_code_has_cache_headers" time="0.046" /><testcase classname="tests.test_qr_code_quick_request.TestPublicDeviceInfoEndpoint" name="test_device_info_returns_complete_data" time="0.049" /><testcase classname="tests.test_qr_code_quick_request.TestPublicDeviceInfoEndpoint" name="test_device_info_includes_company" time="0.043" /><testcase classname="tests.test_qr_code_quick_request.TestPublicDeviceInfoEndpoint" name="test_device_info_includes_amc_status" time="0.044" /><testcase classname="tests.test_qr_code_quick_request.TestPublicDeviceInfoEndpoint" name="test_device_info_includes_service_history" time="0.051" /><testcase classname="tests.test_qr_code_quick_request.TestPublicDeviceInfoEndpoint" name="test_device_info_includes_parts" time="0.049" /><testcase classname="tests.test_qr_code_quick_request.TestPublicDeviceInfoEndpoint" name="test_device_info_invalid_device_returns_404" time="0.037" /><testcase classname="tests.test_qr_code_quick_request.TestQuickServiceRequestEndpoint" name="test_quick_request_creates_ticket" time="0.223" /><testcase classname="tests.test_qr_code_quick_request.TestQuickServiceRequestEndpoint" name="test_quick_request_returns_device_info" time="0.168" /><testcase classname="tests.test_qr_code_quick_request.TestQuickServiceRequestEndpoint" name="test_quick_request_all_categories" time="0.916" /><testcase classname="tests.test_qr_code_quick_request.TestQuickServiceRequestEndpoint" name="test_quick_request_without_phone" time="0.194" /><testcase classname="tests.test_qr_code_quick_request.TestQuickServiceRequestEndpoint" name="test_quick_request_requires_name" time="0.045" /><testcase classname="tests.test_qr_code_quick_request.TestQuickServiceRequestEndpoint" name="test_quick_request_requires_email" time="0.040" /><testcase classname="tests.test_qr_code_quick_request.TestQuickServiceRequestEndpoint" name="test_quick_request_requires_description" time="0.056" /><testcase classname="tests.test_qr_code_quick_request.TestQuickServiceRequestEndpoint" name="test_quick_request_invalid_device_returns_404" time="0.055" /><testcase classname="tests.test_qr_code_quick_request.TestQuickServiceRequestEndpoint" name="test_quick_request_no_auth_required" time="0.210" /><testcase classname="tests.test_qr_code_quick_request.TestOsTicketIntegration" name="test_quick_request_osticket_field_present" time="0.180" /></testsuite></testsuites>