<?xml version="1.0" encoding="utf-8"?><testsuites name="pytest tests"><testsuite name="pytest" errors="0" failures="0" skipped="0" tests="17" time="3.751" timestamp="2026-02-27T13:59:27.260580+00:00" hostname="agent-env-4e704c51-9e1b-4c36-80cc-257c073c6d52"><testcase classname="backend.tests.test_quotation_api_v2.TestAdminQuotationCRUD" name="test_create_quotation_with_line_items" time="0.762" /><testcase classname="backend.tests.test_quotation_api_v2.TestAdminQuotationCRUD" name="test_create_quotation_requires_items" time="0.165" /><testcase classname="backend.tests.test_quotation_api_v2.TestAdminQuotationCRUD" name="test_list_quotations" time="0.162" /><testcase classname="backend.tests.test_quotation_api_v2.TestAdminQuotationCRUD" name="test_get_single_quotation" time="0.124" /><testcase classname="backend.tests.test_quotation_api_v2.TestAdminQuotationCRUD" name="test_update_draft_quotation" time="0.279" /><testcase classname="backend.tests.test_quotation_api_v2.TestAdminQuotationCRUD" name="test_send_quotation" time="0.103" /><testcase classname="backend.tests.test_quotation_api_v2.TestAdminQuotationCRUD" name="test_cannot_update_sent_quotation" time="0.116" /><testcase classname="backend.tests.test_quotation_api_v2.TestAdminQuotationCRUD" name="test_cannot_send_already_sent_quotation" time="0.109" /><testcase classname="backend.tests.test_quotation_api_v2.TestGSTCalculation" name="test_gst_calculation_per_line_item" time="0.212" /><testcase classname="backend.tests.test_quotation_api_v2.TestGSTCalculation" name="test_gst_zero_slab" time="0.232" /><testcase classname="backend.tests.test_quotation_api_v2.TestGSTCalculation" name="test_gst_28_percent_slab" time="0.235" /><testcase classname="backend.tests.test_quotation_api_v2.TestCompanyQuotations" name="test_company_list_quotations_endpoint_exists" time="0.130" /><testcase classname="backend.tests.test_quotation_api_v2.TestCompanyQuotations" name="test_company_respond_endpoint_exists" time="0.114" /><testcase classname="backend.tests.test_quotation_api_v2.TestQuotationDeletion" name="test_delete_quotation" time="0.367" /><testcase classname="backend.tests.test_quotation_api_v2.TestQuotationDeletion" name="test_delete_nonexistent_quotation" time="0.141" /><testcase classname="backend.tests.test_quotation_api_v2.TestItemMasterIntegration" name="test_product_suggestions_for_quotation" time="0.243" /><testcase classname="backend.tests.test_quotation_api_v2.TestCleanup" name="test_cleanup_test_quotation" time="0.125" /></testsuite></testsuites>