<?xml version="1.0" encoding="utf-8"?><testsuites name="pytest tests"><testsuite name="pytest" errors="0" failures="0" skipped="0" tests="21" time="5.355" timestamp="2026-01-25T10:35:56.428986+00:00" hostname="agent-env-93478415-97cd-4aae-94bd-dcec3a1e2a4a"><testcase classname="tests.test_security_features.TestSecurityInfoEndpoint" name="test_security_info_returns_password_requirements" time="0.062" /><testcase classname="tests.test_security_features.TestSecurityInfoEndpoint" name="test_security_info_returns_rate_limiting_config" time="0.035" /><testcase classname="tests.test_security_features.TestSecurityInfoEndpoint" name="test_security_info_returns_session_timeout" time="0.040" /><testcase classname="tests.test_security_features.TestAdminLogin" name="test_admin_login_success" time="0.287" /><testcase classname="tests.test_security_features.TestAdminLogin" name="test_admin_login_invalid_credentials" time="0.263" /><testcase classname="tests.test_security_features.TestAdminLogin" name="test_admin_login_nonexistent_user" time="0.038" /><testcase classname="tests.test_security_features.TestCompanyLogin" name="test_company_login_success" time="0.262" /><testcase classname="tests.test_security_features.TestCompanyLogin" name="test_company_login_invalid_credentials" time="0.260" /><testcase classname="tests.test_security_features.TestPasswordStrengthValidation" name="test_password_too_short" time="0.334" /><testcase classname="tests.test_security_features.TestPasswordStrengthValidation" name="test_password_missing_uppercase" time="0.330" /><testcase classname="tests.test_security_features.TestPasswordStrengthValidation" name="test_password_missing_lowercase" time="0.330" /><testcase classname="tests.test_security_features.TestPasswordStrengthValidation" name="test_password_missing_digit" time="0.324" /><testcase classname="tests.test_security_features.TestPasswordStrengthValidation" name="test_password_missing_special_char" time="0.324" /><testcase classname="tests.test_security_features.TestPasswordStrengthValidation" name="test_strong_password_accepted" time="0.589" /><testcase classname="tests.test_security_features.TestPartsEndpoint" name="test_parts_endpoint_returns_all_fields" time="0.297" /><testcase classname="tests.test_security_features.TestPartsEndpoint" name="test_parts_have_brand_and_model" time="0.299" /><testcase classname="tests.test_security_features.TestPartsEndpoint" name="test_parts_have_warranty_info" time="0.293" /><testcase classname="tests.test_security_features.TestPartsEndpoint" name="test_parts_have_cost_and_vendor" time="0.293" /><testcase classname="tests.test_security_features.TestRateLimiting" name="test_rate_limit_info_in_security_endpoint" time="0.039" /><testcase classname="tests.test_security_features.TestRateLimiting" name="test_login_rate_limit_headers" time="0.257" /><testcase classname="tests.test_security_features.TestDeviceDetailsWithParts" name="test_device_details_endpoint" time="0.314" /></testsuite></testsuites>