<?xml version="1.0" encoding="utf-8"?><testsuites name="pytest tests"><testsuite name="pytest" errors="0" failures="4" skipped="0" tests="21" time="5.350" timestamp="2026-01-25T10:35:17.943093+00:00" hostname="agent-env-93478415-97cd-4aae-94bd-dcec3a1e2a4a"><testcase classname="tests.test_security_features.TestSecurityInfoEndpoint" name="test_security_info_returns_password_requirements" time="0.069" /><testcase classname="tests.test_security_features.TestSecurityInfoEndpoint" name="test_security_info_returns_rate_limiting_config" time="0.039" /><testcase classname="tests.test_security_features.TestSecurityInfoEndpoint" name="test_security_info_returns_session_timeout" time="0.032" /><testcase classname="tests.test_security_features.TestAdminLogin" name="test_admin_login_success" time="0.280" /><testcase classname="tests.test_security_features.TestAdminLogin" name="test_admin_login_invalid_credentials" time="0.261" /><testcase classname="tests.test_security_features.TestAdminLogin" name="test_admin_login_nonexistent_user" time="0.035" /><testcase classname="tests.test_security_features.TestCompanyLogin" name="test_company_login_success" time="0.261" /><testcase classname="tests.test_security_features.TestCompanyLogin" name="test_company_login_invalid_credentials" time="0.261" /><testcase classname="tests.test_security_features.TestPasswordStrengthValidation" name="test_password_too_short" time="0.331" /><testcase classname="tests.test_security_features.TestPasswordStrengthValidation" name="test_password_missing_uppercase" time="0.320"><failure message="AssertionError: assert 'uppercase' in 'email already registered'&#10; +  where 'email already registered' = &lt;built-in method lower of str object at 0xf940dd455a70&gt;()&#10; +    where &lt;built-in method lower of str object at 0xf940dd455a70&gt; = 'Email already registered'.lower">tests/test_security_features.py:184: in test_password_missing_uppercase
    assert "uppercase" in data["detail"].lower()
E   AssertionError: assert 'uppercase' in 'email already registered'
E    +  where 'email already registered' = &lt;built-in method lower of str object at 0xf940dd455a70&gt;()
E    +    where &lt;built-in method lower of str object at 0xf940dd455a70&gt; = 'Email already registered'.lower</failure></testcase><testcase classname="tests.test_security_features.TestPasswordStrengthValidation" name="test_password_missing_lowercase" time="0.327"><failure message="AssertionError: assert 'lowercase' in 'email already registered'&#10; +  where 'email already registered' = &lt;built-in method lower of str object at 0xf940dd4759d0&gt;()&#10; +    where &lt;built-in method lower of str object at 0xf940dd4759d0&gt; = 'Email already registered'.lower">tests/test_security_features.py:208: in test_password_missing_lowercase
    assert "lowercase" in data["detail"].lower()
E   AssertionError: assert 'lowercase' in 'email already registered'
E    +  where 'email already registered' = &lt;built-in method lower of str object at 0xf940dd4759d0&gt;()
E    +    where &lt;built-in method lower of str object at 0xf940dd4759d0&gt; = 'Email already registered'.lower</failure></testcase><testcase classname="tests.test_security_features.TestPasswordStrengthValidation" name="test_password_missing_digit" time="0.332"><failure message="AssertionError: assert 'digit' in 'email already registered'&#10; +  where 'email already registered' = &lt;built-in method lower of str object at 0xf940dd4a4170&gt;()&#10; +    where &lt;built-in method lower of str object at 0xf940dd4a4170&gt; = 'Email already registered'.lower">tests/test_security_features.py:232: in test_password_missing_digit
    assert "digit" in data["detail"].lower()
E   AssertionError: assert 'digit' in 'email already registered'
E    +  where 'email already registered' = &lt;built-in method lower of str object at 0xf940dd4a4170&gt;()
E    +    where &lt;built-in method lower of str object at 0xf940dd4a4170&gt; = 'Email already registered'.lower</failure></testcase><testcase classname="tests.test_security_features.TestPasswordStrengthValidation" name="test_password_missing_special_char" time="0.324"><failure message="AssertionError: assert 'special' in 'email already registered'&#10; +  where 'email already registered' = &lt;built-in method lower of str object at 0xf940dd4a6e70&gt;()&#10; +    where &lt;built-in method lower of str object at 0xf940dd4a6e70&gt; = 'Email already registered'.lower">tests/test_security_features.py:256: in test_password_missing_special_char
    assert "special" in data["detail"].lower()
E   AssertionError: assert 'special' in 'email already registered'
E    +  where 'email already registered' = &lt;built-in method lower of str object at 0xf940dd4a6e70&gt;()
E    +    where &lt;built-in method lower of str object at 0xf940dd4a6e70&gt; = 'Email already registered'.lower</failure></testcase><testcase classname="tests.test_security_features.TestPasswordStrengthValidation" name="test_strong_password_accepted" time="0.588" /><testcase classname="tests.test_security_features.TestPartsEndpoint" name="test_parts_endpoint_returns_all_fields" time="0.295" /><testcase classname="tests.test_security_features.TestPartsEndpoint" name="test_parts_have_brand_and_model" time="0.298" /><testcase classname="tests.test_security_features.TestPartsEndpoint" name="test_parts_have_warranty_info" time="0.293" /><testcase classname="tests.test_security_features.TestPartsEndpoint" name="test_parts_have_cost_and_vendor" time="0.292" /><testcase classname="tests.test_security_features.TestRateLimiting" name="test_rate_limit_info_in_security_endpoint" time="0.037" /><testcase classname="tests.test_security_features.TestRateLimiting" name="test_login_rate_limit_headers" time="0.255" /><testcase classname="tests.test_security_features.TestDeviceDetailsWithParts" name="test_device_details_endpoint" time="0.326" /></testsuite></testsuites>