<?xml version="1.0" encoding="utf-8"?><testsuites name="pytest tests"><testsuite name="pytest" errors="0" failures="5" skipped="0" tests="21" time="6.328" timestamp="2026-01-25T10:34:22.664121+00:00" hostname="agent-env-93478415-97cd-4aae-94bd-dcec3a1e2a4a"><testcase classname="tests.test_security_features.TestSecurityInfoEndpoint" name="test_security_info_returns_password_requirements" time="0.065" /><testcase classname="tests.test_security_features.TestSecurityInfoEndpoint" name="test_security_info_returns_rate_limiting_config" time="0.037" /><testcase classname="tests.test_security_features.TestSecurityInfoEndpoint" name="test_security_info_returns_session_timeout" time="0.038" /><testcase classname="tests.test_security_features.TestAdminLogin" name="test_admin_login_success" time="0.283" /><testcase classname="tests.test_security_features.TestAdminLogin" name="test_admin_login_invalid_credentials" time="0.260" /><testcase classname="tests.test_security_features.TestAdminLogin" name="test_admin_login_nonexistent_user" time="0.040" /><testcase classname="tests.test_security_features.TestCompanyLogin" name="test_company_login_success" time="0.263" /><testcase classname="tests.test_security_features.TestCompanyLogin" name="test_company_login_invalid_credentials" time="0.257" /><testcase classname="tests.test_security_features.TestPasswordStrengthValidation" name="test_password_too_short" time="0.343"><failure message="AssertionError: assert ('8 characters' in 'password must be at least 6 characters' or 'length' in 'password must be at least 6 characters')&#10; +  where 'password must be at least 6 characters' = &lt;built-in method lower of str object at 0xfef9bf2cf450&gt;()&#10; +    where &lt;built-in method lower of str object at 0xfef9bf2cf450&gt; = 'Password must be at least 6 characters'.lower&#10; +  and   'password must be at least 6 characters' = &lt;built-in method lower of str object at 0xfef9bf2cf450&gt;()&#10; +    where &lt;built-in method lower of str object at 0xfef9bf2cf450&gt; = 'Password must be at least 6 characters'.lower">tests/test_security_features.py:160: in test_password_too_short
    assert "8 characters" in data["detail"].lower() or "length" in data["detail"].lower()
E   AssertionError: assert ('8 characters' in 'password must be at least 6 characters' or 'length' in 'password must be at least 6 characters')
E    +  where 'password must be at least 6 characters' = &lt;built-in method lower of str object at 0xfef9bf2cf450&gt;()
E    +    where &lt;built-in method lower of str object at 0xfef9bf2cf450&gt; = 'Password must be at least 6 characters'.lower
E    +  and   'password must be at least 6 characters' = &lt;built-in method lower of str object at 0xfef9bf2cf450&gt;()
E    +    where &lt;built-in method lower of str object at 0xfef9bf2cf450&gt; = 'Password must be at least 6 characters'.lower</failure></testcase><testcase classname="tests.test_security_features.TestPasswordStrengthValidation" name="test_password_missing_uppercase" time="0.550"><failure message="assert 200 == 400&#10; +  where 200 = &lt;Response [200]&gt;.status_code">tests/test_security_features.py:182: in test_password_missing_uppercase
    assert response.status_code == 400
E   assert 200 == 400
E    +  where 200 = &lt;Response [200]&gt;.status_code</failure></testcase><testcase classname="tests.test_security_features.TestPasswordStrengthValidation" name="test_password_missing_lowercase" time="0.554"><failure message="assert 200 == 400&#10; +  where 200 = &lt;Response [200]&gt;.status_code">tests/test_security_features.py:206: in test_password_missing_lowercase
    assert response.status_code == 400
E   assert 200 == 400
E    +  where 200 = &lt;Response [200]&gt;.status_code</failure></testcase><testcase classname="tests.test_security_features.TestPasswordStrengthValidation" name="test_password_missing_digit" time="0.545"><failure message="assert 200 == 400&#10; +  where 200 = &lt;Response [200]&gt;.status_code">tests/test_security_features.py:230: in test_password_missing_digit
    assert response.status_code == 400
E   assert 200 == 400
E    +  where 200 = &lt;Response [200]&gt;.status_code</failure></testcase><testcase classname="tests.test_security_features.TestPasswordStrengthValidation" name="test_password_missing_special_char" time="0.549"><failure message="assert 200 == 400&#10; +  where 200 = &lt;Response [200]&gt;.status_code">tests/test_security_features.py:254: in test_password_missing_special_char
    assert response.status_code == 400
E   assert 200 == 400
E    +  where 200 = &lt;Response [200]&gt;.status_code</failure></testcase><testcase classname="tests.test_security_features.TestPasswordStrengthValidation" name="test_strong_password_accepted" time="0.598" /><testcase classname="tests.test_security_features.TestPartsEndpoint" name="test_parts_endpoint_returns_all_fields" time="0.294" /><testcase classname="tests.test_security_features.TestPartsEndpoint" name="test_parts_have_brand_and_model" time="0.297" /><testcase classname="tests.test_security_features.TestPartsEndpoint" name="test_parts_have_warranty_info" time="0.310" /><testcase classname="tests.test_security_features.TestPartsEndpoint" name="test_parts_have_cost_and_vendor" time="0.290" /><testcase classname="tests.test_security_features.TestRateLimiting" name="test_rate_limit_info_in_security_endpoint" time="0.031" /><testcase classname="tests.test_security_features.TestRateLimiting" name="test_login_rate_limit_headers" time="0.255" /><testcase classname="tests.test_security_features.TestDeviceDetailsWithParts" name="test_device_details_endpoint" time="0.294" /></testsuite></testsuites>