<?xml version="1.0" encoding="utf-8"?><testsuites name="pytest tests"><testsuite name="pytest" errors="0" failures="0" skipped="0" tests="17" time="1.545" timestamp="2026-02-06T14:05:53.877489+00:00" hostname="agent-env-1c223541-0b5b-4380-b9c6-124c3c198504"><testcase classname="backend.tests.test_service_tickets_frontend.TestServiceTicketsAPI" name="test_list_tickets" time="0.422" /><testcase classname="backend.tests.test_service_tickets_frontend.TestServiceTicketsAPI" name="test_get_stats" time="0.054" /><testcase classname="backend.tests.test_service_tickets_frontend.TestServiceTicketsAPI" name="test_get_statuses" time="0.050" /><testcase classname="backend.tests.test_service_tickets_frontend.TestServiceTicketsAPI" name="test_filter_by_status" time="0.044" /><testcase classname="backend.tests.test_service_tickets_frontend.TestServiceTicketsAPI" name="test_filter_by_priority" time="0.046" /><testcase classname="backend.tests.test_service_tickets_frontend.TestTicketLifecycle" name="test_01_create_ticket" time="0.045" /><testcase classname="backend.tests.test_service_tickets_frontend.TestTicketLifecycle" name="test_02_assign_ticket" time="0.047" /><testcase classname="backend.tests.test_service_tickets_frontend.TestTicketLifecycle" name="test_03_start_work" time="0.052" /><testcase classname="backend.tests.test_service_tickets_frontend.TestTicketLifecycle" name="test_04_complete_ticket" time="0.055" /><testcase classname="backend.tests.test_service_tickets_frontend.TestTicketLifecycle" name="test_05_close_ticket" time="0.042" /><testcase classname="backend.tests.test_service_tickets_frontend.TestTicketLifecycle" name="test_06_verify_status_history" time="0.144" /><testcase classname="backend.tests.test_service_tickets_frontend.TestOldRoutesRemoved" name="test_old_ticketing_tickets_route" time="0.047" /><testcase classname="backend.tests.test_service_tickets_frontend.TestOldRoutesRemoved" name="test_old_admin_tickets_route" time="0.041" /><testcase classname="backend.tests.test_service_tickets_frontend.TestOldRoutesRemoved" name="test_old_ticketing_settings_route" time="0.047" /><testcase classname="backend.tests.test_service_tickets_frontend.TestTicketCRUD" name="test_get_ticket_by_id" time="0.093" /><testcase classname="backend.tests.test_service_tickets_frontend.TestTicketCRUD" name="test_update_ticket" time="0.084" /><testcase classname="backend.tests.test_service_tickets_frontend.TestTicketCRUD" name="test_add_comment" time="0.082" /></testsuite></testsuites>