<?xml version="1.0" encoding="utf-8"?><testsuites name="pytest tests"><testsuite name="pytest" errors="0" failures="0" skipped="0" tests="65" time="53.194" timestamp="2026-02-06T12:55:03.302170+00:00" hostname="agent-env-1c223541-0b5b-4380-b9c6-124c3c198504"><testcase classname="tests.test_service_inventory_module.TestProblemMasterAPI" name="test_list_problem_categories" time="0.364" /><testcase classname="tests.test_service_inventory_module.TestProblemMasterAPI" name="test_seed_default_problems" time="0.038" /><testcase classname="tests.test_service_inventory_module.TestProblemMasterAPI" name="test_list_problems" time="0.040" /><testcase classname="tests.test_service_inventory_module.TestProblemMasterAPI" name="test_create_problem" time="0.049" /><testcase classname="tests.test_service_inventory_module.TestProblemMasterAPI" name="test_get_problem" time="0.045" /><testcase classname="tests.test_service_inventory_module.TestProblemMasterAPI" name="test_update_problem" time="0.043" /><testcase classname="tests.test_service_inventory_module.TestProblemMasterAPI" name="test_delete_problem" time="0.047" /><testcase classname="tests.test_service_inventory_module.TestItemMasterAPI" name="test_list_item_categories" time="0.082" /><testcase classname="tests.test_service_inventory_module.TestItemMasterAPI" name="test_create_item" time="0.044" /><testcase classname="tests.test_service_inventory_module.TestItemMasterAPI" name="test_list_items" time="0.045" /><testcase classname="tests.test_service_inventory_module.TestItemMasterAPI" name="test_search_items" time="0.040" /><testcase classname="tests.test_service_inventory_module.TestItemMasterAPI" name="test_get_item" time="0.049" /><testcase classname="tests.test_service_inventory_module.TestItemMasterAPI" name="test_update_item" time="0.085" /><testcase classname="tests.test_service_inventory_module.TestItemMasterAPI" name="test_get_item_stock" time="0.040" /><testcase classname="tests.test_service_inventory_module.TestItemMasterAPI" name="test_delete_item" time="0.049" /><testcase classname="tests.test_service_inventory_module.TestInventoryLocationAPI" name="test_list_location_types" time="0.043" /><testcase classname="tests.test_service_inventory_module.TestInventoryLocationAPI" name="test_create_location" time="0.250" /><testcase classname="tests.test_service_inventory_module.TestInventoryLocationAPI" name="test_list_locations" time="0.047" /><testcase classname="tests.test_service_inventory_module.TestInventoryLocationAPI" name="test_get_location" time="0.045" /><testcase classname="tests.test_service_inventory_module.TestInventoryLocationAPI" name="test_update_location" time="0.042" /><testcase classname="tests.test_service_inventory_module.TestInventoryLocationAPI" name="test_delete_location" time="0.038" /><testcase classname="tests.test_service_inventory_module.TestStockLedgerAPI" name="test_stock_adjustment_positive" time="0.179" /><testcase classname="tests.test_service_inventory_module.TestStockLedgerAPI" name="test_get_stock_levels" time="0.140" /><testcase classname="tests.test_service_inventory_module.TestStockLedgerAPI" name="test_get_stock_by_location" time="0.160" /><testcase classname="tests.test_service_inventory_module.TestStockLedgerAPI" name="test_get_stock_ledger" time="0.130" /><testcase classname="tests.test_service_inventory_module.TestStockLedgerAPI" name="test_stock_adjustment_negative" time="0.214" /><testcase classname="tests.test_service_inventory_module.TestVendorMasterAPI" name="test_create_vendor" time="0.085" /><testcase classname="tests.test_service_inventory_module.TestVendorMasterAPI" name="test_list_vendors" time="0.054" /><testcase classname="tests.test_service_inventory_module.TestVendorMasterAPI" name="test_search_vendors" time="0.051" /><testcase classname="tests.test_service_inventory_module.TestVendorMasterAPI" name="test_get_vendor" time="0.050" /><testcase classname="tests.test_service_inventory_module.TestVendorMasterAPI" name="test_update_vendor" time="0.039" /><testcase classname="tests.test_service_inventory_module.TestVendorMasterAPI" name="test_add_vendor_item_mapping" time="0.048" /><testcase classname="tests.test_service_inventory_module.TestVendorMasterAPI" name="test_get_vendors_for_item" time="0.038" /><testcase classname="tests.test_service_inventory_module.TestVendorMasterAPI" name="test_delete_vendor" time="0.035" /><testcase classname="tests.test_service_inventory_module.TestServiceTicketsNewAPI" name="test_get_ticket_statuses" time="0.037" /><testcase classname="tests.test_service_inventory_module.TestServiceTicketsNewAPI" name="test_create_ticket" time="0.043" /><testcase classname="tests.test_service_inventory_module.TestServiceTicketsNewAPI" name="test_list_tickets" time="0.049" /><testcase classname="tests.test_service_inventory_module.TestServiceTicketsNewAPI" name="test_get_ticket_stats" time="0.039" /><testcase classname="tests.test_service_inventory_module.TestServiceTicketsNewAPI" name="test_get_ticket" time="0.048" /><testcase classname="tests.test_service_inventory_module.TestServiceTicketsNewAPI" name="test_update_ticket" time="0.043" /><testcase classname="tests.test_service_inventory_module.TestServiceTicketsNewAPI" name="test_assign_ticket" time="0.051" /><testcase classname="tests.test_service_inventory_module.TestServiceTicketsNewAPI" name="test_start_work" time="0.044" /><testcase classname="tests.test_service_inventory_module.TestServiceTicketsNewAPI" name="test_add_comment" time="0.048" /><testcase classname="tests.test_service_inventory_module.TestServiceTicketsNewAPI" name="test_complete_ticket" time="0.041" /><testcase classname="tests.test_service_inventory_module.TestServiceTicketsNewAPI" name="test_close_ticket" time="0.039" /><testcase classname="tests.test_service_inventory_module.TestServiceTicketsNewAPI" name="test_ticket_lifecycle_cancel" time="0.080" /><testcase classname="tests.test_service_inventory_module.TestServiceVisitsAPI" name="test_create_visit" time="0.079" /><testcase classname="tests.test_service_inventory_module.TestServiceVisitsAPI" name="test_list_visits" time="0.089" /><testcase classname="tests.test_service_inventory_module.TestServiceVisitsAPI" name="test_get_todays_visits" time="0.097" /><testcase classname="tests.test_service_inventory_module.TestServiceVisitsAPI" name="test_get_technician_visits" time="0.116" /><testcase classname="tests.test_service_inventory_module.TestServiceVisitsAPI" name="test_get_visit" time="0.088" /><testcase classname="tests.test_service_inventory_module.TestServiceVisitsAPI" name="test_update_visit" time="0.090" /><testcase classname="tests.test_service_inventory_module.TestServiceVisitsAPI" name="test_start_timer" time="2.133" /><testcase classname="tests.test_service_inventory_module.TestServiceVisitsAPI" name="test_add_action" time="0.085" /><testcase classname="tests.test_service_inventory_module.TestServiceVisitsAPI" name="test_stop_timer" time="0.084" /><testcase classname="tests.test_service_inventory_module.TestTicketPartsAPI" name="test_create_part_request" time="0.236" /><testcase classname="tests.test_service_inventory_module.TestTicketPartsAPI" name="test_list_part_requests" time="40.176" /><testcase classname="tests.test_service_inventory_module.TestTicketPartsAPI" name="test_get_pending_requests" time="0.269" /><testcase classname="tests.test_service_inventory_module.TestTicketPartsAPI" name="test_get_part_request" time="0.318" /><testcase classname="tests.test_service_inventory_module.TestTicketPartsAPI" name="test_approve_part_request" time="4.458" /><testcase classname="tests.test_service_inventory_module.TestTicketPartsAPI" name="test_issue_part" time="0.272" /><testcase classname="tests.test_service_inventory_module.TestTicketPartsAPI" name="test_list_part_issues" time="0.271" /><testcase classname="tests.test_service_inventory_module.TestTicketPartsAPI" name="test_get_part_issue" time="0.289" /><testcase classname="tests.test_service_inventory_module.TestTicketPartsAPI" name="test_return_part" time="0.279" /><testcase classname="tests.test_service_inventory_module.TestStockTransferAPI" name="test_stock_transfer" time="0.294" /></testsuite></testsuites>