<?xml version="1.0" encoding="utf-8"?><testsuites name="pytest tests"><testsuite name="pytest" errors="0" failures="0" skipped="0" tests="27" time="9.682" timestamp="2026-02-04T17:31:13.758704+00:00" hostname="agent-env-2ebfa57a-a8c4-40c1-a600-1b5fdac59496"><testcase classname="backend.tests.test_service_request_fsm.TestServiceRequestFSM" name="test_service_requests_require_auth" time="0.382" /><testcase classname="backend.tests.test_service_request_fsm.TestServiceRequestFSM" name="test_get_all_fsm_states" time="0.298" /><testcase classname="backend.tests.test_service_request_fsm.TestServiceRequestFSM" name="test_create_service_request_basic" time="0.317" /><testcase classname="backend.tests.test_service_request_fsm.TestServiceRequestFSM" name="test_create_service_request_with_customer" time="0.301" /><testcase classname="backend.tests.test_service_request_fsm.TestServiceRequestFSM" name="test_create_service_request_with_location" time="0.316" /><testcase classname="backend.tests.test_service_request_fsm.TestServiceRequestFSM" name="test_list_service_requests" time="0.283" /><testcase classname="backend.tests.test_service_request_fsm.TestServiceRequestFSM" name="test_list_service_requests_with_filters" time="0.330" /><testcase classname="backend.tests.test_service_request_fsm.TestServiceRequestFSM" name="test_list_service_requests_search" time="0.360" /><testcase classname="backend.tests.test_service_request_fsm.TestServiceRequestFSM" name="test_get_service_request_stats" time="0.288" /><testcase classname="backend.tests.test_service_request_fsm.TestServiceRequestFSM" name="test_get_service_request_detail" time="0.354" /><testcase classname="backend.tests.test_service_request_fsm.TestServiceRequestFSM" name="test_get_nonexistent_request" time="0.327" /><testcase classname="backend.tests.test_service_request_fsm.TestServiceRequestFSM" name="test_transition_created_to_assigned" time="0.353" /><testcase classname="backend.tests.test_service_request_fsm.TestServiceRequestFSM" name="test_transition_assigned_to_accepted" time="0.322" /><testcase classname="backend.tests.test_service_request_fsm.TestServiceRequestFSM" name="test_transition_assigned_to_declined" time="0.333" /><testcase classname="backend.tests.test_service_request_fsm.TestServiceRequestFSM" name="test_full_happy_path_to_resolved" time="0.470" /><testcase classname="backend.tests.test_service_request_fsm.TestServiceRequestFSM" name="test_cancel_from_any_state" time="0.427" /><testcase classname="backend.tests.test_service_request_fsm.TestServiceRequestFSM" name="test_invalid_transition_rejected" time="0.313" /><testcase classname="backend.tests.test_service_request_fsm.TestServiceRequestFSM" name="test_invalid_transition_from_resolved" time="0.396" /><testcase classname="backend.tests.test_service_request_fsm.TestServiceRequestFSM" name="test_invalid_transition_from_cancelled" time="0.415" /><testcase classname="backend.tests.test_service_request_fsm.TestServiceRequestFSM" name="test_assign_endpoint" time="0.408" /><testcase classname="backend.tests.test_service_request_fsm.TestServiceRequestFSM" name="test_accept_endpoint" time="0.372" /><testcase classname="backend.tests.test_service_request_fsm.TestServiceRequestFSM" name="test_decline_endpoint" time="0.337" /><testcase classname="backend.tests.test_service_request_fsm.TestServiceRequestFSM" name="test_start_visit_endpoint" time="0.394" /><testcase classname="backend.tests.test_service_request_fsm.TestServiceRequestFSM" name="test_complete_visit_endpoint" time="0.378" /><testcase classname="backend.tests.test_service_request_fsm.TestServiceRequestFSM" name="test_resolve_endpoint" time="0.361" /><testcase classname="backend.tests.test_service_request_fsm.TestServiceRequestFSM" name="test_cancel_endpoint" time="0.355" /><testcase classname="backend.tests.test_service_request_fsm.TestServiceRequestFSM" name="test_state_history_endpoint" time="0.373" /></testsuite></testsuites>