<?xml version="1.0" encoding="utf-8"?><testsuites name="pytest tests"><testsuite name="pytest" errors="0" failures="0" skipped="0" tests="18" time="56.128" timestamp="2026-01-28T07:57:34.290091+00:00" hostname="agent-env-3c1fb258-a53b-482f-a0d7-900885ae063c"><testcase classname="backend.tests.test_service_history.TestServiceOptions" name="test_get_service_options_returns_all_dropdowns" time="0.065" /><testcase classname="backend.tests.test_service_history.TestServiceCRUD" name="test_create_internal_service_minimal_fields" time="0.723" /><testcase classname="backend.tests.test_service_history.TestServiceCRUD" name="test_create_oem_warranty_service_with_oem_details" time="0.794" /><testcase classname="backend.tests.test_service_history.TestServiceCRUD" name="test_oem_service_requires_oem_details" time="0.827" /><testcase classname="backend.tests.test_service_history.TestServiceCRUD" name="test_oem_service_requires_oem_name" time="0.838" /><testcase classname="backend.tests.test_service_history.TestServiceCRUD" name="test_oem_service_requires_case_number" time="0.734" /><testcase classname="backend.tests.test_service_history.TestServiceCRUD" name="test_oem_service_requires_warranty_type" time="0.788" /><testcase classname="backend.tests.test_service_history.TestServiceCRUD" name="test_oem_service_requires_case_raised_date" time="0.756" /><testcase classname="backend.tests.test_service_history.TestServiceCRUD" name="test_oem_service_requires_case_raised_via" time="0.723" /><testcase classname="backend.tests.test_service_history.TestServiceFilters" name="test_list_services_no_filter" time="0.315" /><testcase classname="backend.tests.test_service_history.TestServiceFilters" name="test_list_services_filter_by_category" time="0.299" /><testcase classname="backend.tests.test_service_history.TestServiceFilters" name="test_list_services_filter_by_status" time="0.298" /><testcase classname="backend.tests.test_service_history.TestServiceFilters" name="test_list_services_filter_by_device" time="0.367" /><testcase classname="backend.tests.test_service_history.TestServiceUpdate" name="test_update_service_basic_fields" time="0.442" /><testcase classname="backend.tests.test_service_history.TestServiceUpdate" name="test_update_service_to_oem_category" time="36.345" /><testcase classname="backend.tests.test_service_history.TestServiceClosure" name="test_close_service_requires_resolution_summary" time="7.660" /><testcase classname="backend.tests.test_service_history.TestServiceClosure" name="test_close_service_with_outcome" time="3.518" /><testcase classname="backend.tests.test_service_history.TestServiceClosure" name="test_closed_service_cannot_be_modified" time="0.529" /></testsuite></testsuites>