<?xml version="1.0" encoding="utf-8"?><testsuites name="pytest tests"><testsuite name="pytest" errors="8" failures="0" skipped="0" tests="26" time="7.690" timestamp="2026-01-28T07:53:03.765967+00:00" hostname="agent-env-3c1fb258-a53b-482f-a0d7-900885ae063c"><testcase classname="backend.tests.test_service_history.TestServiceOptions" name="test_get_service_options_returns_all_dropdowns" time="0.080" /><testcase classname="backend.tests.test_service_history.TestServiceCRUD" name="test_create_internal_service_minimal_fields" time="0.473"><error message="failed on teardown with &quot;AttributeError: 'NoneType' object has no attribute 'startswith'&quot;">backend/tests/test_service_history.py:91: in setup
    if service.get("notes", "").startswith("TEST_"):
       ^^^^^^^^^^^^^^^^^^^^^^^^^^^^^^^^^^^
E   AttributeError: 'NoneType' object has no attribute 'startswith'</error></testcase><testcase classname="backend.tests.test_service_history.TestServiceCRUD" name="test_create_oem_warranty_service_with_oem_details" time="0.424"><error message="failed on teardown with &quot;AttributeError: 'NoneType' object has no attribute 'startswith'&quot;">backend/tests/test_service_history.py:91: in setup
    if service.get("notes", "").startswith("TEST_"):
       ^^^^^^^^^^^^^^^^^^^^^^^^^^^^^^^^^^^
E   AttributeError: 'NoneType' object has no attribute 'startswith'</error></testcase><testcase classname="backend.tests.test_service_history.TestServiceCRUD" name="test_oem_service_requires_oem_details" time="0.424"><error message="failed on teardown with &quot;AttributeError: 'NoneType' object has no attribute 'startswith'&quot;">backend/tests/test_service_history.py:91: in setup
    if service.get("notes", "").startswith("TEST_"):
       ^^^^^^^^^^^^^^^^^^^^^^^^^^^^^^^^^^^
E   AttributeError: 'NoneType' object has no attribute 'startswith'</error></testcase><testcase classname="backend.tests.test_service_history.TestServiceCRUD" name="test_oem_service_requires_oem_name" time="0.426"><error message="failed on teardown with &quot;AttributeError: 'NoneType' object has no attribute 'startswith'&quot;">backend/tests/test_service_history.py:91: in setup
    if service.get("notes", "").startswith("TEST_"):
       ^^^^^^^^^^^^^^^^^^^^^^^^^^^^^^^^^^^
E   AttributeError: 'NoneType' object has no attribute 'startswith'</error></testcase><testcase classname="backend.tests.test_service_history.TestServiceCRUD" name="test_oem_service_requires_case_number" time="0.435"><error message="failed on teardown with &quot;AttributeError: 'NoneType' object has no attribute 'startswith'&quot;">backend/tests/test_service_history.py:91: in setup
    if service.get("notes", "").startswith("TEST_"):
       ^^^^^^^^^^^^^^^^^^^^^^^^^^^^^^^^^^^
E   AttributeError: 'NoneType' object has no attribute 'startswith'</error></testcase><testcase classname="backend.tests.test_service_history.TestServiceCRUD" name="test_oem_service_requires_warranty_type" time="0.424"><error message="failed on teardown with &quot;AttributeError: 'NoneType' object has no attribute 'startswith'&quot;">backend/tests/test_service_history.py:91: in setup
    if service.get("notes", "").startswith("TEST_"):
       ^^^^^^^^^^^^^^^^^^^^^^^^^^^^^^^^^^^
E   AttributeError: 'NoneType' object has no attribute 'startswith'</error></testcase><testcase classname="backend.tests.test_service_history.TestServiceCRUD" name="test_oem_service_requires_case_raised_date" time="0.419"><error message="failed on teardown with &quot;AttributeError: 'NoneType' object has no attribute 'startswith'&quot;">backend/tests/test_service_history.py:91: in setup
    if service.get("notes", "").startswith("TEST_"):
       ^^^^^^^^^^^^^^^^^^^^^^^^^^^^^^^^^^^
E   AttributeError: 'NoneType' object has no attribute 'startswith'</error></testcase><testcase classname="backend.tests.test_service_history.TestServiceCRUD" name="test_oem_service_requires_case_raised_via" time="0.425"><error message="failed on teardown with &quot;AttributeError: 'NoneType' object has no attribute 'startswith'&quot;">backend/tests/test_service_history.py:91: in setup
    if service.get("notes", "").startswith("TEST_"):
       ^^^^^^^^^^^^^^^^^^^^^^^^^^^^^^^^^^^
E   AttributeError: 'NoneType' object has no attribute 'startswith'</error></testcase><testcase classname="backend.tests.test_service_history.TestServiceFilters" name="test_list_services_no_filter" time="0.310" /><testcase classname="backend.tests.test_service_history.TestServiceFilters" name="test_list_services_filter_by_category" time="0.307" /><testcase classname="backend.tests.test_service_history.TestServiceFilters" name="test_list_services_filter_by_status" time="0.311" /><testcase classname="backend.tests.test_service_history.TestServiceFilters" name="test_list_services_filter_by_device" time="0.403" /><testcase classname="backend.tests.test_service_history.TestServiceUpdate" name="test_update_service_basic_fields" time="0.517" /><testcase classname="backend.tests.test_service_history.TestServiceUpdate" name="test_update_service_to_oem_category" time="0.520" /><testcase classname="backend.tests.test_service_history.TestServiceClosure" name="test_close_service_requires_resolution_summary" time="0.542" /><testcase classname="backend.tests.test_service_history.TestServiceClosure" name="test_close_service_with_outcome" time="0.500" /><testcase classname="backend.tests.test_service_history.TestServiceClosure" name="test_closed_service_cannot_be_modified" time="0.515" /></testsuite></testsuites>