<?xml version="1.0" encoding="utf-8"?><testsuites name="pytest tests"><testsuite name="pytest" errors="0" failures="25" skipped="0" tests="27" time="9.590" timestamp="2026-02-04T17:30:40.168247+00:00" hostname="agent-env-2ebfa57a-a8c4-40c1-a600-1b5fdac59496"><testcase classname="backend.tests.test_service_request_fsm.TestServiceRequestFSM" name="test_service_requests_require_auth" time="0.382" /><testcase classname="backend.tests.test_service_request_fsm.TestServiceRequestFSM" name="test_get_all_fsm_states" time="0.294"><failure message="AssertionError: Expected 200, got 401&#10;assert 401 == 200&#10; +  where 401 = &lt;Response [401]&gt;.status_code">backend/tests/test_service_request_fsm.py:89: in test_get_all_fsm_states
    assert response.status_code == 200, f"Expected 200, got {response.status_code}"
E   AssertionError: Expected 200, got 401
E   assert 401 == 200
E    +  where 401 = &lt;Response [401]&gt;.status_code</failure></testcase><testcase classname="backend.tests.test_service_request_fsm.TestServiceRequestFSM" name="test_create_service_request_basic" time="0.285"><failure message="AssertionError: Expected 200, got 401: {&quot;detail&quot;:&quot;Could not validate credentials&quot;}&#10;assert 401 == 200&#10; +  where 401 = &lt;Response [401]&gt;.status_code">backend/tests/test_service_request_fsm.py:130: in test_create_service_request_basic
    assert response.status_code == 200, f"Expected 200, got {response.status_code}: {response.text}"
E   AssertionError: Expected 200, got 401: {"detail":"Could not validate credentials"}
E   assert 401 == 200
E    +  where 401 = &lt;Response [401]&gt;.status_code</failure></testcase><testcase classname="backend.tests.test_service_request_fsm.TestServiceRequestFSM" name="test_create_service_request_with_customer" time="0.290"><failure message="AssertionError: Expected 200, got 401&#10;assert 401 == 200&#10; +  where 401 = &lt;Response [401]&gt;.status_code">backend/tests/test_service_request_fsm.py:168: in test_create_service_request_with_customer
    assert response.status_code == 200, f"Expected 200, got {response.status_code}"
E   AssertionError: Expected 200, got 401
E   assert 401 == 200
E    +  where 401 = &lt;Response [401]&gt;.status_code</failure></testcase><testcase classname="backend.tests.test_service_request_fsm.TestServiceRequestFSM" name="test_create_service_request_with_location" time="0.291"><failure message="AssertionError: Expected 200, got 401&#10;assert 401 == 200&#10; +  where 401 = &lt;Response [401]&gt;.status_code">backend/tests/test_service_request_fsm.py:195: in test_create_service_request_with_location
    assert response.status_code == 200, f"Expected 200, got {response.status_code}"
E   AssertionError: Expected 200, got 401
E   assert 401 == 200
E    +  where 401 = &lt;Response [401]&gt;.status_code</failure></testcase><testcase classname="backend.tests.test_service_request_fsm.TestServiceRequestFSM" name="test_list_service_requests" time="0.330"><failure message="AssertionError: Expected 200, got 401&#10;assert 401 == 200&#10; +  where 401 = &lt;Response [401]&gt;.status_code">backend/tests/test_service_request_fsm.py:213: in test_list_service_requests
    assert response.status_code == 200, f"Expected 200, got {response.status_code}"
E   AssertionError: Expected 200, got 401
E   assert 401 == 200
E    +  where 401 = &lt;Response [401]&gt;.status_code</failure></testcase><testcase classname="backend.tests.test_service_request_fsm.TestServiceRequestFSM" name="test_list_service_requests_with_filters" time="0.361"><failure message="assert 401 == 200&#10; +  where 401 = &lt;Response [401]&gt;.status_code">backend/tests/test_service_request_fsm.py:234: in test_list_service_requests_with_filters
    assert response.status_code == 200
E   assert 401 == 200
E    +  where 401 = &lt;Response [401]&gt;.status_code</failure></testcase><testcase classname="backend.tests.test_service_request_fsm.TestServiceRequestFSM" name="test_list_service_requests_search" time="0.290" /><testcase classname="backend.tests.test_service_request_fsm.TestServiceRequestFSM" name="test_get_service_request_stats" time="0.280"><failure message="AssertionError: Expected 200, got 401&#10;assert 401 == 200&#10; +  where 401 = &lt;Response [401]&gt;.status_code">backend/tests/test_service_request_fsm.py:272: in test_get_service_request_stats
    assert response.status_code == 200, f"Expected 200, got {response.status_code}"
E   AssertionError: Expected 200, got 401
E   assert 401 == 200
E    +  where 401 = &lt;Response [401]&gt;.status_code</failure></testcase><testcase classname="backend.tests.test_service_request_fsm.TestServiceRequestFSM" name="test_get_service_request_detail" time="0.329"><failure message="assert 401 == 200&#10; +  where 401 = &lt;Response [401]&gt;.status_code">backend/tests/test_service_request_fsm.py:296: in test_get_service_request_detail
    assert create_response.status_code == 200
E   assert 401 == 200
E    +  where 401 = &lt;Response [401]&gt;.status_code</failure></testcase><testcase classname="backend.tests.test_service_request_fsm.TestServiceRequestFSM" name="test_get_nonexistent_request" time="0.324"><failure message="AssertionError: Expected 404, got 401&#10;assert 401 == 404&#10; +  where 401 = &lt;Response [401]&gt;.status_code">backend/tests/test_service_request_fsm.py:320: in test_get_nonexistent_request
    assert response.status_code == 404, f"Expected 404, got {response.status_code}"
E   AssertionError: Expected 404, got 401
E   assert 401 == 404
E    +  where 401 = &lt;Response [401]&gt;.status_code</failure></testcase><testcase classname="backend.tests.test_service_request_fsm.TestServiceRequestFSM" name="test_transition_created_to_assigned" time="0.371"><failure message="AttributeError: 'NoneType' object has no attribute 'get'">backend/tests/test_service_request_fsm.py:332: in test_transition_created_to_assigned
    request_id = service_request.get("id")
                 ^^^^^^^^^^^^^^^^^^^
E   AttributeError: 'NoneType' object has no attribute 'get'</failure></testcase><testcase classname="backend.tests.test_service_request_fsm.TestServiceRequestFSM" name="test_transition_assigned_to_accepted" time="0.285"><failure message="AttributeError: 'NoneType' object has no attribute 'get'">backend/tests/test_service_request_fsm.py:356: in test_transition_assigned_to_accepted
    request_id = service_request.get("id")
                 ^^^^^^^^^^^^^^^^^^^
E   AttributeError: 'NoneType' object has no attribute 'get'</failure></testcase><testcase classname="backend.tests.test_service_request_fsm.TestServiceRequestFSM" name="test_transition_assigned_to_declined" time="0.286"><failure message="AttributeError: 'NoneType' object has no attribute 'get'">backend/tests/test_service_request_fsm.py:382: in test_transition_assigned_to_declined
    request_id = service_request.get("id")
                 ^^^^^^^^^^^^^^^^^^^
E   AttributeError: 'NoneType' object has no attribute 'get'</failure></testcase><testcase classname="backend.tests.test_service_request_fsm.TestServiceRequestFSM" name="test_full_happy_path_to_resolved" time="0.290"><failure message="AttributeError: 'NoneType' object has no attribute 'get'">backend/tests/test_service_request_fsm.py:409: in test_full_happy_path_to_resolved
    request_id = service_request.get("id")
                 ^^^^^^^^^^^^^^^^^^^
E   AttributeError: 'NoneType' object has no attribute 'get'</failure></testcase><testcase classname="backend.tests.test_service_request_fsm.TestServiceRequestFSM" name="test_cancel_from_any_state" time="0.377"><failure message="assert 401 == 200&#10; +  where 401 = &lt;Response [401]&gt;.status_code">backend/tests/test_service_request_fsm.py:473: in test_cancel_from_any_state
    assert response.status_code == 200
E   assert 401 == 200
E    +  where 401 = &lt;Response [401]&gt;.status_code</failure></testcase><testcase classname="backend.tests.test_service_request_fsm.TestServiceRequestFSM" name="test_invalid_transition_rejected" time="0.360"><failure message="AssertionError: Expected 400, got 401&#10;assert 401 == 400&#10; +  where 401 = &lt;Response [401]&gt;.status_code">backend/tests/test_service_request_fsm.py:513: in test_invalid_transition_rejected
    assert response.status_code == 400, f"Expected 400, got {response.status_code}"
E   AssertionError: Expected 400, got 401
E   assert 401 == 400
E    +  where 401 = &lt;Response [401]&gt;.status_code</failure></testcase><testcase classname="backend.tests.test_service_request_fsm.TestServiceRequestFSM" name="test_invalid_transition_from_resolved" time="0.466"><failure message="AssertionError: Expected 400, got 401&#10;assert 401 == 400&#10; +  where 401 = &lt;Response [401]&gt;.status_code">backend/tests/test_service_request_fsm.py:548: in test_invalid_transition_from_resolved
    assert response.status_code == 400, f"Expected 400, got {response.status_code}"
E   AssertionError: Expected 400, got 401
E   assert 401 == 400
E    +  where 401 = &lt;Response [401]&gt;.status_code</failure></testcase><testcase classname="backend.tests.test_service_request_fsm.TestServiceRequestFSM" name="test_invalid_transition_from_cancelled" time="0.318"><failure message="AssertionError: Expected 400, got 401&#10;assert 401 == 400&#10; +  where 401 = &lt;Response [401]&gt;.status_code">backend/tests/test_service_request_fsm.py:569: in test_invalid_transition_from_cancelled
    assert response.status_code == 400, f"Expected 400, got {response.status_code}"
E   AssertionError: Expected 400, got 401
E   assert 401 == 400
E    +  where 401 = &lt;Response [401]&gt;.status_code</failure></testcase><testcase classname="backend.tests.test_service_request_fsm.TestServiceRequestFSM" name="test_assign_endpoint" time="0.371"><failure message="AssertionError: Expected 200, got 401&#10;assert 401 == 200&#10; +  where 401 = &lt;Response [401]&gt;.status_code">backend/tests/test_service_request_fsm.py:586: in test_assign_endpoint
    assert response.status_code == 200, f"Expected 200, got {response.status_code}"
E   AssertionError: Expected 200, got 401
E   assert 401 == 200
E    +  where 401 = &lt;Response [401]&gt;.status_code</failure></testcase><testcase classname="backend.tests.test_service_request_fsm.TestServiceRequestFSM" name="test_accept_endpoint" time="0.344"><failure message="AssertionError: Expected 200, got 401&#10;assert 401 == 200&#10; +  where 401 = &lt;Response [401]&gt;.status_code">backend/tests/test_service_request_fsm.py:604: in test_accept_endpoint
    assert response.status_code == 200, f"Expected 200, got {response.status_code}"
E   AssertionError: Expected 200, got 401
E   assert 401 == 200
E    +  where 401 = &lt;Response [401]&gt;.status_code</failure></testcase><testcase classname="backend.tests.test_service_request_fsm.TestServiceRequestFSM" name="test_decline_endpoint" time="0.314"><failure message="AssertionError: Expected 200, got 401&#10;assert 401 == 200&#10; +  where 401 = &lt;Response [401]&gt;.status_code">backend/tests/test_service_request_fsm.py:624: in test_decline_endpoint
    assert response.status_code == 200, f"Expected 200, got {response.status_code}"
E   AssertionError: Expected 200, got 401
E   assert 401 == 200
E    +  where 401 = &lt;Response [401]&gt;.status_code</failure></testcase><testcase classname="backend.tests.test_service_request_fsm.TestServiceRequestFSM" name="test_start_visit_endpoint" time="0.442"><failure message="AssertionError: Expected 200, got 401&#10;assert 401 == 200&#10; +  where 401 = &lt;Response [401]&gt;.status_code">backend/tests/test_service_request_fsm.py:643: in test_start_visit_endpoint
    assert response.status_code == 200, f"Expected 200, got {response.status_code}"
E   AssertionError: Expected 200, got 401
E   assert 401 == 200
E    +  where 401 = &lt;Response [401]&gt;.status_code</failure></testcase><testcase classname="backend.tests.test_service_request_fsm.TestServiceRequestFSM" name="test_complete_visit_endpoint" time="0.357"><failure message="AssertionError: Expected 200, got 401&#10;assert 401 == 200&#10; +  where 401 = &lt;Response [401]&gt;.status_code">backend/tests/test_service_request_fsm.py:665: in test_complete_visit_endpoint
    assert response.status_code == 200, f"Expected 200, got {response.status_code}"
E   AssertionError: Expected 200, got 401
E   assert 401 == 200
E    +  where 401 = &lt;Response [401]&gt;.status_code</failure></testcase><testcase classname="backend.tests.test_service_request_fsm.TestServiceRequestFSM" name="test_resolve_endpoint" time="0.375"><failure message="AssertionError: Expected 200, got 401&#10;assert 401 == 200&#10; +  where 401 = &lt;Response [401]&gt;.status_code">backend/tests/test_service_request_fsm.py:688: in test_resolve_endpoint
    assert response.status_code == 200, f"Expected 200, got {response.status_code}"
E   AssertionError: Expected 200, got 401
E   assert 401 == 200
E    +  where 401 = &lt;Response [401]&gt;.status_code</failure></testcase><testcase classname="backend.tests.test_service_request_fsm.TestServiceRequestFSM" name="test_cancel_endpoint" time="0.334"><failure message="AssertionError: Expected 200, got 401&#10;assert 401 == 200&#10; +  where 401 = &lt;Response [401]&gt;.status_code">backend/tests/test_service_request_fsm.py:705: in test_cancel_endpoint
    assert response.status_code == 200, f"Expected 200, got {response.status_code}"
E   AssertionError: Expected 200, got 401
E   assert 401 == 200
E    +  where 401 = &lt;Response [401]&gt;.status_code</failure></testcase><testcase classname="backend.tests.test_service_request_fsm.TestServiceRequestFSM" name="test_state_history_endpoint" time="0.429"><failure message="AssertionError: Expected 200, got 401&#10;assert 401 == 200&#10; +  where 401 = &lt;Response [401]&gt;.status_code">backend/tests/test_service_request_fsm.py:726: in test_state_history_endpoint
    assert response.status_code == 200, f"Expected 200, got {response.status_code}"
E   AssertionError: Expected 200, got 401
E   assert 401 == 200
E    +  where 401 = &lt;Response [401]&gt;.status_code</failure></testcase></testsuite></testsuites>