<?xml version="1.0" encoding="utf-8"?><testsuites name="pytest tests"><testsuite name="pytest" errors="0" failures="2" skipped="0" tests="65" time="53.941" timestamp="2026-02-06T12:52:21.174750+00:00" hostname="agent-env-1c223541-0b5b-4380-b9c6-124c3c198504"><testcase classname="tests.test_service_inventory_module.TestProblemMasterAPI" name="test_list_problem_categories" time="0.372" /><testcase classname="tests.test_service_inventory_module.TestProblemMasterAPI" name="test_seed_default_problems" time="0.046" /><testcase classname="tests.test_service_inventory_module.TestProblemMasterAPI" name="test_list_problems" time="0.050" /><testcase classname="tests.test_service_inventory_module.TestProblemMasterAPI" name="test_create_problem" time="0.063" /><testcase classname="tests.test_service_inventory_module.TestProblemMasterAPI" name="test_get_problem" time="0.046" /><testcase classname="tests.test_service_inventory_module.TestProblemMasterAPI" name="test_update_problem" time="0.055" /><testcase classname="tests.test_service_inventory_module.TestProblemMasterAPI" name="test_delete_problem" time="0.043" /><testcase classname="tests.test_service_inventory_module.TestItemMasterAPI" name="test_list_item_categories" time="0.045" /><testcase classname="tests.test_service_inventory_module.TestItemMasterAPI" name="test_create_item" time="0.046" /><testcase classname="tests.test_service_inventory_module.TestItemMasterAPI" name="test_list_items" time="0.044" /><testcase classname="tests.test_service_inventory_module.TestItemMasterAPI" name="test_search_items" time="0.039" /><testcase classname="tests.test_service_inventory_module.TestItemMasterAPI" name="test_get_item" time="0.046" /><testcase classname="tests.test_service_inventory_module.TestItemMasterAPI" name="test_update_item" time="0.044" /><testcase classname="tests.test_service_inventory_module.TestItemMasterAPI" name="test_get_item_stock" time="0.047" /><testcase classname="tests.test_service_inventory_module.TestItemMasterAPI" name="test_delete_item" time="0.050" /><testcase classname="tests.test_service_inventory_module.TestInventoryLocationAPI" name="test_list_location_types" time="0.045" /><testcase classname="tests.test_service_inventory_module.TestInventoryLocationAPI" name="test_create_location" time="0.044" /><testcase classname="tests.test_service_inventory_module.TestInventoryLocationAPI" name="test_list_locations" time="0.039" /><testcase classname="tests.test_service_inventory_module.TestInventoryLocationAPI" name="test_get_location" time="0.038" /><testcase classname="tests.test_service_inventory_module.TestInventoryLocationAPI" name="test_update_location" time="0.040" /><testcase classname="tests.test_service_inventory_module.TestInventoryLocationAPI" name="test_delete_location" time="0.043" /><testcase classname="tests.test_service_inventory_module.TestStockLedgerAPI" name="test_stock_adjustment_positive" time="0.122" /><testcase classname="tests.test_service_inventory_module.TestStockLedgerAPI" name="test_get_stock_levels" time="0.134" /><testcase classname="tests.test_service_inventory_module.TestStockLedgerAPI" name="test_get_stock_by_location" time="0.133" /><testcase classname="tests.test_service_inventory_module.TestStockLedgerAPI" name="test_get_stock_ledger" time="0.126" /><testcase classname="tests.test_service_inventory_module.TestStockLedgerAPI" name="test_stock_adjustment_negative" time="0.120"><failure message="AssertionError: Failed: {&quot;detail&quot;:&quot;Insufficient stock. Available: 0, Adjustment: -10&quot;}&#10;assert 400 == 200&#10; +  where 400 = &lt;Response [400]&gt;.status_code">tests/test_service_inventory_module.py:472: in test_stock_adjustment_negative
    assert response.status_code == 200, f"Failed: {response.text}"
E   AssertionError: Failed: {"detail":"Insufficient stock. Available: 0, Adjustment: -10"}
E   assert 400 == 200
E    +  where 400 = &lt;Response [400]&gt;.status_code</failure></testcase><testcase classname="tests.test_service_inventory_module.TestVendorMasterAPI" name="test_create_vendor" time="0.042" /><testcase classname="tests.test_service_inventory_module.TestVendorMasterAPI" name="test_list_vendors" time="0.045" /><testcase classname="tests.test_service_inventory_module.TestVendorMasterAPI" name="test_search_vendors" time="0.043" /><testcase classname="tests.test_service_inventory_module.TestVendorMasterAPI" name="test_get_vendor" time="0.043" /><testcase classname="tests.test_service_inventory_module.TestVendorMasterAPI" name="test_update_vendor" time="0.041" /><testcase classname="tests.test_service_inventory_module.TestVendorMasterAPI" name="test_add_vendor_item_mapping" time="0.042"><failure message="AssertionError: Failed: Internal Server Error&#10;assert 520 == 200&#10; +  where 520 = &lt;Response [520]&gt;.status_code">tests/test_service_inventory_module.py:579: in test_add_vendor_item_mapping
    assert response.status_code == 200, f"Failed: {response.text}"
E   AssertionError: Failed: Internal Server Error
E   assert 520 == 200
E    +  where 520 = &lt;Response [520]&gt;.status_code</failure></testcase><testcase classname="tests.test_service_inventory_module.TestVendorMasterAPI" name="test_get_vendors_for_item" time="0.041" /><testcase classname="tests.test_service_inventory_module.TestVendorMasterAPI" name="test_delete_vendor" time="0.042" /><testcase classname="tests.test_service_inventory_module.TestServiceTicketsNewAPI" name="test_get_ticket_statuses" time="0.043" /><testcase classname="tests.test_service_inventory_module.TestServiceTicketsNewAPI" name="test_create_ticket" time="0.044" /><testcase classname="tests.test_service_inventory_module.TestServiceTicketsNewAPI" name="test_list_tickets" time="0.039" /><testcase classname="tests.test_service_inventory_module.TestServiceTicketsNewAPI" name="test_get_ticket_stats" time="0.051" /><testcase classname="tests.test_service_inventory_module.TestServiceTicketsNewAPI" name="test_get_ticket" time="0.045" /><testcase classname="tests.test_service_inventory_module.TestServiceTicketsNewAPI" name="test_update_ticket" time="0.049" /><testcase classname="tests.test_service_inventory_module.TestServiceTicketsNewAPI" name="test_assign_ticket" time="0.047" /><testcase classname="tests.test_service_inventory_module.TestServiceTicketsNewAPI" name="test_start_work" time="0.046" /><testcase classname="tests.test_service_inventory_module.TestServiceTicketsNewAPI" name="test_add_comment" time="0.042" /><testcase classname="tests.test_service_inventory_module.TestServiceTicketsNewAPI" name="test_complete_ticket" time="0.039" /><testcase classname="tests.test_service_inventory_module.TestServiceTicketsNewAPI" name="test_close_ticket" time="0.046" /><testcase classname="tests.test_service_inventory_module.TestServiceTicketsNewAPI" name="test_ticket_lifecycle_cancel" time="0.102" /><testcase classname="tests.test_service_inventory_module.TestServiceVisitsAPI" name="test_create_visit" time="0.136" /><testcase classname="tests.test_service_inventory_module.TestServiceVisitsAPI" name="test_list_visits" time="0.086" /><testcase classname="tests.test_service_inventory_module.TestServiceVisitsAPI" name="test_get_todays_visits" time="0.077" /><testcase classname="tests.test_service_inventory_module.TestServiceVisitsAPI" name="test_get_technician_visits" time="0.087" /><testcase classname="tests.test_service_inventory_module.TestServiceVisitsAPI" name="test_get_visit" time="0.084" /><testcase classname="tests.test_service_inventory_module.TestServiceVisitsAPI" name="test_update_visit" time="0.094" /><testcase classname="tests.test_service_inventory_module.TestServiceVisitsAPI" name="test_start_timer" time="0.090" /><testcase classname="tests.test_service_inventory_module.TestServiceVisitsAPI" name="test_add_action" time="0.084" /><testcase classname="tests.test_service_inventory_module.TestServiceVisitsAPI" name="test_stop_timer" time="0.086" /><testcase classname="tests.test_service_inventory_module.TestTicketPartsAPI" name="test_create_part_request" time="0.291" /><testcase classname="tests.test_service_inventory_module.TestTicketPartsAPI" name="test_list_part_requests" time="0.282" /><testcase classname="tests.test_service_inventory_module.TestTicketPartsAPI" name="test_get_pending_requests" time="0.273" /><testcase classname="tests.test_service_inventory_module.TestTicketPartsAPI" name="test_get_part_request" time="0.281" /><testcase classname="tests.test_service_inventory_module.TestTicketPartsAPI" name="test_approve_part_request" time="0.341" /><testcase classname="tests.test_service_inventory_module.TestTicketPartsAPI" name="test_issue_part" time="0.288" /><testcase classname="tests.test_service_inventory_module.TestTicketPartsAPI" name="test_list_part_issues" time="0.248" /><testcase classname="tests.test_service_inventory_module.TestTicketPartsAPI" name="test_get_part_issue" time="38.203" /><testcase classname="tests.test_service_inventory_module.TestTicketPartsAPI" name="test_return_part" time="0.273" /><testcase classname="tests.test_service_inventory_module.TestStockTransferAPI" name="test_stock_transfer" time="9.528" /></testsuite></testsuites>