<?xml version="1.0" encoding="utf-8"?><testsuites name="pytest tests"><testsuite name="pytest" errors="0" failures="0" skipped="0" tests="14" time="5.627" timestamp="2026-01-20T20:29:30.456852+00:00" hostname="agent-env-303fdc02-e7e8-472c-9a02-40bf26042299"><testcase classname="tests.test_sidebar_and_asset_transfer.TestAssetTransferAPI" name="test_asset_transfer_create_success" time="0.451" /><testcase classname="tests.test_sidebar_and_asset_transfer.TestAssetTransferAPI" name="test_asset_transfer_unassign" time="0.423" /><testcase classname="tests.test_sidebar_and_asset_transfer.TestAssetTransferAPI" name="test_asset_transfer_invalid_asset_type" time="0.393" /><testcase classname="tests.test_sidebar_and_asset_transfer.TestAssetTransferAPI" name="test_asset_transfer_device_not_found" time="0.446" /><testcase classname="tests.test_sidebar_and_asset_transfer.TestAssetTransferAPI" name="test_asset_transfer_invalid_employee" time="0.401" /><testcase classname="tests.test_sidebar_and_asset_transfer.TestAssetTransferAPI" name="test_get_asset_transfers_list" time="0.396" /><testcase classname="tests.test_sidebar_and_asset_transfer.TestAssetTransferAPI" name="test_get_asset_transfers_filter_by_asset_type" time="0.396" /><testcase classname="tests.test_sidebar_and_asset_transfer.TestAssetTransferAPI" name="test_get_asset_transfers_filter_by_asset_id" time="0.396" /><testcase classname="tests.test_sidebar_and_asset_transfer.TestAssetTransferAPI" name="test_get_asset_transfer_history_by_asset" time="0.394" /><testcase classname="tests.test_sidebar_and_asset_transfer.TestAssetTransferAPI" name="test_asset_transfer_requires_auth" time="0.467" /><testcase classname="tests.test_sidebar_and_asset_transfer.TestDevicesEndpoint" name="test_get_devices_list" time="0.324" /><testcase classname="tests.test_sidebar_and_asset_transfer.TestDevicesEndpoint" name="test_get_single_device" time="0.356" /><testcase classname="tests.test_sidebar_and_asset_transfer.TestCompanyEmployeesEndpoint" name="test_get_employees_list" time="0.311" /><testcase classname="tests.test_sidebar_and_asset_transfer.TestCompanyEmployeesEndpoint" name="test_get_employees_by_company" time="0.337" /></testsuite></testsuites>