<?xml version="1.0" encoding="utf-8"?><testsuites name="pytest tests"><testsuite name="pytest" errors="0" failures="0" skipped="0" tests="16" time="2.118" timestamp="2026-01-30T16:47:47.448295+00:00" hostname="agent-env-240357e1-e6e1-4696-95d8-2184d09b47d5"><testcase classname="backend.tests.test_signup_login_p0.TestSignupLoginP0Fix" name="test_01_api_health" time="0.069" /><testcase classname="backend.tests.test_signup_login_p0.TestSignupLoginP0Fix" name="test_02_signup_creates_organization" time="0.286" /><testcase classname="backend.tests.test_signup_login_p0.TestSignupLoginP0Fix" name="test_03_login_works_after_signup" time="0.264" /><testcase classname="backend.tests.test_signup_login_p0.TestSignupLoginP0Fix" name="test_04_tenant_aware_login" time="0.262" /><testcase classname="backend.tests.test_signup_login_p0.TestTenantContext" name="test_01_tenant_context_without_tenant" time="0.038" /><testcase classname="backend.tests.test_signup_login_p0.TestTenantContext" name="test_02_tenant_context_with_testmsp" time="0.037" /><testcase classname="backend.tests.test_signup_login_p0.TestTenantContext" name="test_03_tenant_context_with_header" time="0.039" /><testcase classname="backend.tests.test_signup_login_p0.TestTenantContext" name="test_04_tenant_verify_existing" time="0.037" /><testcase classname="backend.tests.test_signup_login_p0.TestTenantContext" name="test_05_tenant_verify_nonexistent" time="0.036" /><testcase classname="backend.tests.test_signup_login_p0.TestExistingUserLogin" name="test_01_login_existing_test_user" time="0.259" /><testcase classname="backend.tests.test_signup_login_p0.TestExistingUserLogin" name="test_02_platform_admin_login" time="0.262" /><testcase classname="backend.tests.test_signup_login_p0.TestExistingUserLogin" name="test_03_cross_tenant_login_blocked" time="0.262" /><testcase classname="backend.tests.test_signup_login_p0.TestPublicEndpoints" name="test_01_api_root" time="0.037" /><testcase classname="backend.tests.test_signup_login_p0.TestPublicEndpoints" name="test_02_public_settings" time="0.040" /><testcase classname="backend.tests.test_signup_login_p0.TestPublicEndpoints" name="test_03_security_info" time="0.034" /><testcase classname="backend.tests.test_signup_login_p0.TestPublicEndpoints" name="test_04_public_masters" time="0.044" /></testsuite></testsuites>