<?xml version="1.0" encoding="utf-8"?><testsuites name="pytest tests"><testsuite name="pytest" errors="0" failures="0" skipped="0" tests="32" time="13.761" timestamp="2026-02-03T17:03:01.425112+00:00" hostname="agent-env-8a6d3d11-9949-4c7a-9100-39d8b014e63f"><testcase classname="tests.test_staff_module.TestStaffModuleAuth" name="test_staff_endpoints_require_auth" time="0.329" /><testcase classname="tests.test_staff_module.TestStaffModuleInitialization" name="test_initialize_staff_module" time="0.355" /><testcase classname="tests.test_staff_module.TestStaffModuleInitialization" name="test_default_permissions_created" time="0.047" /><testcase classname="tests.test_staff_module.TestStaffModuleInitialization" name="test_default_roles_created" time="0.050" /><testcase classname="tests.test_staff_module.TestStaffUsers" name="test_list_users" time="0.306" /><testcase classname="tests.test_staff_module.TestStaffUsers" name="test_create_user" time="0.265" /><testcase classname="tests.test_staff_module.TestStaffUsers" name="test_create_user_without_password_sends_invite" time="0.046" /><testcase classname="tests.test_staff_module.TestStaffUsers" name="test_update_user" time="0.309" /><testcase classname="tests.test_staff_module.TestStaffUsers" name="test_get_user_by_id" time="0.041" /><testcase classname="tests.test_staff_module.TestStaffUsers" name="test_user_state_transition_activate" time="0.090" /><testcase classname="tests.test_staff_module.TestStaffUsers" name="test_user_state_transition_suspend" time="0.349" /><testcase classname="tests.test_staff_module.TestStaffUsers" name="test_user_state_transition_reactivate" time="0.379" /><testcase classname="tests.test_staff_module.TestStaffUsers" name="test_user_state_transition_archive" time="0.311" /><testcase classname="tests.test_staff_module.TestStaffUsers" name="test_invalid_state_transition" time="0.367" /><testcase classname="tests.test_staff_module.TestDepartments" name="test_list_departments" time="0.356" /><testcase classname="tests.test_staff_module.TestDepartments" name="test_create_department" time="0.054" /><testcase classname="tests.test_staff_module.TestDepartments" name="test_update_department" time="0.120" /><testcase classname="tests.test_staff_module.TestDepartments" name="test_delete_department" time="0.133" /><testcase classname="tests.test_staff_module.TestRoles" name="test_list_roles" time="0.402" /><testcase classname="tests.test_staff_module.TestRoles" name="test_create_role" time="0.049" /><testcase classname="tests.test_staff_module.TestRoles" name="test_update_role" time="0.108" /><testcase classname="tests.test_staff_module.TestRoles" name="test_delete_custom_role" time="0.101" /><testcase classname="tests.test_staff_module.TestRoles" name="test_cannot_delete_system_role" time="0.110" /><testcase classname="tests.test_staff_module.TestPermissionMatrix" name="test_list_permissions" time="0.347" /><testcase classname="tests.test_staff_module.TestPermissionMatrix" name="test_assign_permissions_to_role" time="0.254" /><testcase classname="tests.test_staff_module.TestPermissionMatrix" name="test_remove_permissions_from_role" time="0.173" /><testcase classname="tests.test_staff_module.TestAuditLogs" name="test_list_audit_logs" time="0.310" /><testcase classname="tests.test_staff_module.TestAuditLogs" name="test_audit_logs_contain_user_actions" time="0.312" /><testcase classname="tests.test_staff_module.TestAuditLogs" name="test_audit_logs_filter_by_entity_type" time="0.042" /><testcase classname="tests.test_staff_module.TestUserFilters" name="test_filter_users_by_state" time="7.453" /><testcase classname="tests.test_staff_module.TestUserFilters" name="test_search_users" time="0.072" /><testcase classname="tests.test_staff_module.TestUserFilters" name="test_pagination" time="0.042" /></testsuite></testsuites>