<?xml version="1.0" encoding="utf-8"?><testsuites name="pytest tests"><testsuite name="pytest" errors="0" failures="2" skipped="7" tests="32" time="5.937" timestamp="2026-02-03T17:02:22.679527+00:00" hostname="agent-env-8a6d3d11-9949-4c7a-9100-39d8b014e63f"><testcase classname="tests.test_staff_module.TestStaffModuleAuth" name="test_staff_endpoints_require_auth" time="0.283" /><testcase classname="tests.test_staff_module.TestStaffModuleInitialization" name="test_initialize_staff_module" time="0.353" /><testcase classname="tests.test_staff_module.TestStaffModuleInitialization" name="test_default_permissions_created" time="0.049" /><testcase classname="tests.test_staff_module.TestStaffModuleInitialization" name="test_default_roles_created" time="0.046" /><testcase classname="tests.test_staff_module.TestStaffUsers" name="test_list_users" time="0.310" /><testcase classname="tests.test_staff_module.TestStaffUsers" name="test_create_user" time="0.294"><failure message="AssertionError: Create user failed: Internal Server Error&#10;assert 520 == 200&#10; +  where 520 = &lt;Response [520]&gt;.status_code">tests/test_staff_module.py:221: in test_create_user
    assert response.status_code == 200, f"Create user failed: {response.text}"
E   AssertionError: Create user failed: Internal Server Error
E   assert 520 == 200
E    +  where 520 = &lt;Response [520]&gt;.status_code</failure></testcase><testcase classname="tests.test_staff_module.TestStaffUsers" name="test_create_user_without_password_sends_invite" time="0.043"><failure message="AssertionError: Create invite user failed: Internal Server Error&#10;assert 520 == 200&#10; +  where 520 = &lt;Response [520]&gt;.status_code">tests/test_staff_module.py:250: in test_create_user_without_password_sends_invite
    assert response.status_code == 200, f"Create invite user failed: {response.text}"
E   AssertionError: Create invite user failed: Internal Server Error
E   assert 520 == 200
E    +  where 520 = &lt;Response [520]&gt;.status_code</failure></testcase><testcase classname="tests.test_staff_module.TestStaffUsers" name="test_update_user" time="0.266"><skipped type="pytest.skip" message="No test user created">/app/backend/tests/test_staff_module.py:262: No test user created</skipped></testcase><testcase classname="tests.test_staff_module.TestStaffUsers" name="test_get_user_by_id" time="0.000"><skipped type="pytest.skip" message="No test user created">/app/backend/tests/test_staff_module.py:286: No test user created</skipped></testcase><testcase classname="tests.test_staff_module.TestStaffUsers" name="test_user_state_transition_activate" time="0.042"><skipped type="pytest.skip" message="Could not create test user">/app/backend/tests/test_staff_module.py:318: Could not create test user</skipped></testcase><testcase classname="tests.test_staff_module.TestStaffUsers" name="test_user_state_transition_suspend" time="0.271"><skipped type="pytest.skip" message="Could not create test user">/app/backend/tests/test_staff_module.py:363: Could not create test user</skipped></testcase><testcase classname="tests.test_staff_module.TestStaffUsers" name="test_user_state_transition_reactivate" time="0.267"><skipped type="pytest.skip" message="Could not create test user">/app/backend/tests/test_staff_module.py:408: Could not create test user</skipped></testcase><testcase classname="tests.test_staff_module.TestStaffUsers" name="test_user_state_transition_archive" time="0.265"><skipped type="pytest.skip" message="Could not create test user">/app/backend/tests/test_staff_module.py:460: Could not create test user</skipped></testcase><testcase classname="tests.test_staff_module.TestStaffUsers" name="test_invalid_state_transition" time="0.282"><skipped type="pytest.skip" message="Could not create test user">/app/backend/tests/test_staff_module.py:505: Could not create test user</skipped></testcase><testcase classname="tests.test_staff_module.TestDepartments" name="test_list_departments" time="0.318" /><testcase classname="tests.test_staff_module.TestDepartments" name="test_create_department" time="0.042" /><testcase classname="tests.test_staff_module.TestDepartments" name="test_update_department" time="0.092" /><testcase classname="tests.test_staff_module.TestDepartments" name="test_delete_department" time="0.087" /><testcase classname="tests.test_staff_module.TestRoles" name="test_list_roles" time="0.332" /><testcase classname="tests.test_staff_module.TestRoles" name="test_create_role" time="0.046" /><testcase classname="tests.test_staff_module.TestRoles" name="test_update_role" time="0.091" /><testcase classname="tests.test_staff_module.TestRoles" name="test_delete_custom_role" time="0.085" /><testcase classname="tests.test_staff_module.TestRoles" name="test_cannot_delete_system_role" time="0.089" /><testcase classname="tests.test_staff_module.TestPermissionMatrix" name="test_list_permissions" time="0.307" /><testcase classname="tests.test_staff_module.TestPermissionMatrix" name="test_assign_permissions_to_role" time="0.217" /><testcase classname="tests.test_staff_module.TestPermissionMatrix" name="test_remove_permissions_from_role" time="0.200" /><testcase classname="tests.test_staff_module.TestAuditLogs" name="test_list_audit_logs" time="0.337" /><testcase classname="tests.test_staff_module.TestAuditLogs" name="test_audit_logs_contain_user_actions" time="0.337" /><testcase classname="tests.test_staff_module.TestAuditLogs" name="test_audit_logs_filter_by_entity_type" time="0.041" /><testcase classname="tests.test_staff_module.TestUserFilters" name="test_filter_users_by_state" time="0.311" /><testcase classname="tests.test_staff_module.TestUserFilters" name="test_search_users" time="0.041" /><testcase classname="tests.test_staff_module.TestUserFilters" name="test_pagination" time="0.042" /></testsuite></testsuites>