<?xml version="1.0" encoding="utf-8"?><testsuites name="pytest tests"><testsuite name="pytest" errors="0" failures="0" skipped="0" tests="12" time="3.103" timestamp="2026-02-25T16:59:31.388633+00:00" hostname="agent-env-e2009867-c02b-4314-8075-83f3ae6d74e0"><testcase classname="backend.tests.test_technicians_slots.TestListEngineers" name="test_list_engineers_success" time="0.686" /><testcase classname="backend.tests.test_technicians_slots.TestCreateEngineer" name="test_create_engineer_with_all_fields" time="0.447" /><testcase classname="backend.tests.test_technicians_slots.TestCreateEngineer" name="test_create_engineer_duplicate_email" time="0.374" /><testcase classname="backend.tests.test_technicians_slots.TestUpdateEngineer" name="test_update_engineer_working_hours" time="0.156" /><testcase classname="backend.tests.test_technicians_slots.TestUpdateEngineer" name="test_update_engineer_holidays" time="0.182" /><testcase classname="backend.tests.test_technicians_slots.TestUpdateEngineer" name="test_update_engineer_salary" time="0.139" /><testcase classname="backend.tests.test_technicians_slots.TestUpdateEngineer" name="test_verify_updates_persisted" time="0.143" /><testcase classname="backend.tests.test_technicians_slots.TestAvailableSlots" name="test_available_slots_working_day" time="0.134" /><testcase classname="backend.tests.test_technicians_slots.TestAvailableSlots" name="test_available_slots_non_working_day" time="0.172" /><testcase classname="backend.tests.test_technicians_slots.TestAvailableSlots" name="test_available_slots_holiday" time="0.149" /><testcase classname="backend.tests.test_technicians_slots.TestAvailableSlots" name="test_slots_30_min_interval_verification" time="0.189" /><testcase classname="backend.tests.test_technicians_slots.TestCleanup" name="test_delete_created_engineer" time="0.275" /></testsuite></testsuites>