<?xml version="1.0" encoding="utf-8"?><testsuites name="pytest tests"><testsuite name="pytest" errors="0" failures="6" skipped="0" tests="14" time="5.439" timestamp="2026-02-03T07:08:54.978516+00:00" hostname="agent-env-e9f8dc6e-f86e-4000-8d11-b7eddd2b1a5d"><testcase classname="backend.tests.test_tenant_scoping.TestAdminLogin" name="test_admin1_login_success" time="0.355" /><testcase classname="backend.tests.test_tenant_scoping.TestAdminLogin" name="test_admin2_login_success" time="0.258" /><testcase classname="backend.tests.test_tenant_scoping.TestAdminLogin" name="test_invalid_credentials_rejected" time="0.073" /><testcase classname="backend.tests.test_tenant_scoping.TestCompanyTenantScoping" name="test_create_company_gets_org_id" time="0.294"><failure message="AssertionError: Create company failed: {&quot;detail&quot;:[{&quot;type&quot;:&quot;missing&quot;,&quot;loc&quot;:[&quot;body&quot;,&quot;contact_name&quot;],&quot;msg&quot;:&quot;Field required&quot;,&quot;input&quot;:{&quot;name&quot;:&quot;TEST_Company_0ade8307&quot;,&quot;contact_email&quot;:&quot;test_c03d15@test.com&quot;},&quot;url&quot;:&quot;https://errors.pydantic.dev/2.12/v/missing&quot;},{&quot;type&quot;:&quot;missing&quot;,&quot;loc&quot;:[&quot;body&quot;,&quot;contact_phone&quot;],&quot;msg&quot;:&quot;Field required&quot;,&quot;input&quot;:{&quot;name&quot;:&quot;TEST_Company_0ade8307&quot;,&quot;contact_email&quot;:&quot;test_c03d15@test.com&quot;},&quot;url&quot;:&quot;https://errors.pydantic.dev/2.12/v/missing&quot;}]}&#10;assert 422 == 200&#10; +  where 422 = &lt;Response [422]&gt;.status_code">backend/tests/test_tenant_scoping.py:106: in test_create_company_gets_org_id
    assert response.status_code == 200, f"Create company failed: {response.text}"
E   AssertionError: Create company failed: {"detail":[{"type":"missing","loc":["body","contact_name"],"msg":"Field required","input":{"name":"TEST_Company_0ade8307","contact_email":"test_c03d15@test.com"},"url":"https://errors.pydantic.dev/2.12/v/missing"},{"type":"missing","loc":["body","contact_phone"],"msg":"Field required","input":{"name":"TEST_Company_0ade8307","contact_email":"test_c03d15@test.com"},"url":"https://errors.pydantic.dev/2.12/v/missing"}]}
E   assert 422 == 200
E    +  where 422 = &lt;Response [422]&gt;.status_code</failure></testcase><testcase classname="backend.tests.test_tenant_scoping.TestCompanyTenantScoping" name="test_list_companies_shows_created_company" time="0.300"><failure message="AssertionError: Create failed: {&quot;detail&quot;:[{&quot;type&quot;:&quot;missing&quot;,&quot;loc&quot;:[&quot;body&quot;,&quot;contact_name&quot;],&quot;msg&quot;:&quot;Field required&quot;,&quot;input&quot;:{&quot;name&quot;:&quot;TEST_ListCheck_2736b40e&quot;,&quot;contact_email&quot;:&quot;test_56b290@test.com&quot;},&quot;url&quot;:&quot;https://errors.pydantic.dev/2.12/v/missing&quot;},{&quot;type&quot;:&quot;missing&quot;,&quot;loc&quot;:[&quot;body&quot;,&quot;contact_phone&quot;],&quot;msg&quot;:&quot;Field required&quot;,&quot;input&quot;:{&quot;name&quot;:&quot;TEST_ListCheck_2736b40e&quot;,&quot;contact_email&quot;:&quot;test_56b290@test.com&quot;},&quot;url&quot;:&quot;https://errors.pydantic.dev/2.12/v/missing&quot;}]}&#10;assert 422 == 200&#10; +  where 422 = &lt;Response [422]&gt;.status_code">backend/tests/test_tenant_scoping.py:134: in test_list_companies_shows_created_company
    assert create_response.status_code == 200, f"Create failed: {create_response.text}"
E   AssertionError: Create failed: {"detail":[{"type":"missing","loc":["body","contact_name"],"msg":"Field required","input":{"name":"TEST_ListCheck_2736b40e","contact_email":"test_56b290@test.com"},"url":"https://errors.pydantic.dev/2.12/v/missing"},{"type":"missing","loc":["body","contact_phone"],"msg":"Field required","input":{"name":"TEST_ListCheck_2736b40e","contact_email":"test_56b290@test.com"},"url":"https://errors.pydantic.dev/2.12/v/missing"}]}
E   assert 422 == 200
E    +  where 422 = &lt;Response [422]&gt;.status_code</failure></testcase><testcase classname="backend.tests.test_tenant_scoping.TestCompanyTenantScoping" name="test_tenant_isolation_companies" time="0.541"><failure message="assert 422 == 200&#10; +  where 422 = &lt;Response [422]&gt;.status_code">backend/tests/test_tenant_scoping.py:167: in test_tenant_isolation_companies
    assert create_response.status_code == 200
E   assert 422 == 200
E    +  where 422 = &lt;Response [422]&gt;.status_code</failure></testcase><testcase classname="backend.tests.test_tenant_scoping.TestDeviceTenantScoping" name="test_create_device_gets_org_id" time="0.375" /><testcase classname="backend.tests.test_tenant_scoping.TestDeviceTenantScoping" name="test_list_devices_shows_created_device" time="0.391"><failure message="AssertionError: Created device 131b7bfe-7ade-4abc-9e50-4416de14634b not found in list!&#10;assert False">backend/tests/test_tenant_scoping.py:302: in test_list_devices_shows_created_device
    assert found, f"Created device {device_id} not found in list!"
E   AssertionError: Created device 131b7bfe-7ade-4abc-9e50-4416de14634b not found in list!
E   assert False</failure></testcase><testcase classname="backend.tests.test_tenant_scoping.TestDeviceTenantScoping" name="test_tenant_isolation_devices" time="0.640" /><testcase classname="backend.tests.test_tenant_scoping.TestAMCContractTenantScoping" name="test_create_amc_contract" time="0.332" /><testcase classname="backend.tests.test_tenant_scoping.TestAMCContractTenantScoping" name="test_list_amc_contracts_shows_created" time="0.416"><failure message="AssertionError: Created AMC contract b35f1806-7ef4-4124-b14b-7ccb8ca5da79 not found in list!&#10;assert False">backend/tests/test_tenant_scoping.py:449: in test_list_amc_contracts_shows_created
    assert found, f"Created AMC contract {amc_id} not found in list!"
E   AssertionError: Created AMC contract b35f1806-7ef4-4124-b14b-7ccb8ca5da79 not found in list!
E   assert False</failure></testcase><testcase classname="backend.tests.test_tenant_scoping.TestAMCContractTenantScoping" name="test_tenant_isolation_amc_contracts" time="0.616" /><testcase classname="backend.tests.test_tenant_scoping.TestDashboardTenantScoping" name="test_dashboard_stats_endpoint" time="0.328"><failure message="AssertionError: Dashboard stats failed: {&quot;detail&quot;:&quot;Not Found&quot;}&#10;assert 404 == 200&#10; +  where 404 = &lt;Response [404]&gt;.status_code">backend/tests/test_tenant_scoping.py:508: in test_dashboard_stats_endpoint
    assert response.status_code == 200, f"Dashboard stats failed: {response.text}"
E   AssertionError: Dashboard stats failed: {"detail":"Not Found"}
E   assert 404 == 200
E    +  where 404 = &lt;Response [404]&gt;.status_code</failure></testcase><testcase classname="backend.tests.test_tenant_scoping.TestCompanyDropdownInForms" name="test_companies_list_for_dropdown" time="0.349" /></testsuite></testsuites>