<?xml version="1.0" encoding="utf-8"?><testsuites name="pytest tests"><testsuite name="pytest" errors="0" failures="0" skipped="0" tests="16" time="2.597" timestamp="2026-01-30T12:18:55.167010+00:00" hostname="agent-env-0c3abfb9-df18-44c1-b090-b71a66992c4e"><testcase classname="backend.tests.test_tenant_multitenancy.TestTenantContext" name="test_tenant_context_no_context" time="0.115" /><testcase classname="backend.tests.test_tenant_multitenancy.TestTenantContext" name="test_tenant_context_with_query_param" time="0.037" /><testcase classname="backend.tests.test_tenant_multitenancy.TestTenantContext" name="test_tenant_context_with_header" time="0.079" /><testcase classname="backend.tests.test_tenant_multitenancy.TestTenantContext" name="test_tenant_context_invalid_slug" time="0.043" /><testcase classname="backend.tests.test_tenant_multitenancy.TestTenantVerify" name="test_verify_existing_tenant" time="0.047" /><testcase classname="backend.tests.test_tenant_multitenancy.TestTenantVerify" name="test_verify_nonexistent_tenant" time="0.043" /><testcase classname="backend.tests.test_tenant_multitenancy.TestTenantVerify" name="test_verify_demo_saas_tenant" time="0.040" /><testcase classname="backend.tests.test_tenant_multitenancy.TestTenantAwareLogin" name="test_login_with_correct_tenant" time="0.293" /><testcase classname="backend.tests.test_tenant_multitenancy.TestTenantAwareLogin" name="test_cross_tenant_login_blocked" time="0.261" /><testcase classname="backend.tests.test_tenant_multitenancy.TestTenantAwareLogin" name="test_login_with_header_tenant" time="0.303" /><testcase classname="backend.tests.test_tenant_multitenancy.TestTenantAwareLogin" name="test_login_without_tenant_context" time="0.268" /><testcase classname="backend.tests.test_tenant_multitenancy.TestTenantAwareLogin" name="test_login_invalid_credentials" time="0.261" /><testcase classname="backend.tests.test_tenant_multitenancy.TestPlatformRoutes" name="test_platform_login_works" time="0.264" /><testcase classname="backend.tests.test_tenant_multitenancy.TestPlatformRoutes" name="test_platform_login_with_tenant_param_ignored" time="0.260" /><testcase classname="backend.tests.test_tenant_multitenancy.TestTenantMiddleware" name="test_public_routes_work_without_tenant" time="0.115" /><testcase classname="backend.tests.test_tenant_multitenancy.TestTenantMiddleware" name="test_public_masters_work_without_tenant" time="0.045" /></testsuite></testsuites>