<?xml version="1.0" encoding="utf-8"?><testsuites name="pytest tests"><testsuite name="pytest" errors="0" failures="2" skipped="0" tests="14" time="5.226" timestamp="2026-02-03T07:10:19.374530+00:00" hostname="agent-env-e9f8dc6e-f86e-4000-8d11-b7eddd2b1a5d"><testcase classname="backend.tests.test_tenant_scoping.TestAdminLogin" name="test_admin1_login_success" time="0.311" /><testcase classname="backend.tests.test_tenant_scoping.TestAdminLogin" name="test_admin2_login_success" time="0.258" /><testcase classname="backend.tests.test_tenant_scoping.TestAdminLogin" name="test_invalid_credentials_rejected" time="0.037" /><testcase classname="backend.tests.test_tenant_scoping.TestCompanyTenantScoping" name="test_create_company_gets_org_id" time="0.296" /><testcase classname="backend.tests.test_tenant_scoping.TestCompanyTenantScoping" name="test_list_companies_shows_created_company" time="0.337" /><testcase classname="backend.tests.test_tenant_scoping.TestCompanyTenantScoping" name="test_tenant_isolation_companies" time="0.629" /><testcase classname="backend.tests.test_tenant_scoping.TestDeviceTenantScoping" name="test_create_device_gets_org_id" time="0.337" /><testcase classname="backend.tests.test_tenant_scoping.TestDeviceTenantScoping" name="test_list_devices_shows_created_device" time="0.391"><failure message="AssertionError: Created device e328db8c-474e-4f72-8e42-4b389e0a0ddb not found in list! This is the tenant scoping bug.&#10;assert False">backend/tests/test_tenant_scoping.py:314: in test_list_devices_shows_created_device
    assert found, f"Created device {device_id} not found in list! This is the tenant scoping bug."
E   AssertionError: Created device e328db8c-474e-4f72-8e42-4b389e0a0ddb not found in list! This is the tenant scoping bug.
E   assert False</failure></testcase><testcase classname="backend.tests.test_tenant_scoping.TestDeviceTenantScoping" name="test_tenant_isolation_devices" time="0.624" /><testcase classname="backend.tests.test_tenant_scoping.TestAMCContractTenantScoping" name="test_create_amc_contract" time="0.327" /><testcase classname="backend.tests.test_tenant_scoping.TestAMCContractTenantScoping" name="test_list_amc_contracts_shows_created" time="0.364"><failure message="AssertionError: Created AMC contract a86431d7-69a7-4766-b71e-3f41b3d0c76c not found in list! This is the tenant scoping bug.&#10;assert False">backend/tests/test_tenant_scoping.py:464: in test_list_amc_contracts_shows_created
    assert found, f"Created AMC contract {amc_id} not found in list! This is the tenant scoping bug."
E   AssertionError: Created AMC contract a86431d7-69a7-4766-b71e-3f41b3d0c76c not found in list! This is the tenant scoping bug.
E   assert False</failure></testcase><testcase classname="backend.tests.test_tenant_scoping.TestAMCContractTenantScoping" name="test_tenant_isolation_amc_contracts" time="0.616" /><testcase classname="backend.tests.test_tenant_scoping.TestDashboardTenantScoping" name="test_dashboard_stats_endpoint" time="0.293" /><testcase classname="backend.tests.test_tenant_scoping.TestCompanyDropdownInForms" name="test_companies_list_for_dropdown" time="0.311" /></testsuite></testsuites>