<?xml version="1.0" encoding="utf-8"?><testsuites name="pytest tests"><testsuite name="pytest" errors="0" failures="0" skipped="0" tests="14" time="5.231" timestamp="2026-02-03T07:12:26.474091+00:00" hostname="agent-env-e9f8dc6e-f86e-4000-8d11-b7eddd2b1a5d"><testcase classname="backend.tests.test_tenant_scoping.TestAdminLogin" name="test_admin1_login_success" time="0.350" /><testcase classname="backend.tests.test_tenant_scoping.TestAdminLogin" name="test_admin2_login_success" time="0.259" /><testcase classname="backend.tests.test_tenant_scoping.TestAdminLogin" name="test_invalid_credentials_rejected" time="0.037" /><testcase classname="backend.tests.test_tenant_scoping.TestCompanyTenantScoping" name="test_create_company_gets_org_id" time="0.300" /><testcase classname="backend.tests.test_tenant_scoping.TestCompanyTenantScoping" name="test_list_companies_shows_created_company" time="0.326" /><testcase classname="backend.tests.test_tenant_scoping.TestCompanyTenantScoping" name="test_tenant_isolation_companies" time="0.591" /><testcase classname="backend.tests.test_tenant_scoping.TestDeviceTenantScoping" name="test_create_device_gets_org_id" time="0.328" /><testcase classname="backend.tests.test_tenant_scoping.TestDeviceTenantScoping" name="test_list_devices_shows_created_device" time="0.440" /><testcase classname="backend.tests.test_tenant_scoping.TestDeviceTenantScoping" name="test_tenant_isolation_devices" time="0.618" /><testcase classname="backend.tests.test_tenant_scoping.TestAMCContractTenantScoping" name="test_create_amc_contract" time="0.331" /><testcase classname="backend.tests.test_tenant_scoping.TestAMCContractTenantScoping" name="test_list_amc_contracts_shows_created" time="0.368" /><testcase classname="backend.tests.test_tenant_scoping.TestAMCContractTenantScoping" name="test_tenant_isolation_amc_contracts" time="0.625" /><testcase classname="backend.tests.test_tenant_scoping.TestDashboardTenantScoping" name="test_dashboard_stats_endpoint" time="0.297" /><testcase classname="backend.tests.test_tenant_scoping.TestCompanyDropdownInForms" name="test_companies_list_for_dropdown" time="0.310" /></testsuite></testsuites>