<?xml version="1.0" encoding="utf-8"?><testsuites name="pytest tests"><testsuite name="pytest" errors="0" failures="0" skipped="0" tests="28" time="3.282" timestamp="2026-01-28T18:31:30.734000+00:00" hostname="agent-env-04c068d4-486c-48fa-be04-4a9a29395bb3"><testcase classname="backend.tests.test_ticketing_phase2.TestTicketingEnums" name="test_get_ticketing_enums" time="0.391" /><testcase classname="backend.tests.test_ticketing_phase2.TestAdminDepartments" name="test_list_departments" time="0.298" /><testcase classname="backend.tests.test_ticketing_phase2.TestAdminDepartments" name="test_list_departments_include_inactive" time="0.040" /><testcase classname="backend.tests.test_ticketing_phase2.TestAdminDepartments" name="test_create_department" time="0.043" /><testcase classname="backend.tests.test_ticketing_phase2.TestAdminDepartments" name="test_get_department_by_id" time="0.075" /><testcase classname="backend.tests.test_ticketing_phase2.TestAdminDepartments" name="test_update_department" time="0.079" /><testcase classname="backend.tests.test_ticketing_phase2.TestAdminDepartments" name="test_delete_department" time="0.113" /><testcase classname="backend.tests.test_ticketing_phase2.TestAdminSLAPolicies" name="test_list_sla_policies" time="0.298" /><testcase classname="backend.tests.test_ticketing_phase2.TestAdminSLAPolicies" name="test_list_sla_policies_include_inactive" time="0.039" /><testcase classname="backend.tests.test_ticketing_phase2.TestAdminSLAPolicies" name="test_create_sla_policy" time="0.040" /><testcase classname="backend.tests.test_ticketing_phase2.TestAdminSLAPolicies" name="test_get_sla_policy_by_id" time="0.076" /><testcase classname="backend.tests.test_ticketing_phase2.TestAdminSLAPolicies" name="test_update_sla_policy" time="0.077" /><testcase classname="backend.tests.test_ticketing_phase2.TestAdminSLAPolicies" name="test_delete_sla_policy" time="0.121" /><testcase classname="backend.tests.test_ticketing_phase2.TestAdminCategories" name="test_list_categories" time="0.296" /><testcase classname="backend.tests.test_ticketing_phase2.TestAdminCategories" name="test_create_category" time="0.043" /><testcase classname="backend.tests.test_ticketing_phase2.TestAdminCategories" name="test_create_category_with_auto_department" time="0.075" /><testcase classname="backend.tests.test_ticketing_phase2.TestAdminCategories" name="test_update_category" time="0.115" /><testcase classname="backend.tests.test_ticketing_phase2.TestAdminCategories" name="test_delete_category" time="0.072" /><testcase classname="backend.tests.test_ticketing_phase2.TestPublicTicketPortal" name="test_get_public_departments" time="0.033" /><testcase classname="backend.tests.test_ticketing_phase2.TestPublicTicketPortal" name="test_get_public_categories" time="0.040" /><testcase classname="backend.tests.test_ticketing_phase2.TestPublicTicketPortal" name="test_create_public_ticket" time="0.039" /><testcase classname="backend.tests.test_ticketing_phase2.TestPublicTicketPortal" name="test_create_public_ticket_with_department" time="0.075" /><testcase classname="backend.tests.test_ticketing_phase2.TestPublicTicketPortal" name="test_create_public_ticket_invalid_email" time="0.048" /><testcase classname="backend.tests.test_ticketing_phase2.TestPublicTicketPortal" name="test_check_public_ticket_status" time="0.077" /><testcase classname="backend.tests.test_ticketing_phase2.TestPublicTicketPortal" name="test_check_ticket_status_wrong_email" time="0.075" /><testcase classname="backend.tests.test_ticketing_phase2.TestPublicTicketPortal" name="test_reply_to_public_ticket" time="0.106" /><testcase classname="backend.tests.test_ticketing_phase2.TestPublicTicketPortal" name="test_check_existing_ticket" time="0.038" /><testcase classname="backend.tests.test_ticketing_phase2.TestAdminTicketDashboard" name="test_get_ticketing_dashboard" time="0.305" /></testsuite></testsuites>