<?xml version="1.0" encoding="utf-8"?><testsuites name="pytest tests"><testsuite name="pytest" errors="0" failures="0" skipped="0" tests="13" time="3.050" timestamp="2026-03-02T17:32:15.051644+00:00" hostname="agent-env-0ca69bc2-fe4c-4060-a49c-6317aa100cec"><testcase classname="backend.tests.test_ticket_dashboard_v2.TestTicketingStatsEndpoint" name="test_stats_returns_unassigned_count" time="0.644" /><testcase classname="backend.tests.test_ticket_dashboard_v2.TestTicketingStatsEndpoint" name="test_stats_returns_by_stage" time="0.126" /><testcase classname="backend.tests.test_ticket_dashboard_v2.TestTicketingStatsEndpoint" name="test_stats_returns_all_required_fields" time="0.125" /><testcase classname="backend.tests.test_ticket_dashboard_v2.TestTicketsAssignedFilter" name="test_list_unassigned_tickets" time="0.116" /><testcase classname="backend.tests.test_ticket_dashboard_v2.TestTicketsAssignedFilter" name="test_list_assigned_tickets" time="0.192" /><testcase classname="backend.tests.test_ticket_dashboard_v2.TestTicketsAssignedFilter" name="test_assigned_tickets_pagination" time="0.142" /><testcase classname="backend.tests.test_ticket_dashboard_v2.TestTicketsStatusFilter" name="test_filter_by_stage_new" time="0.148" /><testcase classname="backend.tests.test_ticket_dashboard_v2.TestTicketsStatusFilter" name="test_filter_by_stage_assigned" time="0.146" /><testcase classname="backend.tests.test_ticket_dashboard_v2.TestTicketsStatusFilter" name="test_filter_by_stage_in_progress" time="0.146" /><testcase classname="backend.tests.test_ticket_dashboard_v2.TestTicketsStatusFilter" name="test_combined_assigned_and_status_filter" time="0.176" /><testcase classname="backend.tests.test_ticket_dashboard_v2.TestTicketsSearchFilter" name="test_search_filters_both_sections" time="0.371" /><testcase classname="backend.tests.test_ticket_dashboard_v2.TestDataIntegrity" name="test_unassigned_count_matches" time="0.253" /><testcase classname="backend.tests.test_ticket_dashboard_v2.TestDataIntegrity" name="test_stage_counts_match" time="0.276" /></testsuite></testsuites>