<?xml version="1.0" encoding="utf-8"?><testsuites name="pytest tests"><testsuite name="pytest" errors="0" failures="0" skipped="0" tests="21" time="7.331" timestamp="2026-02-08T20:34:22.684165+00:00" hostname="agent-env-f02d11d3-c351-4c0b-9369-3bc5cc423f44"><testcase classname="backend.tests.test_ticketing_config.TestTicketingConfigAPIs" name="test_list_canned_responses" time="0.343" /><testcase classname="backend.tests.test_ticketing_config.TestTicketingConfigAPIs" name="test_create_canned_response" time="0.325" /><testcase classname="backend.tests.test_ticketing_config.TestTicketingConfigAPIs" name="test_update_canned_response" time="0.454" /><testcase classname="backend.tests.test_ticketing_config.TestTicketingConfigAPIs" name="test_delete_canned_response" time="0.322" /><testcase classname="backend.tests.test_ticketing_config.TestTicketingConfigAPIs" name="test_list_sla_policies" time="0.275" /><testcase classname="backend.tests.test_ticketing_config.TestTicketingConfigAPIs" name="test_create_sla_policy" time="0.347" /><testcase classname="backend.tests.test_ticketing_config.TestTicketingConfigAPIs" name="test_update_sla_policy" time="0.388" /><testcase classname="backend.tests.test_ticketing_config.TestTicketingConfigAPIs" name="test_delete_sla_policy" time="0.333" /><testcase classname="backend.tests.test_ticketing_config.TestTicketingConfigAPIs" name="test_list_departments" time="0.276" /><testcase classname="backend.tests.test_ticketing_config.TestTicketingConfigAPIs" name="test_create_department" time="0.308" /><testcase classname="backend.tests.test_ticketing_config.TestTicketingConfigAPIs" name="test_update_department" time="0.356" /><testcase classname="backend.tests.test_ticketing_config.TestTicketingConfigAPIs" name="test_delete_department" time="0.384" /><testcase classname="backend.tests.test_ticketing_config.TestTicketingConfigAPIs" name="test_list_custom_forms" time="0.272" /><testcase classname="backend.tests.test_ticketing_config.TestTicketingConfigAPIs" name="test_create_custom_form" time="0.358" /><testcase classname="backend.tests.test_ticketing_config.TestTicketingConfigAPIs" name="test_update_custom_form" time="0.394" /><testcase classname="backend.tests.test_ticketing_config.TestTicketingConfigAPIs" name="test_delete_custom_form" time="0.314" /><testcase classname="backend.tests.test_ticketing_config.TestTicketingConfigAPIs" name="test_seed_sla_defaults_idempotent" time="0.363" /><testcase classname="backend.tests.test_ticketing_config.TestTicketingConfigAPIs" name="test_seed_departments_defaults_idempotent" time="0.283" /><testcase classname="backend.tests.test_ticketing_config.TestTicketingConfigAPIs" name="test_canned_response_with_variables" time="0.298" /><testcase classname="backend.tests.test_ticketing_config.TestTicketingConfigAPIs" name="test_sla_policy_with_priority_multipliers" time="0.341" /><testcase classname="backend.tests.test_ticketing_config.TestTicketingConfigAPIs" name="test_custom_form_with_complex_fields" time="0.373" /></testsuite></testsuites>