<?xml version="1.0" encoding="utf-8"?><testsuites name="pytest tests"><testsuite name="pytest" errors="0" failures="1" skipped="0" tests="28" time="11.119" timestamp="2026-02-25T15:46:39.867682+00:00" hostname="agent-env-23cb2a06-2573-4c6d-8733-05736273b9c0"><testcase classname="backend.tests.test_ticketing_v2_enhanced.TestEngineersEndpoint" name="test_list_engineers" time="0.921"><failure message="AttributeError: 'NoneType' object has no attribute 'get'">backend/tests/test_ticketing_v2_enhanced.py:58: in test_list_engineers
    print(f"  - {e.get('name')}: {e.get('open_tickets')} open tickets, last_ticket: {e.get('last_ticket', {}).get('ticket_number', 'None')}")
                                                                                     ^^^^^^^^^^^^^^^^^^^^^^^^^^^^
E   AttributeError: 'NoneType' object has no attribute 'get'</failure></testcase><testcase classname="backend.tests.test_ticketing_v2_enhanced.TestEngineerSchedule" name="test_get_engineer_schedule" time="0.306" /><testcase classname="backend.tests.test_ticketing_v2_enhanced.TestTechnicianDashboard" name="test_get_technician_dashboard" time="0.192" /><testcase classname="backend.tests.test_ticketing_v2_enhanced.TestTransitionWithRequiredInput" name="test_transition_requires_engineer_validation" time="0.586" /><testcase classname="backend.tests.test_ticketing_v2_enhanced.TestTransitionWithRequiredInput" name="test_transition_with_engineer_assignment" time="0.432" /><testcase classname="backend.tests.test_ticketing_v2_enhanced.TestScheduleVisitTransition" name="test_schedule_visit_transition" time="0.482" /><testcase classname="backend.tests.test_ticketing_v2_enhanced.TestDiagnosisTransition" name="test_diagnosis_validation" time="0.000" /><testcase classname="backend.tests.test_ticketing_v2_enhanced.TestFormsCRUD" name="test_create_form" time="0.283" /><testcase classname="backend.tests.test_ticketing_v2_enhanced.TestFormsCRUD" name="test_update_form" time="0.506" /><testcase classname="backend.tests.test_ticketing_v2_enhanced.TestFormsCRUD" name="test_delete_form" time="0.289" /><testcase classname="backend.tests.test_ticketing_v2_enhanced.TestWorkflowsCRUD" name="test_create_workflow" time="0.437" /><testcase classname="backend.tests.test_ticketing_v2_enhanced.TestWorkflowsCRUD" name="test_update_workflow" time="0.396" /><testcase classname="backend.tests.test_ticketing_v2_enhanced.TestWorkflowsCRUD" name="test_delete_workflow" time="0.326" /><testcase classname="backend.tests.test_ticketing_v2_enhanced.TestTeamsCRUD" name="test_create_team" time="0.308" /><testcase classname="backend.tests.test_ticketing_v2_enhanced.TestTeamsCRUD" name="test_update_team" time="0.390" /><testcase classname="backend.tests.test_ticketing_v2_enhanced.TestTeamsCRUD" name="test_delete_team" time="0.506" /><testcase classname="backend.tests.test_ticketing_v2_enhanced.TestRolesCRUD" name="test_create_role" time="0.379" /><testcase classname="backend.tests.test_ticketing_v2_enhanced.TestRolesCRUD" name="test_update_role" time="0.452" /><testcase classname="backend.tests.test_ticketing_v2_enhanced.TestRolesCRUD" name="test_delete_role" time="0.402" /><testcase classname="backend.tests.test_ticketing_v2_enhanced.TestSLAPoliciesCRUD" name="test_create_sla_policy" time="0.314" /><testcase classname="backend.tests.test_ticketing_v2_enhanced.TestSLAPoliciesCRUD" name="test_update_sla_policy" time="0.563" /><testcase classname="backend.tests.test_ticketing_v2_enhanced.TestSLAPoliciesCRUD" name="test_delete_sla_policy" time="0.260" /><testcase classname="backend.tests.test_ticketing_v2_enhanced.TestPrioritiesCRUD" name="test_create_priority" time="0.329" /><testcase classname="backend.tests.test_ticketing_v2_enhanced.TestPrioritiesCRUD" name="test_update_priority" time="0.497" /><testcase classname="backend.tests.test_ticketing_v2_enhanced.TestPrioritiesCRUD" name="test_delete_priority" time="0.393" /><testcase classname="backend.tests.test_ticketing_v2_enhanced.TestCannedResponsesCRUD" name="test_create_canned_response" time="0.297" /><testcase classname="backend.tests.test_ticketing_v2_enhanced.TestCannedResponsesCRUD" name="test_update_canned_response" time="0.437" /><testcase classname="backend.tests.test_ticketing_v2_enhanced.TestCannedResponsesCRUD" name="test_delete_canned_response" time="0.261" /></testsuite></testsuites>