<?xml version="1.0" encoding="utf-8"?><testsuites name="pytest tests"><testsuite name="pytest" errors="0" failures="0" skipped="0" tests="28" time="3.433" timestamp="2026-01-28T18:58:46.635339+00:00" hostname="agent-env-04c068d4-486c-48fa-be04-4a9a29395bb3"><testcase classname="backend.tests.test_ticketing_phase2_advanced.TestHelpTopics" name="test_list_help_topics" time="0.367" /><testcase classname="backend.tests.test_ticketing_phase2_advanced.TestHelpTopics" name="test_list_help_topics_include_inactive" time="0.044" /><testcase classname="backend.tests.test_ticketing_phase2_advanced.TestHelpTopics" name="test_create_help_topic" time="0.042" /><testcase classname="backend.tests.test_ticketing_phase2_advanced.TestHelpTopics" name="test_create_help_topic_with_auto_routing" time="0.118" /><testcase classname="backend.tests.test_ticketing_phase2_advanced.TestHelpTopics" name="test_get_help_topic_by_id" time="0.081" /><testcase classname="backend.tests.test_ticketing_phase2_advanced.TestHelpTopics" name="test_update_help_topic" time="0.075" /><testcase classname="backend.tests.test_ticketing_phase2_advanced.TestHelpTopics" name="test_delete_help_topic" time="0.161" /><testcase classname="backend.tests.test_ticketing_phase2_advanced.TestHelpTopics" name="test_public_help_topics" time="0.035" /><testcase classname="backend.tests.test_ticketing_phase2_advanced.TestCustomForms" name="test_list_custom_forms" time="0.295" /><testcase classname="backend.tests.test_ticketing_phase2_advanced.TestCustomForms" name="test_create_custom_form" time="0.035" /><testcase classname="backend.tests.test_ticketing_phase2_advanced.TestCustomForms" name="test_create_form_with_all_field_types" time="0.039" /><testcase classname="backend.tests.test_ticketing_phase2_advanced.TestCustomForms" name="test_get_custom_form_by_id" time="0.085" /><testcase classname="backend.tests.test_ticketing_phase2_advanced.TestCustomForms" name="test_update_custom_form" time="0.080" /><testcase classname="backend.tests.test_ticketing_phase2_advanced.TestCustomForms" name="test_delete_custom_form" time="0.119" /><testcase classname="backend.tests.test_ticketing_phase2_advanced.TestCustomForms" name="test_public_custom_form" time="0.071" /><testcase classname="backend.tests.test_ticketing_phase2_advanced.TestCannedResponses" name="test_list_canned_responses" time="0.297" /><testcase classname="backend.tests.test_ticketing_phase2_advanced.TestCannedResponses" name="test_create_canned_response" time="0.037" /><testcase classname="backend.tests.test_ticketing_phase2_advanced.TestCannedResponses" name="test_create_personal_canned_response" time="0.041" /><testcase classname="backend.tests.test_ticketing_phase2_advanced.TestCannedResponses" name="test_get_canned_response_by_id" time="0.076" /><testcase classname="backend.tests.test_ticketing_phase2_advanced.TestCannedResponses" name="test_update_canned_response" time="0.071" /><testcase classname="backend.tests.test_ticketing_phase2_advanced.TestCannedResponses" name="test_delete_canned_response" time="0.150" /><testcase classname="backend.tests.test_ticketing_phase2_advanced.TestCannedResponses" name="test_use_canned_response_variable_replacement" time="0.074" /><testcase classname="backend.tests.test_ticketing_phase2_advanced.TestTicketParticipants" name="test_list_ticket_participants" time="0.293" /><testcase classname="backend.tests.test_ticketing_phase2_advanced.TestTicketParticipants" name="test_add_ticket_participant" time="0.035" /><testcase classname="backend.tests.test_ticketing_phase2_advanced.TestTicketParticipants" name="test_add_duplicate_participant_fails" time="0.074" /><testcase classname="backend.tests.test_ticketing_phase2_advanced.TestTicketParticipants" name="test_remove_ticket_participant" time="0.152" /><testcase classname="backend.tests.test_ticketing_phase2_advanced.TestTicketParticipants" name="test_ticket_includes_participants" time="0.042" /><testcase classname="backend.tests.test_ticketing_phase2_advanced.TestHelpTopicIntegration" name="test_help_topic_linked_to_custom_form" time="0.331" /></testsuite></testsuites>