<?xml version="1.0" encoding="utf-8"?><testsuites name="pytest tests"><testsuite name="pytest" errors="0" failures="0" skipped="0" tests="17" time="4.355" timestamp="2026-02-25T15:18:06.567642+00:00" hostname="agent-env-23cb2a06-2573-4c6d-8733-05736273b9c0"><testcase classname="backend.tests.test_ticketing_v2.TestAuthentication" name="test_login_works" time="0.535" /><testcase classname="backend.tests.test_ticketing_v2.TestHelpTopics" name="test_list_help_topics" time="0.182" /><testcase classname="backend.tests.test_ticketing_v2.TestHelpTopics" name="test_get_single_help_topic" time="0.258" /><testcase classname="backend.tests.test_ticketing_v2.TestForms" name="test_list_forms" time="0.160" /><testcase classname="backend.tests.test_ticketing_v2.TestWorkflows" name="test_list_workflows" time="0.137" /><testcase classname="backend.tests.test_ticketing_v2.TestTeams" name="test_list_teams" time="0.154" /><testcase classname="backend.tests.test_ticketing_v2.TestRoles" name="test_list_roles" time="0.151" /><testcase classname="backend.tests.test_ticketing_v2.TestSLAPolicies" name="test_list_sla_policies" time="0.134" /><testcase classname="backend.tests.test_ticketing_v2.TestPriorities" name="test_list_priorities" time="0.134" /><testcase classname="backend.tests.test_ticketing_v2.TestCannedResponses" name="test_list_canned_responses" time="0.205" /><testcase classname="backend.tests.test_ticketing_v2.TestTickets" name="test_list_tickets" time="0.110" /><testcase classname="backend.tests.test_ticketing_v2.TestTickets" name="test_create_ticket" time="0.374" /><testcase classname="backend.tests.test_ticketing_v2.TestTickets" name="test_get_ticket_detail" time="0.328" /><testcase classname="backend.tests.test_ticketing_v2.TestTicketComments" name="test_add_comment" time="0.461" /><testcase classname="backend.tests.test_ticketing_v2.TestTicketComments" name="test_add_internal_comment" time="0.135" /><testcase classname="backend.tests.test_ticketing_v2.TestTicketTransitions" name="test_transition_ticket" time="0.547" /><testcase classname="backend.tests.test_ticketing_v2.TestTicketStats" name="test_get_stats" time="0.263" /></testsuite></testsuites>