<?xml version="1.0" encoding="utf-8"?><testsuites name="pytest tests"><testsuite name="pytest" errors="1" failures="0" skipped="0" tests="9" time="4.646" timestamp="2026-03-04T06:32:50.677973+00:00" hostname="agent-env-0ca69bc2-fe4c-4060-a49c-6317aa100cec"><testcase classname="backend.tests.test_warranty_workflows.TestWarrantyWorkflows" name="test_workflows_endpoint_returns_3_new_workflows" time="0.668" /><testcase classname="backend.tests.test_warranty_workflows.TestWarrantyWorkflows" name="test_oem_warranty_workflow_stages" time="0.485" /><testcase classname="backend.tests.test_warranty_workflows.TestWarrantyWorkflows" name="test_amc_workflow_stages" time="0.492" /><testcase classname="backend.tests.test_warranty_workflows.TestWarrantyWorkflows" name="test_non_warranty_workflow_stages" time="0.451" /><testcase classname="backend.tests.test_warranty_workflows.TestHelpTopics" name="test_help_topics_returns_warranty_topics" time="0.438" /><testcase classname="backend.tests.test_warranty_workflows.TestDeviceWarrantyCheck" name="test_device_warranty_check_endpoint_exists" time="0.557" /><testcase classname="backend.tests.test_warranty_workflows.TestDeviceWarrantyCheck" name="test_device_warranty_check_response_structure" time="0.555" /><testcase classname="backend.tests.test_warranty_workflows.TestTicketCreationWithWarranty" name="test_ticket_creation_auto_detects_warranty" time="0.145"><error message="failed on setup with &quot;assert 429 == 200&#10; +  where 429 = &lt;Response [429]&gt;.status_code&quot;">backend/tests/test_warranty_workflows.py:248: in setup
    assert response.status_code == 200
E   assert 429 == 200
E    +  where 429 = &lt;Response [429]&gt;.status_code</error></testcase><testcase classname="backend.tests.test_warranty_workflows.TestOEMTrackingFields" name="test_ticket_update_accepts_oem_tracking_fields" time="0.705" /></testsuite></testsuites>