<?xml version="1.0" encoding="utf-8"?><testsuites name="pytest tests"><testsuite name="pytest" errors="0" failures="0" skipped="0" tests="16" time="3.451" timestamp="2026-02-26T07:51:39.385498+00:00" hostname="agent-env-e2009867-c02b-4314-8075-83f3ae6d74e0"><testcase classname="tests.test_workforce_engineer_portal.TestWorkforceOverviewBackend" name="test_workforce_overview_returns_data" time="0.484" /><testcase classname="tests.test_workforce_engineer_portal.TestWorkforceOverviewBackend" name="test_workforce_overview_technician_data_structure" time="0.129" /><testcase classname="tests.test_workforce_engineer_portal.TestWorkforceOverviewBackend" name="test_workforce_overview_has_escalation_threshold" time="0.135" /><testcase classname="tests.test_workforce_engineer_portal.TestEngineerPortalBackend" name="test_engineer_dashboard_requires_auth" time="0.108" /><testcase classname="tests.test_workforce_engineer_portal.TestEngineerPortalBackend" name="test_engineer_assignment_pending_requires_auth" time="0.110" /><testcase classname="tests.test_workforce_engineer_portal.TestEngineerPortalBackend" name="test_engineer_assignment_accept_requires_auth" time="0.111" /><testcase classname="tests.test_workforce_engineer_portal.TestEngineerPortalBackend" name="test_engineer_assignment_decline_requires_auth" time="0.101" /><testcase classname="tests.test_workforce_engineer_portal.TestEngineerPortalBackend" name="test_engineer_assignment_reschedule_requires_auth" time="0.098" /><testcase classname="tests.test_workforce_engineer_portal.TestAdminReassignmentAPIs" name="test_suggest_reassignment_endpoint_exists" time="0.217" /><testcase classname="tests.test_workforce_engineer_portal.TestAdminReassignmentAPIs" name="test_reassign_ticket_endpoint_exists" time="0.285" /><testcase classname="tests.test_workforce_engineer_portal.TestAdminReassignmentAPIs" name="test_sla_stats_endpoint" time="0.113" /><testcase classname="tests.test_workforce_engineer_portal.TestAdminReassignmentAPIs" name="test_check_escalations_endpoint" time="0.105" /><testcase classname="tests.test_workforce_engineer_portal.TestNotificationAPIs" name="test_get_notifications" time="0.099" /><testcase classname="tests.test_workforce_engineer_portal.TestNotificationAPIs" name="test_get_notifications_unread_only" time="0.102" /><testcase classname="tests.test_workforce_engineer_portal.TestNotificationAPIs" name="test_mark_all_read" time="0.126" /><testcase classname="tests.test_workforce_engineer_portal.TestEngineerPortalWithCredentials" name="test_full_engineer_portal_flow" time="1.073" /></testsuite></testsuites>